WARNING:EDK:3605 - Use of the repository located at
   F:\xilinx\embeded_development_kit\14.7\ISE_DS\edk_user_repository\ 
   (equivalent of $XILINX_EDK/../edk_user_repository) is now deprecated. 
   It is recommended that you use Global SearchPath preference to specify search
   paths that apply to all the projects.

Checking platform configuration ...
IPNAME: plb_v46, INSTANCE: mb_plb - 2 master(s) : 2 slave(s) 
IPNAME: lmb_v10, INSTANCE: ilmb - 1 master(s) : 1 slave(s) 
IPNAME: lmb_v10, INSTANCE: dlmb - 1 master(s) : 1 slave(s) 

Checking port drivers...
WARNING:EDK:4181 - PORT: Peripheral_Reset, CONNECTOR: sys_periph_reset -
   floating connection - D:\fpga_project\cpu\19\system.mhs line 121 

Performing Clock DRCs...

Performing Reset DRCs...

Overriding system level properties...
INFO:EDK:4130 - IPNAME: microblaze, INSTANCE:microblaze_0 - tcl is overriding
   PARAMETER C_D_PLB value to 1 -
   F:\xilinx\embeded_development_kit\14.7\ISE_DS\EDK\hw\XilinxProcessorIPLib\pco
   res\microblaze_v8_50_c\data\microblaze_v2_1_0.mpd line 233 
INFO:EDK:4130 - IPNAME: microblaze, INSTANCE:microblaze_0 - tcl is overriding
   PARAMETER C_I_PLB value to 1 -
   F:\xilinx\embeded_development_kit\14.7\ISE_DS\EDK\hw\XilinxProcessorIPLib\pco
   res\microblaze_v8_50_c\data\microblaze_v2_1_0.mpd line 236 
INFO:EDK:4130 - IPNAME: microblaze, INSTANCE:microblaze_0 - tcl is overriding
   PARAMETER C_ADDR_TAG_BITS value to 0 -
   F:\xilinx\embeded_development_kit\14.7\ISE_DS\EDK\hw\XilinxProcessorIPLib\pco
   res\microblaze_v8_50_c\data\microblaze_v2_1_0.mpd line 337 
INFO:EDK:4130 - IPNAME: microblaze, INSTANCE:microblaze_0 - tcl is overriding
   PARAMETER C_DCACHE_ADDR_TAG value to 0 -
   F:\xilinx\embeded_development_kit\14.7\ISE_DS\EDK\hw\XilinxProcessorIPLib\pco
   res\microblaze_v8_50_c\data\microblaze_v2_1_0.mpd line 367 
INFO:EDK:4130 - IPNAME: microblaze, INSTANCE:microblaze_0 - tcl is overriding
   PARAMETER C_USE_EXT_BRK value to 1 -
   F:\xilinx\embeded_development_kit\14.7\ISE_DS\EDK\hw\XilinxProcessorIPLib\pco
   res\microblaze_v8_50_c\data\microblaze_v2_1_0.mpd line 402 
INFO:EDK:4130 - IPNAME: microblaze, INSTANCE:microblaze_0 - tcl is overriding
   PARAMETER C_USE_EXT_NM_BRK value to 1 -
   F:\xilinx\embeded_development_kit\14.7\ISE_DS\EDK\hw\XilinxProcessorIPLib\pco
   res\microblaze_v8_50_c\data\microblaze_v2_1_0.mpd line 403 
INFO:EDK:4130 - IPNAME: lmb_bram_if_cntlr, INSTANCE:dlmb_cntlr - tcl is
   overriding PARAMETER C_MASK value to 0x04000000 -
   F:\xilinx\embeded_development_kit\14.7\ISE_DS\EDK\hw\XilinxProcessorIPLib\pco
   res\lmb_bram_if_cntlr_v3_10_c\data\lmb_bram_if_cntlr_v2_1_0.mpd line 92 
INFO:EDK:4130 - IPNAME: lmb_bram_if_cntlr, INSTANCE:ilmb_cntlr - tcl is
   overriding PARAMETER C_MASK value to 0x04000000 -
   F:\xilinx\embeded_development_kit\14.7\ISE_DS\EDK\hw\XilinxProcessorIPLib\pco
   res\lmb_bram_if_cntlr_v3_10_c\data\lmb_bram_if_cntlr_v2_1_0.mpd line 92 

Running system level update procedures...

Running UPDATE Tcl procedures for OPTION SYSLEVEL_UPDATE_PROC...

Running system level DRCs...

Performing System level DRCs on properties...

Running DRC Tcl procedures for OPTION SYSLEVEL_DRC_PROC...
Conversion to XML complete.
