INFO:sim:172 - Generating IP...
Applying current project options...
Finished applying current project options.
WARNING:sim - Verilog simulation file type 'Behavioral' is not valid for this
   core. Overriding with simulation file type 'Structural'.
WARNING:sim - A core named 'microblaze_mcs_v1_4' already exists in the project.
   Output products for this core may be overwritten.
Resolving generics for 'microblaze_mcs_v1_4'...
WARNING:sim - Verilog simulation file type 'Behavioral' is not valid for this
   core. Overriding with simulation file type 'Structural'.
WARNING:sim - A core named 'microblaze_mcs_v1_4' already exists in the project.
   Output products for this core may be overwritten.
Applying external generics to 'microblaze_mcs_v1_4'...
Delivering associated files for 'microblaze_mcs_v1_4'...
Generating implementation netlist for 'microblaze_mcs_v1_4'...
INFO:sim - Pre-processing HDL files for 'microblaze_mcs_v1_4'...
Running synthesis for 'microblaze_mcs_v1_4'
Running ngcbuild...
Delivered 3 files into directory
D:/fpga_project/cpu_ise/cpu_wi/core_2/core_2/real_micro_blaze_1/tmp/_cg/microbla
ze_mcs_v1_4
INFO:sim - Running microblaze_mcs_gen_script.tcl
INFO:sim - Please source the "microblaze_mcs_setup.tcl" script in the Tcl
   Console to complete MicroBlaze MCS core generation
Writing VEO instantiation template for 'microblaze_mcs_v1_4'...
WARNING:sim - Verilog simulation file type 'Behavioral' is not valid for this
   core. Overriding with simulation file type 'Structural'.
Writing Verilog structural simulation model for 'microblaze_mcs_v1_4'...
WARNING:sim - Verilog simulation file type 'Behavioral' is not valid for this
   core. Overriding with simulation file type 'Structural'.
INFO:sim - Running microblaze_mcs_sim_script.tcl
INFO:sim - C_MICROBLAZE_INSTANCE = microblaze_mcs_v1_4
INFO:sim - Netlist filename = ./_cg/microblaze_mcs_v1_4.v
INFO:sim - Setting INIT_FILE = "microblaze_mcs_v1_4.lmb_bram_0.mem" for BRAM 0
INFO:sim - Setting INIT_FILE = "microblaze_mcs_v1_4.lmb_bram_1.mem" for BRAM 1
INFO:sim - Setting INIT_FILE = "microblaze_mcs_v1_4.lmb_bram_2.mem" for BRAM 2
INFO:sim - Setting INIT_FILE = "microblaze_mcs_v1_4.lmb_bram_3.mem" for BRAM 3
Generating ASY schematic symbol...
INFO:sim:949 - Finished generation of ASY schematic symbol.
Generating SYM schematic symbol for 'microblaze_mcs_v1_4'...
Regenerating ISE project file for 'microblaze_mcs_v1_4'...
Generating README file...
Generating FLIST file...
INFO:sim:948 - Finished FLIST file generation.
Launching README viewer...
Moving files to output directory...
Finished moving files to output directory
Wrote CGP file for project 'microblaze_mcs_v1_4'.
