
----------------------------------------------------------------------------
--                            Design Analysis                             --
----------------------------------------------------------------------------
Analyze pcore my_u ...


----------------------------------------------------------------------------
--                            Design Analysis                             --
----------------------------------------------------------------------------
Analyze pcore my_u ...


----------------------------------------------------------------------------
--                            File Generation                             --
----------------------------------------------------------------------------
Creating HDL source directory ...
Generating top peripheral VHDL template ...
Generating stub user logic Verilog template ...
HDL templates successfully generated ...
Creating data directory ...
Generating XPS inteface files ...
WARNING:HDLParsers:3497 - Ignoring Verilog File
   "D:/fpga_project/cpu/4/pcores/my_u_v1_00_a/data/../hdl/verilog/user_logic.v"
Compiling vhdl file
"F:/xilinx/embeded_development_kit/14.7/ISE_DS/EDK/hw/XilinxProcessorIPLib/pcore
s/proc_common_v3_00_a/hdl/vhdl/family_support.vhd" in Library
proc_common_v3_00_a.
Package <family_support> compiled.
Package body <family_support> compiled.
Compiling vhdl file
"F:/xilinx/embeded_development_kit/14.7/ISE_DS/EDK/hw/XilinxProcessorIPLib/pcore
s/proc_common_v3_00_a/hdl/vhdl/or_muxcy.vhd" in Library proc_common_v3_00_a.
Entity <or_muxcy> compiled.
Entity <or_muxcy> (Architecture <implementation>) compiled.
Compiling vhdl file
"F:/xilinx/embeded_development_kit/14.7/ISE_DS/EDK/hw/XilinxProcessorIPLib/pcore
s/proc_common_v3_00_a/hdl/vhdl/proc_common_pkg.vhd" in Library
proc_common_v3_00_a.
Package <proc_common_pkg> compiled.
Package body <proc_common_pkg> compiled.
Compiling vhdl file
"F:/xilinx/embeded_development_kit/14.7/ISE_DS/EDK/hw/XilinxProcessorIPLib/pcore
s/proc_common_v3_00_a/hdl/vhdl/ipif_pkg.vhd" in Library proc_common_v3_00_a.
Package <ipif_pkg> compiled.
Package body <ipif_pkg> compiled.
Compiling vhdl file
"F:/xilinx/embeded_development_kit/14.7/ISE_DS/EDK/hw/XilinxProcessorIPLib/pcore
s/proc_common_v3_00_a/hdl/vhdl/or_gate128.vhd" in Library proc_common_v3_00_a.
Entity <or_gate128> compiled.
Entity <or_gate128> (Architecture <imp>) compiled.
Compiling vhdl file
"F:/xilinx/embeded_development_kit/14.7/ISE_DS/EDK/hw/XilinxProcessorIPLib/pcore
s/proc_common_v3_00_a/hdl/vhdl/pselect_f.vhd" in Library proc_common_v3_00_a.
Entity <pselect_f> compiled.
Entity <pselect_f> (Architecture <imp>) compiled.
Compiling vhdl file
"F:/xilinx/embeded_development_kit/14.7/ISE_DS/EDK/hw/XilinxProcessorIPLib/pcore
s/proc_common_v3_00_a/hdl/vhdl/counter_f.vhd" in Library proc_common_v3_00_a.
Entity <counter_f> compiled.
Entity <counter_f> (Architecture <imp>) compiled.
Compiling vhdl file
"F:/xilinx/embeded_development_kit/14.7/ISE_DS/EDK/hw/XilinxProcessorIPLib/pcore
s/plbv46_slave_burst_v1_01_a/hdl/vhdl/flex_addr_cntr.vhd" in Library
plbv46_slave_burst_v1_01_a.
Entity <flex_addr_cntr> compiled.
Entity <flex_addr_cntr> (Architecture <implementation>) compiled.
Compiling vhdl file
"F:/xilinx/embeded_development_kit/14.7/ISE_DS/EDK/hw/XilinxProcessorIPLib/pcore
s/plbv46_slave_burst_v1_01_a/hdl/vhdl/be_reset_gen.vhd" in Library
plbv46_slave_burst_v1_01_a.
Entity <be_reset_gen> compiled.
Entity <be_reset_gen> (Architecture <implementation>) compiled.
Compiling vhdl file
"F:/xilinx/embeded_development_kit/14.7/ISE_DS/EDK/hw/XilinxProcessorIPLib/pcore
s/plbv46_slave_burst_v1_01_a/hdl/vhdl/plb_address_decoder.vhd" in Library
plbv46_slave_burst_v1_01_a.
Entity <plb_address_decoder> compiled.
Entity <plb_address_decoder> (Architecture <IMP>) compiled.
Compiling vhdl file
"F:/xilinx/embeded_development_kit/14.7/ISE_DS/EDK/hw/XilinxProcessorIPLib/pcore
s/plbv46_slave_burst_v1_01_a/hdl/vhdl/wr_buffer.vhd" in Library
plbv46_slave_burst_v1_01_a.
Entity <wr_buffer> compiled.
Entity <wr_buffer> (Architecture <imp>) compiled.
Compiling vhdl file
"F:/xilinx/embeded_development_kit/14.7/ISE_DS/EDK/hw/XilinxProcessorIPLib/pcore
s/plbv46_slave_burst_v1_01_a/hdl/vhdl/burst_support.vhd" in Library
plbv46_slave_burst_v1_01_a.
Entity <burst_support> compiled.
Entity <burst_support> (Architecture <implementation>) compiled.
Compiling vhdl file
"F:/xilinx/embeded_development_kit/14.7/ISE_DS/EDK/hw/XilinxProcessorIPLib/pcore
s/plbv46_slave_burst_v1_01_a/hdl/vhdl/addr_reg_cntr_brst_flex.vhd" in Library
plbv46_slave_burst_v1_01_a.
Entity <addr_reg_cntr_brst_flex> compiled.
Entity <addr_reg_cntr_brst_flex> (Architecture <implementation>) compiled.
Compiling vhdl file
"F:/xilinx/embeded_development_kit/14.7/ISE_DS/EDK/hw/XilinxProcessorIPLib/pcore
s/plbv46_slave_burst_v1_01_a/hdl/vhdl/plb_slave_attachment.vhd" in Library
plbv46_slave_burst_v1_01_a.
Entity <plb_slave_attachment> compiled.
Entity <plb_slave_attachment> (Architecture <implementation>) compiled.
Compiling vhdl file
"F:/xilinx/embeded_development_kit/14.7/ISE_DS/EDK/hw/XilinxProcessorIPLib/pcore
s/plbv46_slave_burst_v1_01_a/hdl/vhdl/data_mirror_128.vhd" in Library
plbv46_slave_burst_v1_01_a.
Entity <data_mirror_128> compiled.
Entity <data_mirror_128> (Architecture <implementation>) compiled.
Compiling vhdl file
"F:/xilinx/embeded_development_kit/14.7/ISE_DS/EDK/hw/XilinxProcessorIPLib/pcore
s/plbv46_slave_burst_v1_01_a/hdl/vhdl/plbv46_slave_burst.vhd" in Library
plbv46_slave_burst_v1_01_a.
Entity <plbv46_slave_burst> compiled.
Entity <plbv46_slave_burst> (Architecture <implementation>) compiled.
Compiling vhdl file
"D:/fpga_project/cpu/4/pcores/my_u_v1_00_a/data/../hdl/vhdl/my_u.vhd" in Library
my_u_v1_00_a.
Entity <my_u> compiled.
Entity <my_u> (Architecture <IMP>) compiled.


Analyzing HDL attributes ...
Entity name = my_u
INFO:EDK:1607 - IPTYPE set to value : PERIPHERAL
INFO:EDK:1511 - IMP_NETLIST set to value : TRUE
INFO:EDK:1486 - HDL set to value : VHDL
WARNING:EDK:3588 - Unable to delete temporary XST project file
   D:\fpga_project\cpu\4\pcores\my_u_v1_00_a\data\_my_u_xst.prj : 13
XPS interface files successfully generated ...
Creating development directory ...
Generating command option file ...
Generating readme file ...
Development misc files successfully generated ...
Creating projnav directory ...
Generating ProjNav support files ...
ProjNav support files successfully generated ...
Creating synthesis directory ...
Generating XST synthesis support files ...
XST synthesis support files successfully generated ...
No BFM simulation files will be generated at this time ...
Creating software driver data directory ...
Generating software driver XPS interface (mdd/tcl) files ...
Software driver data definition file (.mdd) successfully generated ...
Software driver data generation file (.tcl) successfully generated ...
Creating software driver src directory ...
Generating software driver template files ...
Software driver compile file (Makefile) successfully generated ...
output user slave register(s) offset to software driver header ...
Software driver header file (.h) successfully generated ...
Software driver source file (.c) successfully generated ...
Software driver SelfTest file (.c) successfully generated ...
Software driver template files successfully generated ...

----------------------------------------------------------------------------
--                              Final Report                              --
----------------------------------------------------------------------------
Thank you for using Create and Import Peripheral Wizard! Please find your
peripheral hardware templates under D:\fpga_project\cpu\4/pcores/my_u_v1_00_a
and peripheral software templates under
D:\fpga_project\cpu\4/drivers/my_u_v1_00_a respectively.

Peripheral Summary:

  top name       : my_u
  version        : 1.00.a
  type           : PLB (v4.6) slave
  features       : slave attachment
                   user s/w registers

Address Block Summary:

  user logic slv : C_BASEADDR + 0x00000000
                 : C_BASEADDR + 0x000000FF

File Summary

  - HDL source -
  D:\fpga_project\cpu\4/pcores/my_u_v1_00_a/hdl
  top entity     : vhdl/my_u.vhd
  user logic     : verilog/user_logic.v

  - XPS interface -
  D:\fpga_project\cpu\4/pcores/my_u_v1_00_a/data
  mpd            : my_u_v2_1_0.mpd
  pao            : my_u_v2_1_0.pao

  - ISE project -
  D:\fpga_project\cpu\4/pcores/my_u_v1_00_a/devl/projnav
  ise project    : my_u.xise
  tcl script     : my_u.tcl


  - XST synthesis -
  D:\fpga_project\cpu\4/pcores/my_u_v1_00_a/devl/synthesis
  xst script     : my_u_xst.scr
  xst project    : my_u_xst.prj

  - Misc file -
  D:\fpga_project\cpu\4/pcores/my_u_v1_00_a/devl
  help           : README.txt
  option         : ipwiz.opt
  log            : ipwiz.log

  - Driver source -
  D:\fpga_project\cpu\4/drivers/my_u_v1_00_a/src
  makefile       : Makefile
  header         : my_u.h
  source         : my_u.c
  selftest       : my_u_selftest.c

  - Driver interface -
  D:\fpga_project\cpu\4/drivers/my_u_v1_00_a/data
  mdd            : my_u_v2_1_0.mdd
  tcl            : my_u_v2_1_0.tcl


