Command line:
   pwm_isim_beh.exe
     -simmode  gui
     -simrunnum  0
     -socket  50679

Mon Jul 09 03:43:00 2018


 Elaboration Time: 0.1875 sec

 Current Memory Usage: 1661.53 Meg

 Total Signals          : 16
 Total Nets             : 57
 Total Signal Drivers   : 6
 Total Blocks           : 2
 Total Primitive Blocks : 2
 Total Processes        : 9
 Total Traceable Variables  : 22
 Total Scalar Nets and Variables : 212
Signal was not forced.
 Total Simulation Time: 0.421875 sec

 Current Memory Usage: 1189.63 Meg

Mon Jul 09 03:44:58 2018

