
bitinit version Xilinx EDK 14.7 Build EDK_P.20131013
Copyright (c) Xilinx Inc. 2002.

Parsing MHS File system.mhs...
WARNING:EDK:3605 - Use of the repository located at
   F:\xilinx\embeded_development_kit\14.7\ISE_DS\edk_user_repository\ 
   (equivalent of $XILINX_EDK/../edk_user_repository) is now deprecated. 
   It is recommended that you use Global SearchPath preference to specify search
   paths that apply to all the projects.

Overriding IP level properties ...

Computing clock values...
INFO:EDK:740 - Cannot determine the input clock associated with port :
   ilmb_cntlr:BRAM_Clk_A. Clock DRCs will not be performed on this core and
   cores connected to it. 
INFO:EDK:740 - Cannot determine the input clock associated with port :
   dlmb_cntlr:BRAM_Clk_A. Clock DRCs will not be performed on this core and
   cores connected to it. 

Performing IP level DRCs on properties...

Running DRC Tcl procedures for OPTION IPLEVEL_DRC_PROC...
Address Map for Processor microblaze_0
  (0000000000-0x00003fff) dlmb_cntlr	dlmb
  (0000000000-0x00003fff) ilmb_cntlr	ilmb
  (0x84400000-0x8440ffff) mdm_0	mb_plb
  (0xce200000-0xce20ffff) usart_0	mb_plb
INFO:EDK:4130 - IPNAME: plb_v46, INSTANCE:mb_plb - tool is overriding PARAMETER
   C_PLBV46_NUM_MASTERS value to 2 -
   F:\xilinx\embeded_development_kit\14.7\ISE_DS\EDK\hw\XilinxProcessorIPLib\pco
   res\plb_v46_v1_05_a\data\plb_v46_v2_1_0.mpd line 79 
INFO:EDK:4130 - IPNAME: plb_v46, INSTANCE:mb_plb - tool is overriding PARAMETER
   C_PLBV46_NUM_SLAVES value to 2 -
   F:\xilinx\embeded_development_kit\14.7\ISE_DS\EDK\hw\XilinxProcessorIPLib\pco
   res\plb_v46_v1_05_a\data\plb_v46_v2_1_0.mpd line 80 
INFO:EDK:4130 - IPNAME: plb_v46, INSTANCE:mb_plb - tool is overriding PARAMETER
   C_PLBV46_MID_WIDTH value to 1 -
   F:\xilinx\embeded_development_kit\14.7\ISE_DS\EDK\hw\XilinxProcessorIPLib\pco
   res\plb_v46_v1_05_a\data\plb_v46_v2_1_0.mpd line 81 
INFO:EDK:4130 - IPNAME: plb_v46, INSTANCE:mb_plb - tool is overriding PARAMETER
   C_PLBV46_DWIDTH value to 32 -
   F:\xilinx\embeded_development_kit\14.7\ISE_DS\EDK\hw\XilinxProcessorIPLib\pco
   res\plb_v46_v1_05_a\data\plb_v46_v2_1_0.mpd line 83 
INFO:EDK:4130 - IPNAME: lmb_v10, INSTANCE:ilmb - tool is overriding PARAMETER
   C_LMB_NUM_SLAVES value to 1 -
   F:\xilinx\embeded_development_kit\14.7\ISE_DS\EDK\hw\XilinxProcessorIPLib\pco
   res\lmb_v10_v2_00_b\data\lmb_v10_v2_1_0.mpd line 82 
INFO:EDK:4130 - IPNAME: lmb_v10, INSTANCE:dlmb - tool is overriding PARAMETER
   C_LMB_NUM_SLAVES value to 1 -
   F:\xilinx\embeded_development_kit\14.7\ISE_DS\EDK\hw\XilinxProcessorIPLib\pco
   res\lmb_v10_v2_00_b\data\lmb_v10_v2_1_0.mpd line 82 
INFO:EDK:4130 - IPNAME: bram_block, INSTANCE:lmb_bram - tool is overriding
   PARAMETER C_MEMSIZE value to 0x4000 -
   F:\xilinx\embeded_development_kit\14.7\ISE_DS\EDK\hw\XilinxProcessorIPLib\pco
   res\bram_block_v1_00_a\data\bram_block_v2_1_0.mpd line 78 
INFO:EDK:4130 - IPNAME: mdm, INSTANCE:mdm_0 - tool is overriding PARAMETER
   C_SPLB_MID_WIDTH value to 1 -
   F:\xilinx\embeded_development_kit\14.7\ISE_DS\EDK\hw\XilinxProcessorIPLib\pco
   res\mdm_v2_10_a\data\mdm_v2_1_0.mpd line 118 
INFO:EDK:4130 - IPNAME: mdm, INSTANCE:mdm_0 - tool is overriding PARAMETER
   C_SPLB_NUM_MASTERS value to 2 -
   F:\xilinx\embeded_development_kit\14.7\ISE_DS\EDK\hw\XilinxProcessorIPLib\pco
   res\mdm_v2_10_a\data\mdm_v2_1_0.mpd line 119 
INFO:EDK:4130 - IPNAME: usart, INSTANCE:usart_0 - tool is overriding PARAMETER
   C_SPLB_DWIDTH value to 32 -
   D:\fpga_project\cpu\21\pcores\usart_v1_00_a\data\usart_v2_1_0.mpd line 25 
INFO:EDK:4130 - IPNAME: usart, INSTANCE:usart_0 - tool is overriding PARAMETER
   C_SPLB_NUM_MASTERS value to 2 -
   D:\fpga_project\cpu\21\pcores\usart_v1_00_a\data\usart_v2_1_0.mpd line 26 
INFO:EDK:4130 - IPNAME: usart, INSTANCE:usart_0 - tool is overriding PARAMETER
   C_SPLB_MID_WIDTH value to 1 -
   D:\fpga_project\cpu\21\pcores\usart_v1_00_a\data\usart_v2_1_0.mpd line 27 

Checking platform address map ...

Initializing Memory...
Running Data2Mem with the following command:
data2mem -bm "implementation/system_bd" -p xc6slx4tqg144-3 -bt
"implementation/system.bit"  -bd "bootloops/microblaze_0.elf" tag microblaze_0 
-o b implementation/download.bit 
Memory Initialization completed successfully.

