Release 14.7 - platgen Xilinx EDK 14.7 Build EDK_P.20131013
 (nt64)
Copyright (c) 1995-2013 Xilinx, Inc.  All rights reserved.

Command Line: platgen -p xc6slx9tqg144-3 -lang vhdl -intstyle default -msg
__xps/ise/xmsgprops.lst system.mhs 

Parse D:/fpga_project/cpu/23/system.mhs ...

Read MPD definitions ...
WARNING:EDK:3605 - Use of the repository located at
   F:\xilinx\embeded_development_kit\14.7\ISE_DS\edk_user_repository\ 
   (equivalent of $XILINX_EDK/../edk_user_repository) is now deprecated. 
   It is recommended that you use Global SearchPath preference to specify search
   paths that apply to all the projects.

Overriding IP level properties ...

Computing clock values...
INFO:EDK:740 - Cannot determine the input clock associated with port :
   ilmb_cntlr:BRAM_Clk_A. Clock DRCs will not be performed on this core and
   cores connected to it. 
INFO:EDK:740 - Cannot determine the input clock associated with port :
   dlmb_cntlr:BRAM_Clk_A. Clock DRCs will not be performed on this core and
   cores connected to it. 

Performing IP level DRCs on properties...

Running DRC Tcl procedures for OPTION IPLEVEL_DRC_PROC...
Address Map for Processor microblaze_0
  (0000000000-0x0000ffff) dlmb_cntlr	dlmb
  (0000000000-0x0000ffff) ilmb_cntlr	ilmb
  (0x84400000-0x8440ffff) mdm_0	mb_plb
  (0xc3400000-0xc340ffff) led_k_0	mb_plb
  (0xce200000-0xce20ffff) usart_0	mb_plb
INFO:EDK:4130 - IPNAME: plb_v46, INSTANCE:mb_plb - tool is overriding PARAMETER
   C_PLBV46_NUM_MASTERS value to 2 -
   F:\xilinx\embeded_development_kit\14.7\ISE_DS\EDK\hw\XilinxProcessorIPLib\pco
   res\plb_v46_v1_05_a\data\plb_v46_v2_1_0.mpd line 79 
INFO:EDK:4130 - IPNAME: plb_v46, INSTANCE:mb_plb - tool is overriding PARAMETER
   C_PLBV46_NUM_SLAVES value to 3 -
   F:\xilinx\embeded_development_kit\14.7\ISE_DS\EDK\hw\XilinxProcessorIPLib\pco
   res\plb_v46_v1_05_a\data\plb_v46_v2_1_0.mpd line 80 
INFO:EDK:4130 - IPNAME: plb_v46, INSTANCE:mb_plb - tool is overriding PARAMETER
   C_PLBV46_MID_WIDTH value to 1 -
   F:\xilinx\embeded_development_kit\14.7\ISE_DS\EDK\hw\XilinxProcessorIPLib\pco
   res\plb_v46_v1_05_a\data\plb_v46_v2_1_0.mpd line 81 
INFO:EDK:4130 - IPNAME: plb_v46, INSTANCE:mb_plb - tool is overriding PARAMETER
   C_PLBV46_DWIDTH value to 32 -
   F:\xilinx\embeded_development_kit\14.7\ISE_DS\EDK\hw\XilinxProcessorIPLib\pco
   res\plb_v46_v1_05_a\data\plb_v46_v2_1_0.mpd line 83 
INFO:EDK:4130 - IPNAME: lmb_v10, INSTANCE:ilmb - tool is overriding PARAMETER
   C_LMB_NUM_SLAVES value to 1 -
   F:\xilinx\embeded_development_kit\14.7\ISE_DS\EDK\hw\XilinxProcessorIPLib\pco
   res\lmb_v10_v2_00_b\data\lmb_v10_v2_1_0.mpd line 82 
INFO:EDK:4130 - IPNAME: lmb_v10, INSTANCE:dlmb - tool is overriding PARAMETER
   C_LMB_NUM_SLAVES value to 1 -
   F:\xilinx\embeded_development_kit\14.7\ISE_DS\EDK\hw\XilinxProcessorIPLib\pco
   res\lmb_v10_v2_00_b\data\lmb_v10_v2_1_0.mpd line 82 
INFO:EDK:4130 - IPNAME: bram_block, INSTANCE:lmb_bram - tool is overriding
   PARAMETER C_MEMSIZE value to 0x10000 -
   F:\xilinx\embeded_development_kit\14.7\ISE_DS\EDK\hw\XilinxProcessorIPLib\pco
   res\bram_block_v1_00_a\data\bram_block_v2_1_0.mpd line 78 
INFO:EDK:4130 - IPNAME: mdm, INSTANCE:mdm_0 - tool is overriding PARAMETER
   C_SPLB_MID_WIDTH value to 1 -
   F:\xilinx\embeded_development_kit\14.7\ISE_DS\EDK\hw\XilinxProcessorIPLib\pco
   res\mdm_v2_10_a\data\mdm_v2_1_0.mpd line 118 
INFO:EDK:4130 - IPNAME: mdm, INSTANCE:mdm_0 - tool is overriding PARAMETER
   C_SPLB_NUM_MASTERS value to 2 -
   F:\xilinx\embeded_development_kit\14.7\ISE_DS\EDK\hw\XilinxProcessorIPLib\pco
   res\mdm_v2_10_a\data\mdm_v2_1_0.mpd line 119 
INFO:EDK:4130 - IPNAME: led_k, INSTANCE:led_k_0 - tool is overriding PARAMETER
   C_SPLB_DWIDTH value to 32 -
   D:\fpga_project\cpu\23\pcores\led_k_v2_00_a\data\led_k_v2_1_0.mpd line 25 
INFO:EDK:4130 - IPNAME: led_k, INSTANCE:led_k_0 - tool is overriding PARAMETER
   C_SPLB_NUM_MASTERS value to 2 -
   D:\fpga_project\cpu\23\pcores\led_k_v2_00_a\data\led_k_v2_1_0.mpd line 26 
INFO:EDK:4130 - IPNAME: led_k, INSTANCE:led_k_0 - tool is overriding PARAMETER
   C_SPLB_MID_WIDTH value to 1 -
   D:\fpga_project\cpu\23\pcores\led_k_v2_00_a\data\led_k_v2_1_0.mpd line 27 
INFO:EDK:4130 - IPNAME: usart, INSTANCE:usart_0 - tool is overriding PARAMETER
   C_SPLB_DWIDTH value to 32 -
   D:\fpga_project\cpu\23\pcores\usart_v5_00_a\data\usart_v2_1_0.mpd line 25 
INFO:EDK:4130 - IPNAME: usart, INSTANCE:usart_0 - tool is overriding PARAMETER
   C_SPLB_NUM_MASTERS value to 2 -
   D:\fpga_project\cpu\23\pcores\usart_v5_00_a\data\usart_v2_1_0.mpd line 26 
INFO:EDK:4130 - IPNAME: usart, INSTANCE:usart_0 - tool is overriding PARAMETER
   C_SPLB_MID_WIDTH value to 1 -
   D:\fpga_project\cpu\23\pcores\usart_v5_00_a\data\usart_v2_1_0.mpd line 27 

Checking platform address map ...

Checking platform configuration ...
IPNAME: plb_v46, INSTANCE: mb_plb - 2 master(s) : 3 slave(s) 
IPNAME: lmb_v10, INSTANCE: ilmb - 1 master(s) : 1 slave(s) 
IPNAME: lmb_v10, INSTANCE: dlmb - 1 master(s) : 1 slave(s) 

Checking port drivers...
WARNING:EDK:4181 - PORT: usart_0_reset_pin, CONNECTOR: net_usart_0_reset_pin -
   floating connection - D:\fpga_project\cpu\23\system.mhs line 21 
WARNING:EDK:4181 - PORT: Peripheral_Reset, CONNECTOR: sys_periph_reset -
   floating connection - D:\fpga_project\cpu\23\system.mhs line 123 

Performing Clock DRCs...

Performing Reset DRCs...

Overriding system level properties...
INFO:EDK:4130 - IPNAME: microblaze, INSTANCE:microblaze_0 - tcl is overriding
   PARAMETER C_D_PLB value to 1 -
   F:\xilinx\embeded_development_kit\14.7\ISE_DS\EDK\hw\XilinxProcessorIPLib\pco
   res\microblaze_v8_50_c\data\microblaze_v2_1_0.mpd line 233 
INFO:EDK:4130 - IPNAME: microblaze, INSTANCE:microblaze_0 - tcl is overriding
   PARAMETER C_I_PLB value to 1 -
   F:\xilinx\embeded_development_kit\14.7\ISE_DS\EDK\hw\XilinxProcessorIPLib\pco
   res\microblaze_v8_50_c\data\microblaze_v2_1_0.mpd line 236 
INFO:EDK:4130 - IPNAME: microblaze, INSTANCE:microblaze_0 - tcl is overriding
   PARAMETER C_ADDR_TAG_BITS value to 0 -
   F:\xilinx\embeded_development_kit\14.7\ISE_DS\EDK\hw\XilinxProcessorIPLib\pco
   res\microblaze_v8_50_c\data\microblaze_v2_1_0.mpd line 337 
INFO:EDK:4130 - IPNAME: microblaze, INSTANCE:microblaze_0 - tcl is overriding
   PARAMETER C_DCACHE_ADDR_TAG value to 0 -
   F:\xilinx\embeded_development_kit\14.7\ISE_DS\EDK\hw\XilinxProcessorIPLib\pco
   res\microblaze_v8_50_c\data\microblaze_v2_1_0.mpd line 367 
INFO:EDK:4130 - IPNAME: microblaze, INSTANCE:microblaze_0 - tcl is overriding
   PARAMETER C_USE_EXT_BRK value to 1 -
   F:\xilinx\embeded_development_kit\14.7\ISE_DS\EDK\hw\XilinxProcessorIPLib\pco
   res\microblaze_v8_50_c\data\microblaze_v2_1_0.mpd line 402 
INFO:EDK:4130 - IPNAME: microblaze, INSTANCE:microblaze_0 - tcl is overriding
   PARAMETER C_USE_EXT_NM_BRK value to 1 -
   F:\xilinx\embeded_development_kit\14.7\ISE_DS\EDK\hw\XilinxProcessorIPLib\pco
   res\microblaze_v8_50_c\data\microblaze_v2_1_0.mpd line 403 
INFO:EDK:4130 - IPNAME: lmb_bram_if_cntlr, INSTANCE:dlmb_cntlr - tcl is
   overriding PARAMETER C_MASK value to 0x80000000 -
   F:\xilinx\embeded_development_kit\14.7\ISE_DS\EDK\hw\XilinxProcessorIPLib\pco
   res\lmb_bram_if_cntlr_v3_10_c\data\lmb_bram_if_cntlr_v2_1_0.mpd line 92 
INFO:EDK:4130 - IPNAME: lmb_bram_if_cntlr, INSTANCE:ilmb_cntlr - tcl is
   overriding PARAMETER C_MASK value to 0x80000000 -
   F:\xilinx\embeded_development_kit\14.7\ISE_DS\EDK\hw\XilinxProcessorIPLib\pco
   res\lmb_bram_if_cntlr_v3_10_c\data\lmb_bram_if_cntlr_v2_1_0.mpd line 92 

Running system level update procedures...

Running UPDATE Tcl procedures for OPTION SYSLEVEL_UPDATE_PROC...

Running system level DRCs...

Performing System level DRCs on properties...

Running DRC Tcl procedures for OPTION SYSLEVEL_DRC_PROC...

Running UPDATE Tcl procedures for OPTION PLATGEN_SYSLEVEL_UPDATE_PROC...
INFO: The microblaze_0 core has constraints automatically generated by XPS in
implementation/microblaze_0_wrapper/microblaze_0_wrapper.ucf.
It can be overridden by constraints placed in the system.ucf file.

INFO: The ilmb core has constraints automatically generated by XPS in
implementation/ilmb_wrapper/ilmb_wrapper.ucf.
It can be overridden by constraints placed in the system.ucf file.

INFO: The dlmb core has constraints automatically generated by XPS in
implementation/dlmb_wrapper/dlmb_wrapper.ucf.
It can be overridden by constraints placed in the system.ucf file.


Modify defaults ...

Creating stub ...

Processing licensed instances ...
Completion time: 0.00 seconds

Creating hardware output directories ...

Managing hardware (BBD-specified) netlist files ...

Managing cache ...
IPNAME:microblaze INSTANCE:microblaze_0 - D:\fpga_project\cpu\23\system.mhs line
27 - Copying cache implementation netlist
IPNAME:plb_v46 INSTANCE:mb_plb - D:\fpga_project\cpu\23\system.mhs line 40 -
Copying cache implementation netlist
IPNAME:lmb_v10 INSTANCE:ilmb - D:\fpga_project\cpu\23\system.mhs line 47 -
Copying cache implementation netlist
IPNAME:lmb_v10 INSTANCE:dlmb - D:\fpga_project\cpu\23\system.mhs line 54 -
Copying cache implementation netlist
IPNAME:mdm INSTANCE:mdm_0 - D:\fpga_project\cpu\23\system.mhs line 101 - Copying
cache implementation netlist
IPNAME:proc_sys_reset INSTANCE:proc_sys_reset_0 -
D:\fpga_project\cpu\23\system.mhs line 113 - Copying cache implementation
netlist
IPNAME:led_k INSTANCE:led_k_0 - D:\fpga_project\cpu\23\system.mhs line 126 -
Copying cache implementation netlist
IPNAME:usart INSTANCE:usart_0 - D:\fpga_project\cpu\23\system.mhs line 135 -
Copying cache implementation netlist

Elaborating instances ...
IPNAME:bram_block INSTANCE:lmb_bram - D:\fpga_project\cpu\23\system.mhs line 79
- elaborating IP
IPNAME:clock_generator INSTANCE:clock_generator_0 -
D:\fpga_project\cpu\23\system.mhs line 86 - elaborating IP
ClkGen elaborate status: PASSED
----------------------------------------
----------------------------------------

Writing HDL for elaborated instances ...

Inserting wrapper level ...
Completion time: 0.00 seconds

Constructing platform-level connectivity ...
Completion time: 0.00 seconds

Writing (top-level) BMM ...

Writing (top-level and wrappers) HDL ...

Generating synthesis project file ...

Running XST synthesis ...

INFO:EDK:4211 - The following instances are synthesized with XST. The MPD option
   IMP_NETLIST=TRUE indicates that a NGC file is to be produced using XST
   synthesis. IMP_NETLIST=FALSE (default) instances are not synthesized. 
INSTANCE:dlmb_cntlr - D:\fpga_project\cpu\23\system.mhs line 61 - Running XST
synthesis
INSTANCE:ilmb_cntlr - D:\fpga_project\cpu\23\system.mhs line 70 - Running XST
synthesis
INSTANCE:lmb_bram - D:\fpga_project\cpu\23\system.mhs line 79 - Running XST
synthesis
INSTANCE:clock_generator_0 - D:\fpga_project\cpu\23\system.mhs line 86 - Running
XST synthesis

Running NGCBUILD ...
IPNAME:system_clock_generator_0_wrapper INSTANCE:clock_generator_0 -
D:\fpga_project\cpu\23\system.mhs line 86 - Running NGCBUILD
INFO:EDK:3509 - NCF files should not be modified as they will be regenerated.
   If any constraint needs to be overridden, this should be done by modifying
   the data/system.ucf file.

Rebuilding cache ...

Total run time: 37.00 seconds
