
****** PlanAhead v14.7 (64-bit)
  **** Build 321239 by xbuild on Fri Sep 27 19:29:51 MDT 2013
    ** Copyright 1986-1999, 2001-2013 Xilinx, Inc. All Rights Reserved.

INFO: [Common 17-78] Attempting to get a license: PlanAhead
INFO: [Common 17-290] Got license for PlanAhead
INFO: [Device 21-36] Loading parts and site information from F:/xilinx/14.7/ISE_DS/PlanAhead/data/parts/arch.xml
Parsing RTL primitives file [F:/xilinx/14.7/ISE_DS/PlanAhead/data/parts/xilinx/rtl/prims/rtl_prims.xml]
Finished parsing RTL primitives file [F:/xilinx/14.7/ISE_DS/PlanAhead/data/parts/xilinx/rtl/prims/rtl_prims.xml]
start_gui
INFO: [Common 17-81] Feature available: PartialReconfiguration
source D:/fpga_project/led_blink_fpga_r/pa.fromNetlist.tcl
# create_project -name led_blink_fpga_r -dir "D:/fpga_project/led_blink_fpga_r/planAhead_run_2" -part xc6slx9tqg144-2
# set_property design_mode GateLvl [get_property srcset [current_run -impl]]
# set_property edif_top_file "D:/fpga_project/led_blink_fpga_r/led_module.ngc" [ get_property srcset [ current_run ] ]
# add_files -norecurse { {D:/fpga_project/led_blink_fpga_r} }
# set_param project.pinAheadLayout  yes
# set_property target_constrs_file "pininig.ucf" [current_fileset -constrset]
Adding file 'D:/fpga_project/led_blink_fpga_r/pininig.ucf' to fileset 'constrs_1'
# add_files [list {pininig.ucf}] -fileset [get_property constrset [current_run]]
# link_design
Design is defaulting to srcset: sources_1
Design is defaulting to constrset: constrs_1
Design is defaulting to project part: xc6slx9tqg144-2
Release 14.7 - ngc2edif P.20131013 (nt64)
Copyright (c) 1995-2013 Xilinx, Inc.  All rights reserved.
Reading design led_module.ngc ...
WARNING:NetListWriters:298 - No output is written to led_module.xncf, ignored.
Processing design ...
   Preping design's networks ...
   Preping design's macros ...
  finished :Prep
Writing EDIF netlist file led_module.edif ...
ngc2edif: Total memory usage is 86716 kilobytes

Parsing EDIF File [./planAhead_run_2/led_blink_fpga_r.data/cache/led_module_ngc_zx.edif]
Finished Parsing EDIF File [./planAhead_run_2/led_blink_fpga_r.data/cache/led_module_ngc_zx.edif]
Loading clock regions from F:/xilinx/14.7/ISE_DS/PlanAhead/data\parts/xilinx/spartan6/spartan6lx/xc6slx9/ClockRegion.xml
Loading clock buffers from F:/xilinx/14.7/ISE_DS/PlanAhead/data\parts/xilinx/spartan6/spartan6lx/xc6slx9/ClockBuffers.xml
Loading package pin functions from F:/xilinx/14.7/ISE_DS/PlanAhead/data\parts/xilinx/spartan6/PinFunctions.xml...
Loading package from F:/xilinx/14.7/ISE_DS/PlanAhead/data\parts/xilinx/spartan6/spartan6lx/xc6slx9/tqg144/Package.xml
Loading io standards from F:/xilinx/14.7/ISE_DS/PlanAhead/data\./parts/xilinx/spartan6/IOStandards.xml
Loading device configuration modes from F:/xilinx/14.7/ISE_DS/PlanAhead/data\parts/xilinx/spartan6/ConfigModes.xml
Loading list of drcs for the architecture : F:/xilinx/14.7/ISE_DS/PlanAhead/data\./parts/xilinx/spartan6/drc.xml
Parsing UCF File [D:/fpga_project/led_blink_fpga_r/pininig.ucf]
CRITICAL WARNING: [Designutils 20-30] Unrecognized site P71 [D:/fpga_project/led_blink_fpga_r/pininig.ucf:2]
Finished Parsing UCF File [D:/fpga_project/led_blink_fpga_r/pininig.ucf]
INFO: [Designutils 20-20] Invalid constraints found, use command 'write_ucf -constraints invalid <file>' to save all the invalid constraints to a file
INFO: [Project 1-111] Unisim Transformation Summary:
No Unisim elements were transformed.

Phase 0 | Netlist Checksum: 3a3563a4
link_design: Time (s): elapsed = 00:00:18 . Memory (MB): peak = 658.277 ; gain = 174.098
set_property package_pin "" [get_ports [list  led]]
exit
ERROR: [Common 17-39] 'stop_gui' failed due to earlier errors.
INFO: [Common 17-206] Exiting PlanAhead at Mon Jul 09 00:02:55 2018...
INFO: [Common 17-83] Releasing license: PlanAhead
