Release 14.7 - xst P.20131013 (nt64)
Copyright (c) 1995-2013 Xilinx, Inc.  All rights reserved.
--> Parameter TMPDIR set to xst/projnav.tmp


Total REAL time to Xst completion: 0.00 secs
Total CPU time to Xst completion: 0.15 secs
 
--> Parameter xsthdpdir set to xst


Total REAL time to Xst completion: 0.00 secs
Total CPU time to Xst completion: 0.15 secs
 
--> Reading design: clock_devider.prj

TABLE OF CONTENTS
  1) Synthesis Options Summary
  2) HDL Parsing
  3) HDL Elaboration
  4) HDL Synthesis
       4.1) HDL Synthesis Report
  5) Advanced HDL Synthesis
       5.1) Advanced HDL Synthesis Report
  6) Low Level Synthesis
  7) Partition Report
  8) Design Summary
       8.1) Primitive and Black Box Usage
       8.2) Device utilization summary
       8.3) Partition Resource Summary
       8.4) Timing Report
            8.4.1) Clock Information
            8.4.2) Asynchronous Control Signals Information
            8.4.3) Timing Summary
            8.4.4) Timing Details
            8.4.5) Cross Clock Domains Report


=========================================================================
*                      Synthesis Options Summary                        *
=========================================================================
---- Source Parameters
Input File Name                    : "clock_devider.prj"
Ignore Synthesis Constraint File   : NO

---- Target Parameters
Output File Name                   : "clock_devider"
Output Format                      : NGC
Target Device                      : xc6slx9-2-tqg144

---- Source Options
Top Module Name                    : clock_devider
Automatic FSM Extraction           : YES
FSM Encoding Algorithm             : Auto
Safe Implementation                : No
FSM Style                          : LUT
RAM Extraction                     : Yes
RAM Style                          : Auto
ROM Extraction                     : Yes
Shift Register Extraction          : YES
ROM Style                          : Auto
Resource Sharing                   : YES
Asynchronous To Synchronous        : NO
Shift Register Minimum Size        : 2
Use DSP Block                      : Auto
Automatic Register Balancing       : No

---- Target Options
LUT Combining                      : Auto
Reduce Control Sets                : Auto
Add IO Buffers                     : YES
Global Maximum Fanout              : 100000
Add Generic Clock Buffer(BUFG)     : 16
Register Duplication               : YES
Optimize Instantiated Primitives   : NO
Use Clock Enable                   : Auto
Use Synchronous Set                : Auto
Use Synchronous Reset              : Auto
Pack IO Registers into IOBs        : Auto
Equivalent register Removal        : YES

---- General Options
Optimization Goal                  : Speed
Optimization Effort                : 1
Power Reduction                    : NO
Keep Hierarchy                     : No
Netlist Hierarchy                  : As_Optimized
RTL Output                         : Yes
Global Optimization                : AllClockNets
Read Cores                         : YES
Write Timing Constraints           : NO
Cross Clock Analysis               : NO
Hierarchy Separator                : /
Bus Delimiter                      : <>
Case Specifier                     : Maintain
Slice Utilization Ratio            : 100
BRAM Utilization Ratio             : 100
DSP48 Utilization Ratio            : 100
Auto BRAM Packing                  : NO
Slice Utilization Ratio Delta      : 5

=========================================================================


=========================================================================
*                          HDL Parsing                                  *
=========================================================================
Analyzing Verilog file "D:\fpga_project\usart_fpga\clock_devider.v" into library work
Parsing module <clock_devider>.

=========================================================================
*                            HDL Elaboration                            *
=========================================================================

Elaborating module <clock_devider>.
WARNING:HDLCompiler:413 - "D:\fpga_project\usart_fpga\clock_devider.v" Line 43: Result of 17-bit expression is truncated to fit in 16-bit target.

=========================================================================
*                           HDL Synthesis                               *
=========================================================================

Synthesizing Unit <clock_devider>.
    Related source file is "D:\fpga_project\usart_fpga\clock_devider.v".
    Found 16-bit register for signal <counter>.
    Found 1-bit register for signal <output_clk>.
    Found 16-bit adder for signal <counter[15]_GND_1_o_add_1_OUT> created at line 43.
    Found 16-bit comparator greater for signal <n0002> created at line 44
    Summary:
	inferred   1 Adder/Subtractor(s).
	inferred  17 D-type flip-flop(s).
	inferred   1 Comparator(s).
Unit <clock_devider> synthesized.

=========================================================================
HDL Synthesis Report

Macro Statistics
# Adders/Subtractors                                   : 1
 16-bit adder                                          : 1
# Registers                                            : 2
 1-bit register                                        : 1
 16-bit register                                       : 1
# Comparators                                          : 1
 16-bit comparator greater                             : 1

=========================================================================

=========================================================================
*                       Advanced HDL Synthesis                          *
=========================================================================


Synthesizing (advanced) Unit <clock_devider>.
The following registers are absorbed into counter <counter>: 1 register on signal <counter>.
Unit <clock_devider> synthesized (advanced).

=========================================================================
Advanced HDL Synthesis Report

Macro Statistics
# Adders/Subtractors                                   : 1
 16-bit adder                                          : 1
# Counters                                             : 1
 16-bit up counter                                     : 1
# Registers                                            : 1
 Flip-Flops                                            : 1
# Comparators                                          : 1
 16-bit comparator greater                             : 1

=========================================================================

=========================================================================
*                         Low Level Synthesis                           *
=========================================================================

Optimizing unit <clock_devider> ...

Mapping all equations...
Building and optimizing final netlist ...
Found area constraint ratio of 100 (+ 5) on block clock_devider, actual ratio is 1.

Final Macro Processing ...

=========================================================================
Final Register Report

Macro Statistics
# Registers                                            : 17
 Flip-Flops                                            : 17

=========================================================================

=========================================================================
*                           Partition Report                            *
=========================================================================

Partition Implementation Status
-------------------------------

  No Partitions were found in this design.

-------------------------------

=========================================================================
*                            Design Summary                             *
=========================================================================

Top Level Output File Name         : clock_devider.ngc

Primitive and Black Box Usage:
------------------------------
# BELS                             : 139
#      GND                         : 1
#      INV                         : 3
#      LUT1                        : 30
#      LUT2                        : 2
#      LUT3                        : 15
#      LUT4                        : 16
#      MUXCY                       : 39
#      VCC                         : 1
#      XORCY                       : 32
# FlipFlops/Latches                : 17
#      FD                          : 16
#      FDR                         : 1
# Clock Buffers                    : 1
#      BUFGP                       : 1
# IO Buffers                       : 18
#      IBUF                        : 17
#      OBUF                        : 1

Device utilization summary:
---------------------------

Selected Device : 6slx9tqg144-2 


Slice Logic Utilization: 
 Number of Slice Registers:              17  out of  11440     0%  
 Number of Slice LUTs:                   66  out of   5720     1%  
    Number used as Logic:                66  out of   5720     1%  

Slice Logic Distribution: 
 Number of LUT Flip Flop pairs used:     67
   Number with an unused Flip Flop:      50  out of     67    74%  
   Number with an unused LUT:             1  out of     67     1%  
   Number of fully used LUT-FF pairs:    16  out of     67    23%  
   Number of unique control sets:         2

IO Utilization: 
 Number of IOs:                          19
 Number of bonded IOBs:                  19  out of    102    18%  

Specific Feature Utilization:
 Number of BUFG/BUFGCTRLs:                1  out of     16     6%  

---------------------------
Partition Resource Summary:
---------------------------

  No Partitions were found in this design.

---------------------------


=========================================================================
Timing Report

NOTE: THESE TIMING NUMBERS ARE ONLY A SYNTHESIS ESTIMATE.
      FOR ACCURATE TIMING INFORMATION PLEASE REFER TO THE TRACE REPORT
      GENERATED AFTER PLACE-and-ROUTE.

Clock Information:
------------------
-----------------------------------+------------------------+-------+
Clock Signal                       | Clock buffer(FF name)  | Load  |
-----------------------------------+------------------------+-------+
clk                                | BUFGP                  | 17    |
-----------------------------------+------------------------+-------+

Asynchronous Control Signals Information:
----------------------------------------
No asynchronous control signals found in this design

Timing Summary:
---------------
Speed Grade: -2

   Minimum period: 5.226ns (Maximum Frequency: 191.369MHz)
   Minimum input arrival time before clock: 4.499ns
   Maximum output required time after clock: 4.162ns
   Maximum combinational path delay: No path found

Timing Details:
---------------
All values displayed in nanoseconds (ns)

=========================================================================
Timing constraint: Default period analysis for Clock 'clk'
  Clock period: 5.226ns (frequency: 191.369MHz)
  Total number of paths / destination ports: 4761 / 17
-------------------------------------------------------------------------
Delay:               5.226ns (Levels of Logic = 20)
  Source:            counter_0 (FF)
  Destination:       counter_4 (FF)
  Source Clock:      clk rising
  Destination Clock: clk rising

  Data Path: counter_0 to counter_4
                                Gate     Net
    Cell:in->out      fanout   Delay   Delay  Logical Name (Net Name)
    ----------------------------------------  ------------
     FD:C->Q               2   0.525   0.725  counter_0 (counter_0)
     INV:I->O              1   0.255   0.000  Madd_counter[15]_GND_1_o_add_1_OUT_lut<0>_INV_0 (Madd_counter[15]_GND_1_o_add_1_OUT_lut<0>)
     MUXCY:S->O            1   0.215   0.000  Madd_counter[15]_GND_1_o_add_1_OUT_cy<0> (Madd_counter[15]_GND_1_o_add_1_OUT_cy<0>)
     MUXCY:CI->O           1   0.023   0.000  Madd_counter[15]_GND_1_o_add_1_OUT_cy<1> (Madd_counter[15]_GND_1_o_add_1_OUT_cy<1>)
     MUXCY:CI->O           1   0.023   0.000  Madd_counter[15]_GND_1_o_add_1_OUT_cy<2> (Madd_counter[15]_GND_1_o_add_1_OUT_cy<2>)
     MUXCY:CI->O           1   0.023   0.000  Madd_counter[15]_GND_1_o_add_1_OUT_cy<3> (Madd_counter[15]_GND_1_o_add_1_OUT_cy<3>)
     MUXCY:CI->O           1   0.023   0.000  Madd_counter[15]_GND_1_o_add_1_OUT_cy<4> (Madd_counter[15]_GND_1_o_add_1_OUT_cy<4>)
     MUXCY:CI->O           1   0.023   0.000  Madd_counter[15]_GND_1_o_add_1_OUT_cy<5> (Madd_counter[15]_GND_1_o_add_1_OUT_cy<5>)
     MUXCY:CI->O           1   0.023   0.000  Madd_counter[15]_GND_1_o_add_1_OUT_cy<6> (Madd_counter[15]_GND_1_o_add_1_OUT_cy<6>)
     MUXCY:CI->O           1   0.023   0.000  Madd_counter[15]_GND_1_o_add_1_OUT_cy<7> (Madd_counter[15]_GND_1_o_add_1_OUT_cy<7>)
     MUXCY:CI->O           1   0.023   0.000  Madd_counter[15]_GND_1_o_add_1_OUT_cy<8> (Madd_counter[15]_GND_1_o_add_1_OUT_cy<8>)
     MUXCY:CI->O           1   0.023   0.000  Madd_counter[15]_GND_1_o_add_1_OUT_cy<9> (Madd_counter[15]_GND_1_o_add_1_OUT_cy<9>)
     MUXCY:CI->O           1   0.023   0.000  Madd_counter[15]_GND_1_o_add_1_OUT_cy<10> (Madd_counter[15]_GND_1_o_add_1_OUT_cy<10>)
     MUXCY:CI->O           1   0.023   0.000  Madd_counter[15]_GND_1_o_add_1_OUT_cy<11> (Madd_counter[15]_GND_1_o_add_1_OUT_cy<11>)
     MUXCY:CI->O           1   0.023   0.000  Madd_counter[15]_GND_1_o_add_1_OUT_cy<12> (Madd_counter[15]_GND_1_o_add_1_OUT_cy<12>)
     MUXCY:CI->O           1   0.023   0.000  Madd_counter[15]_GND_1_o_add_1_OUT_cy<13> (Madd_counter[15]_GND_1_o_add_1_OUT_cy<13>)
     MUXCY:CI->O           0   0.023   0.000  Madd_counter[15]_GND_1_o_add_1_OUT_cy<14> (Madd_counter[15]_GND_1_o_add_1_OUT_cy<14>)
     XORCY:CI->O           2   0.206   1.002  Madd_counter[15]_GND_1_o_add_1_OUT_xor<15> (counter[15]_GND_1_o_add_1_OUT<15>)
     LUT4:I0->O            0   0.254   0.000  Mcompar_n0002_lutdi7 (Mcompar_n0002_lutdi7)
     MUXCY:DI->O          17   0.181   1.209  Mcompar_n0002_cy<7> (Mcompar_n0002_cy<7>)
     LUT3:I2->O            1   0.254   0.000  counter_4_rstpot (counter_4_rstpot)
     FD:D                      0.074          counter_4
    ----------------------------------------
    Total                      5.226ns (2.290ns logic, 2.936ns route)
                                       (43.8% logic, 56.2% route)

=========================================================================
Timing constraint: Default OFFSET IN BEFORE for Clock 'clk'
  Total number of paths / destination ports: 561 / 18
-------------------------------------------------------------------------
Offset:              4.499ns (Levels of Logic = 11)
  Source:            prescaler<0> (PAD)
  Destination:       counter_4 (FF)
  Destination Clock: clk rising

  Data Path: prescaler<0> to counter_4
                                Gate     Net
    Cell:in->out      fanout   Delay   Delay  Logical Name (Net Name)
    ----------------------------------------  ------------
     IBUF:I->O             2   1.328   1.002  prescaler_0_IBUF (prescaler_0_IBUF)
     LUT4:I0->O            1   0.254   0.000  Mcompar_n0002_lut<0> (Mcompar_n0002_lut<0>)
     MUXCY:S->O            1   0.215   0.000  Mcompar_n0002_cy<0> (Mcompar_n0002_cy<0>)
     MUXCY:CI->O           1   0.023   0.000  Mcompar_n0002_cy<1> (Mcompar_n0002_cy<1>)
     MUXCY:CI->O           1   0.023   0.000  Mcompar_n0002_cy<2> (Mcompar_n0002_cy<2>)
     MUXCY:CI->O           1   0.023   0.000  Mcompar_n0002_cy<3> (Mcompar_n0002_cy<3>)
     MUXCY:CI->O           1   0.023   0.000  Mcompar_n0002_cy<4> (Mcompar_n0002_cy<4>)
     MUXCY:CI->O           1   0.023   0.000  Mcompar_n0002_cy<5> (Mcompar_n0002_cy<5>)
     MUXCY:CI->O           1   0.023   0.000  Mcompar_n0002_cy<6> (Mcompar_n0002_cy<6>)
     MUXCY:CI->O          17   0.023   1.209  Mcompar_n0002_cy<7> (Mcompar_n0002_cy<7>)
     LUT3:I2->O            1   0.254   0.000  counter_4_rstpot (counter_4_rstpot)
     FD:D                      0.074          counter_4
    ----------------------------------------
    Total                      4.499ns (2.288ns logic, 2.211ns route)
                                       (50.9% logic, 49.1% route)

=========================================================================
Timing constraint: Default OFFSET OUT AFTER for Clock 'clk'
  Total number of paths / destination ports: 1 / 1
-------------------------------------------------------------------------
Offset:              4.162ns (Levels of Logic = 1)
  Source:            output_clk (FF)
  Destination:       output_clk (PAD)
  Source Clock:      clk rising

  Data Path: output_clk to output_clk
                                Gate     Net
    Cell:in->out      fanout   Delay   Delay  Logical Name (Net Name)
    ----------------------------------------  ------------
     FDR:C->Q              2   0.525   0.725  output_clk (output_clk_OBUF)
     OBUF:I->O                 2.912          output_clk_OBUF (output_clk)
    ----------------------------------------
    Total                      4.162ns (3.437ns logic, 0.725ns route)
                                       (82.6% logic, 17.4% route)

=========================================================================

Cross Clock Domains Report:
--------------------------

Clock to Setup on destination clock clk
---------------+---------+---------+---------+---------+
               | Src:Rise| Src:Fall| Src:Rise| Src:Fall|
Source Clock   |Dest:Rise|Dest:Rise|Dest:Fall|Dest:Fall|
---------------+---------+---------+---------+---------+
clk            |    5.226|         |         |         |
---------------+---------+---------+---------+---------+

=========================================================================


Total REAL time to Xst completion: 5.00 secs
Total CPU time to Xst completion: 4.87 secs
 
--> 

Total memory usage is 299296 kilobytes

Number of errors   :    0 (   0 filtered)
Number of warnings :    1 (   0 filtered)
Number of infos    :    0 (   0 filtered)

