Release 14.7 Map P.20131013 (nt64)
Xilinx Mapping Report File for Design 'top_leve'

Design Information
------------------
Command Line   : map -intstyle ise -p xc6slx9-tqg144-2 -w -logic_opt off -ol
high -t 1 -xt 0 -register_duplication off -r 4 -global_opt off -mt off -ir off
-pr off -lc off -power off -o top_leve_map.ncd top_leve.ngd top_leve.pcf 
Target Device  : xc6slx9
Target Package : tqg144
Target Speed   : -2
Mapper Version : spartan6 -- $Revision: 1.55 $
Mapped Date    : Sun Jul 22 11:59:52 2018

Design Summary
--------------
Number of errors:      0
Number of warnings:    0
Slice Logic Utilization:
  Number of Slice Registers:                   234 out of  11,440    2%
    Number used as Flip Flops:                 232
    Number used as Latches:                      0
    Number used as Latch-thrus:                  0
    Number used as AND/OR logics:                2
  Number of Slice LUTs:                        561 out of   5,720    9%
    Number used as logic:                      472 out of   5,720    8%
      Number using O6 output only:             314
      Number using O5 output only:              22
      Number using O5 and O6:                  136
      Number used as ROM:                        0
    Number used as Memory:                      87 out of   1,440    6%
      Number used as Dual Port RAM:             64
        Number using O6 output only:             0
        Number using O5 output only:             0
        Number using O5 and O6:                 64
      Number used as Single Port RAM:            0
      Number used as Shift Register:            23
        Number using O6 output only:             3
        Number using O5 output only:             0
        Number using O5 and O6:                 20
    Number used exclusively as route-thrus:      2
      Number with same-slice register load:      1
      Number with same-slice carry load:         1
      Number with other load:                    0

Slice Logic Distribution:
  Number of occupied Slices:                   206 out of   1,430   14%
  Number of MUXCYs used:                       104 out of   2,860    3%
  Number of LUT Flip Flop pairs used:          590
    Number with an unused Flip Flop:           362 out of     590   61%
    Number with an unused LUT:                  29 out of     590    4%
    Number of fully used LUT-FF pairs:         199 out of     590   33%
    Number of unique control sets:              24
    Number of slice register sites lost
      to control set restrictions:             101 out of  11,440    1%

  A LUT Flip Flop pair for this architecture represents one LUT paired with
  one Flip Flop within a slice.  A control set is a unique combination of
  clock, reset, set, and enable signals for a registered element.
  The Slice Logic Distribution report is not meaningful if the design is
  over-mapped for a non-slice resource or if Placement fails.

IO Utilization:
  Number of bonded IOBs:                         4 out of     102    3%
    Number of LOCed IOBs:                        4 out of       4  100%

Specific Feature Utilization:
  Number of RAMB16BWERs:                         4 out of      32   12%
  Number of RAMB8BWERs:                          0 out of      64    0%
  Number of BUFIO2/BUFIO2_2CLKs:                 0 out of      32    0%
  Number of BUFIO2FB/BUFIO2FB_2CLKs:             0 out of      32    0%
  Number of BUFG/BUFGMUXs:                       1 out of      16    6%
    Number used as BUFGs:                        1
    Number used as BUFGMUX:                      0
  Number of DCM/DCM_CLKGENs:                     0 out of       4    0%
  Number of ILOGIC2/ISERDES2s:                   0 out of     200    0%
  Number of IODELAY2/IODRP2/IODRP2_MCBs:         0 out of     200    0%
  Number of OLOGIC2/OSERDES2s:                   0 out of     200    0%
  Number of BSCANs:                              0 out of       4    0%
  Number of BUFHs:                               0 out of     128    0%
  Number of BUFPLLs:                             0 out of       8    0%
  Number of BUFPLL_MCBs:                         0 out of       4    0%
  Number of DSP48A1s:                            0 out of      16    0%
  Number of ICAPs:                               0 out of       1    0%
  Number of MCBs:                                0 out of       2    0%
  Number of PCILOGICSEs:                         0 out of       2    0%
  Number of PLL_ADVs:                            0 out of       2    0%
  Number of PMVs:                                0 out of       1    0%
  Number of STARTUPs:                            0 out of       1    0%
  Number of SUSPEND_SYNCs:                       0 out of       1    0%

Average Fanout of Non-Clock Nets:                3.64

Peak Memory Usage:  490 MB
Total REAL time to MAP completion:  13 secs 
Total CPU time to MAP completion:   12 secs 

Table of Contents
-----------------
Section 1 - Errors
Section 2 - Warnings
Section 3 - Informational
Section 4 - Removed Logic Summary
Section 5 - Removed Logic
Section 6 - IOB Properties
Section 7 - RPMs
Section 8 - Guide Report
Section 9 - Area Group and Partition Summary
Section 10 - Timing Report
Section 11 - Configuration String Information
Section 12 - Control Set Information
Section 13 - Utilization by Hierarchy

Section 1 - Errors
------------------

Section 2 - Warnings
--------------------

Section 3 - Informational
-------------------------
INFO:LIT:243 - Logical network tx_IBUF has no load.
INFO:LIT:395 - The above info message is repeated 67 more times for the
   following (max. 5 shown):
   your_instance_name/U0/iomodule_0/IOModule_Core_I1/GPO_I1/gpo_io_i<31>,
   your_instance_name/U0/iomodule_0/IOModule_Core_I1/GPO_I1/gpo_io_i<30>,
   your_instance_name/U0/iomodule_0/IOModule_Core_I1/GPO_I1/gpo_io_i<29>,
   your_instance_name/U0/iomodule_0/IOModule_Core_I1/GPO_I1/gpo_io_i<28>,
   your_instance_name/U0/iomodule_0/IOModule_Core_I1/GPO_I1/gpo_io_i<27>
   To see the details of these info messages, please use the -detail switch.
INFO:MapLib:564 - The following environment variables are currently set:
INFO:MapLib:591 - XIL_MAP_NOCLIP_ON_ALL_SIGS_U 	Value: 1
INFO:LIT:244 - All of the single ended outputs in this design are using slew
   rate limited output drivers. The delay on speed critical single ended outputs
   can be dramatically reduced by designating them as fast outputs.
INFO:Pack:1716 - Initializing temperature to 85.000 Celsius. (default - Range:
   0.000 to 85.000 Celsius)
INFO:Pack:1720 - Initializing voltage to 1.140 Volts. (default - Range: 1.140 to
   1.260 Volts)
INFO:Map:215 - The Interim Design Summary has been generated in the MAP Report
   (.mrp).
INFO:Pack:1650 - Map created a placed design.

Section 4 - Removed Logic Summary
---------------------------------
 117 block(s) removed
  68 block(s) optimized away
  73 signal(s) removed

Section 5 - Removed Logic
-------------------------

The trimmed logic report below shows the logic removed from your design due to
sourceless or loadless signals, and VCC or ground connections.  If the removal
of a signal or symbol results in the subsequent removal of an additional signal
or symbol, the message explaining that second removal will be indented.  This
indentation will be repeated as a chain of related logic is removed.

To quickly locate the original cause for the removal of a chain of logic, look
above the place where that logic is listed in the trimming report, then locate
the lines that are least indented (begin at the leftmost edge).

Loadless block
"your_instance_name/U0/microblaze_I/MicroBlaze_Core_I/Area.Byte_Doublet_Handle_I
/Using_FPGA.FPGA_LUT6_Target_ADDR.LOW_ADDR_OUT_LUT6" (LUT6_2) removed.
 The signal
"your_instance_name/U0/microblaze_I/MicroBlaze_Core_I/Area.Byte_Doublet_Handle_I
/low_addr_i<1>" is loadless and has been removed.
 The signal
"your_instance_name/U0/microblaze_I/MicroBlaze_Core_I/Area.Byte_Doublet_Handle_I
/low_addr_i<0>" is loadless and has been removed.
Loadless block
"your_instance_name/U0/microblaze_I/MicroBlaze_Core_I/Area.Data_Flow_I/PC_Module
_I/Using_FPGA.Not_All_Bits.PC_GEN[19].PC_Bit_I/PC_EX_DFF" (FF) removed.
Loadless block
"your_instance_name/U0/microblaze_I/MicroBlaze_Core_I/Area.Data_Flow_I/PC_Module
_I/Using_FPGA.Not_All_Bits.PC_GEN[20].PC_Bit_I/PC_EX_DFF" (FF) removed.
Loadless block
"your_instance_name/U0/microblaze_I/MicroBlaze_Core_I/Area.Data_Flow_I/PC_Module
_I/Using_FPGA.Not_All_Bits.PC_GEN[21].PC_Bit_I/PC_EX_DFF" (FF) removed.
Loadless block
"your_instance_name/U0/microblaze_I/MicroBlaze_Core_I/Area.Data_Flow_I/PC_Module
_I/Using_FPGA.Not_All_Bits.PC_GEN[22].PC_Bit_I/PC_EX_DFF" (FF) removed.
Loadless block
"your_instance_name/U0/microblaze_I/MicroBlaze_Core_I/Area.Data_Flow_I/PC_Module
_I/Using_FPGA.Not_All_Bits.PC_GEN[23].PC_Bit_I/PC_EX_DFF" (FF) removed.
Loadless block
"your_instance_name/U0/microblaze_I/MicroBlaze_Core_I/Area.Data_Flow_I/PC_Module
_I/Using_FPGA.Not_All_Bits.PC_GEN[24].PC_Bit_I/PC_EX_DFF" (FF) removed.
Loadless block
"your_instance_name/U0/microblaze_I/MicroBlaze_Core_I/Area.Data_Flow_I/PC_Module
_I/Using_FPGA.Not_All_Bits.PC_GEN[25].PC_Bit_I/PC_EX_DFF" (FF) removed.
Loadless block
"your_instance_name/U0/microblaze_I/MicroBlaze_Core_I/Area.Data_Flow_I/PC_Module
_I/Using_FPGA.Not_All_Bits.PC_GEN[26].PC_Bit_I/PC_EX_DFF" (FF) removed.
Loadless block
"your_instance_name/U0/microblaze_I/MicroBlaze_Core_I/Area.Data_Flow_I/PC_Module
_I/Using_FPGA.Not_All_Bits.PC_GEN[27].PC_Bit_I/PC_EX_DFF" (FF) removed.
Loadless block
"your_instance_name/U0/microblaze_I/MicroBlaze_Core_I/Area.Data_Flow_I/PC_Module
_I/Using_FPGA.Not_All_Bits.PC_GEN[28].PC_Bit_I/PC_EX_DFF" (FF) removed.
Loadless block
"your_instance_name/U0/microblaze_I/MicroBlaze_Core_I/Area.Data_Flow_I/PC_Module
_I/Using_FPGA.Not_All_Bits.PC_GEN[29].PC_Bit_I/PC_EX_DFF" (FF) removed.
Loadless block
"your_instance_name/U0/microblaze_I/MicroBlaze_Core_I/Area.Data_Flow_I/Result_Mu
x_I/Using_FPGA.Result_Mux_Bits[0].Result_Mux_Bit_I/EX_Result_DFF" (FF) removed.
Loadless block
"your_instance_name/U0/microblaze_I/MicroBlaze_Core_I/Area.Data_Flow_I/Result_Mu
x_I/Using_FPGA.Result_Mux_Bits[10].Result_Mux_Bit_I/EX_Result_DFF" (FF) removed.
Loadless block
"your_instance_name/U0/microblaze_I/MicroBlaze_Core_I/Area.Data_Flow_I/Result_Mu
x_I/Using_FPGA.Result_Mux_Bits[11].Result_Mux_Bit_I/EX_Result_DFF" (FF) removed.
Loadless block
"your_instance_name/U0/microblaze_I/MicroBlaze_Core_I/Area.Data_Flow_I/Result_Mu
x_I/Using_FPGA.Result_Mux_Bits[12].Result_Mux_Bit_I/EX_Result_DFF" (FF) removed.
Loadless block
"your_instance_name/U0/microblaze_I/MicroBlaze_Core_I/Area.Data_Flow_I/Result_Mu
x_I/Using_FPGA.Result_Mux_Bits[13].Result_Mux_Bit_I/EX_Result_DFF" (FF) removed.
Loadless block
"your_instance_name/U0/microblaze_I/MicroBlaze_Core_I/Area.Data_Flow_I/Result_Mu
x_I/Using_FPGA.Result_Mux_Bits[14].Result_Mux_Bit_I/EX_Result_DFF" (FF) removed.
Loadless block
"your_instance_name/U0/microblaze_I/MicroBlaze_Core_I/Area.Data_Flow_I/Result_Mu
x_I/Using_FPGA.Result_Mux_Bits[15].Result_Mux_Bit_I/EX_Result_DFF" (FF) removed.
Loadless block
"your_instance_name/U0/microblaze_I/MicroBlaze_Core_I/Area.Data_Flow_I/Result_Mu
x_I/Using_FPGA.Result_Mux_Bits[16].Result_Mux_Bit_I/EX_Result_DFF" (FF) removed.
Loadless block
"your_instance_name/U0/microblaze_I/MicroBlaze_Core_I/Area.Data_Flow_I/Result_Mu
x_I/Using_FPGA.Result_Mux_Bits[17].Result_Mux_Bit_I/EX_Result_DFF" (FF) removed.
Loadless block
"your_instance_name/U0/microblaze_I/MicroBlaze_Core_I/Area.Data_Flow_I/Result_Mu
x_I/Using_FPGA.Result_Mux_Bits[18].Result_Mux_Bit_I/EX_Result_DFF" (FF) removed.
Loadless block
"your_instance_name/U0/microblaze_I/MicroBlaze_Core_I/Area.Data_Flow_I/Result_Mu
x_I/Using_FPGA.Result_Mux_Bits[19].Result_Mux_Bit_I/EX_Result_DFF" (FF) removed.
Loadless block
"your_instance_name/U0/microblaze_I/MicroBlaze_Core_I/Area.Data_Flow_I/Result_Mu
x_I/Using_FPGA.Result_Mux_Bits[1].Result_Mux_Bit_I/EX_Result_DFF" (FF) removed.
Loadless block
"your_instance_name/U0/microblaze_I/MicroBlaze_Core_I/Area.Data_Flow_I/Result_Mu
x_I/Using_FPGA.Result_Mux_Bits[20].Result_Mux_Bit_I/EX_Result_DFF" (FF) removed.
Loadless block
"your_instance_name/U0/microblaze_I/MicroBlaze_Core_I/Area.Data_Flow_I/Result_Mu
x_I/Using_FPGA.Result_Mux_Bits[21].Result_Mux_Bit_I/EX_Result_DFF" (FF) removed.
Loadless block
"your_instance_name/U0/microblaze_I/MicroBlaze_Core_I/Area.Data_Flow_I/Result_Mu
x_I/Using_FPGA.Result_Mux_Bits[22].Result_Mux_Bit_I/EX_Result_DFF" (FF) removed.
Loadless block
"your_instance_name/U0/microblaze_I/MicroBlaze_Core_I/Area.Data_Flow_I/Result_Mu
x_I/Using_FPGA.Result_Mux_Bits[23].Result_Mux_Bit_I/EX_Result_DFF" (FF) removed.
Loadless block
"your_instance_name/U0/microblaze_I/MicroBlaze_Core_I/Area.Data_Flow_I/Result_Mu
x_I/Using_FPGA.Result_Mux_Bits[24].Result_Mux_Bit_I/EX_Result_DFF" (FF) removed.
Loadless block
"your_instance_name/U0/microblaze_I/MicroBlaze_Core_I/Area.Data_Flow_I/Result_Mu
x_I/Using_FPGA.Result_Mux_Bits[25].Result_Mux_Bit_I/EX_Result_DFF" (FF) removed.
Loadless block
"your_instance_name/U0/microblaze_I/MicroBlaze_Core_I/Area.Data_Flow_I/Result_Mu
x_I/Using_FPGA.Result_Mux_Bits[26].Result_Mux_Bit_I/EX_Result_DFF" (FF) removed.
Loadless block
"your_instance_name/U0/microblaze_I/MicroBlaze_Core_I/Area.Data_Flow_I/Result_Mu
x_I/Using_FPGA.Result_Mux_Bits[27].Result_Mux_Bit_I/EX_Result_DFF" (FF) removed.
Loadless block
"your_instance_name/U0/microblaze_I/MicroBlaze_Core_I/Area.Data_Flow_I/Result_Mu
x_I/Using_FPGA.Result_Mux_Bits[28].Result_Mux_Bit_I/EX_Result_DFF" (FF) removed.
Loadless block
"your_instance_name/U0/microblaze_I/MicroBlaze_Core_I/Area.Data_Flow_I/Result_Mu
x_I/Using_FPGA.Result_Mux_Bits[29].Result_Mux_Bit_I/EX_Result_DFF" (FF) removed.
Loadless block
"your_instance_name/U0/microblaze_I/MicroBlaze_Core_I/Area.Data_Flow_I/Result_Mu
x_I/Using_FPGA.Result_Mux_Bits[2].Result_Mux_Bit_I/EX_Result_DFF" (FF) removed.
Loadless block
"your_instance_name/U0/microblaze_I/MicroBlaze_Core_I/Area.Data_Flow_I/Result_Mu
x_I/Using_FPGA.Result_Mux_Bits[30].Result_Mux_Bit_I/EX_Result_DFF" (FF) removed.
Loadless block
"your_instance_name/U0/microblaze_I/MicroBlaze_Core_I/Area.Data_Flow_I/Result_Mu
x_I/Using_FPGA.Result_Mux_Bits[31].Result_Mux_Bit_I/EX_Result_DFF" (FF) removed.
Loadless block
"your_instance_name/U0/microblaze_I/MicroBlaze_Core_I/Area.Data_Flow_I/Result_Mu
x_I/Using_FPGA.Result_Mux_Bits[3].Result_Mux_Bit_I/EX_Result_DFF" (FF) removed.
Loadless block
"your_instance_name/U0/microblaze_I/MicroBlaze_Core_I/Area.Data_Flow_I/Result_Mu
x_I/Using_FPGA.Result_Mux_Bits[4].Result_Mux_Bit_I/EX_Result_DFF" (FF) removed.
Loadless block
"your_instance_name/U0/microblaze_I/MicroBlaze_Core_I/Area.Data_Flow_I/Result_Mu
x_I/Using_FPGA.Result_Mux_Bits[5].Result_Mux_Bit_I/EX_Result_DFF" (FF) removed.
Loadless block
"your_instance_name/U0/microblaze_I/MicroBlaze_Core_I/Area.Data_Flow_I/Result_Mu
x_I/Using_FPGA.Result_Mux_Bits[6].Result_Mux_Bit_I/EX_Result_DFF" (FF) removed.
Loadless block
"your_instance_name/U0/microblaze_I/MicroBlaze_Core_I/Area.Data_Flow_I/Result_Mu
x_I/Using_FPGA.Result_Mux_Bits[7].Result_Mux_Bit_I/EX_Result_DFF" (FF) removed.
Loadless block
"your_instance_name/U0/microblaze_I/MicroBlaze_Core_I/Area.Data_Flow_I/Result_Mu
x_I/Using_FPGA.Result_Mux_Bits[8].Result_Mux_Bit_I/EX_Result_DFF" (FF) removed.
Loadless block
"your_instance_name/U0/microblaze_I/MicroBlaze_Core_I/Area.Data_Flow_I/Result_Mu
x_I/Using_FPGA.Result_Mux_Bits[9].Result_Mux_Bit_I/EX_Result_DFF" (FF) removed.
Loadless block
"your_instance_name/U0/microblaze_I/MicroBlaze_Core_I/Area.Decode_I/Using_FPGA.E
xt_NM_BRK_FDRSE" (FF) removed.
The signal
"your_instance_name/U0/iomodule_0/IOModule_Core_I1/GPO_I1/gpo_io_i<31>" is
sourceless and has been removed.
The signal
"your_instance_name/U0/iomodule_0/IOModule_Core_I1/GPO_I1/gpo_io_i<30>" is
sourceless and has been removed.
The signal
"your_instance_name/U0/iomodule_0/IOModule_Core_I1/GPO_I1/gpo_io_i<29>" is
sourceless and has been removed.
The signal
"your_instance_name/U0/iomodule_0/IOModule_Core_I1/GPO_I1/gpo_io_i<28>" is
sourceless and has been removed.
The signal
"your_instance_name/U0/iomodule_0/IOModule_Core_I1/GPO_I1/gpo_io_i<27>" is
sourceless and has been removed.
The signal
"your_instance_name/U0/iomodule_0/IOModule_Core_I1/GPO_I1/gpo_io_i<26>" is
sourceless and has been removed.
The signal
"your_instance_name/U0/iomodule_0/IOModule_Core_I1/GPO_I1/gpo_io_i<25>" is
sourceless and has been removed.
The signal
"your_instance_name/U0/iomodule_0/IOModule_Core_I1/GPO_I1/gpo_io_i<24>" is
sourceless and has been removed.
The signal
"your_instance_name/U0/iomodule_0/IOModule_Core_I1/GPO_I1/gpo_io_i<23>" is
sourceless and has been removed.
The signal
"your_instance_name/U0/iomodule_0/IOModule_Core_I1/GPO_I1/gpo_io_i<22>" is
sourceless and has been removed.
The signal
"your_instance_name/U0/iomodule_0/IOModule_Core_I1/GPO_I1/gpo_io_i<21>" is
sourceless and has been removed.
The signal
"your_instance_name/U0/iomodule_0/IOModule_Core_I1/GPO_I1/gpo_io_i<20>" is
sourceless and has been removed.
The signal
"your_instance_name/U0/iomodule_0/IOModule_Core_I1/GPO_I1/gpo_io_i<19>" is
sourceless and has been removed.
The signal
"your_instance_name/U0/iomodule_0/IOModule_Core_I1/GPO_I1/gpo_io_i<18>" is
sourceless and has been removed.
The signal
"your_instance_name/U0/iomodule_0/IOModule_Core_I1/GPO_I1/gpo_io_i<17>" is
sourceless and has been removed.
The signal
"your_instance_name/U0/iomodule_0/IOModule_Core_I1/GPO_I1/gpo_io_i<16>" is
sourceless and has been removed.
The signal
"your_instance_name/U0/iomodule_0/IOModule_Core_I1/GPO_I1/gpo_io_i<15>" is
sourceless and has been removed.
The signal
"your_instance_name/U0/iomodule_0/IOModule_Core_I1/GPO_I1/gpo_io_i<14>" is
sourceless and has been removed.
The signal
"your_instance_name/U0/iomodule_0/IOModule_Core_I1/GPO_I1/gpo_io_i<13>" is
sourceless and has been removed.
The signal
"your_instance_name/U0/iomodule_0/IOModule_Core_I1/GPO_I1/gpo_io_i<12>" is
sourceless and has been removed.
The signal
"your_instance_name/U0/iomodule_0/IOModule_Core_I1/GPO_I1/gpo_io_i<11>" is
sourceless and has been removed.
The signal
"your_instance_name/U0/iomodule_0/IOModule_Core_I1/GPO_I1/gpo_io_i<10>" is
sourceless and has been removed.
The signal
"your_instance_name/U0/iomodule_0/IOModule_Core_I1/GPO_I1/gpo_io_i<9>" is
sourceless and has been removed.
The signal
"your_instance_name/U0/iomodule_0/IOModule_Core_I1/GPO_I1/gpo_io_i<7>" is
sourceless and has been removed.
The signal
"your_instance_name/U0/iomodule_0/IOModule_Core_I1/GPO_I1/gpo_io_i<6>" is
sourceless and has been removed.
The signal
"your_instance_name/U0/iomodule_0/IOModule_Core_I1/GPO_I1/gpo_io_i<5>" is
sourceless and has been removed.
The signal
"your_instance_name/U0/iomodule_0/IOModule_Core_I1/GPO_I1/gpo_io_i<4>" is
sourceless and has been removed.
The signal
"your_instance_name/U0/iomodule_0/IOModule_Core_I1/GPO_I1/gpo_io_i<3>" is
sourceless and has been removed.
The signal
"your_instance_name/U0/iomodule_0/IOModule_Core_I1/GPO_I1/gpo_io_i<2>" is
sourceless and has been removed.
The signal
"your_instance_name/U0/iomodule_0/IOModule_Core_I1/GPO_I1/gpo_io_i<1>" is
sourceless and has been removed.
The signal
"your_instance_name/U0/iomodule_0/IOModule_Core_I1/GPO_I1/gpo_io_i<0>" is
sourceless and has been removed.
The signal "your_instance_name/U0/iomodule_0/write_data<31>" is sourceless and
has been removed.
 Sourceless block
"your_instance_name/U0/iomodule_0/IOModule_Core_I1/GPO_I1/gpo_io_i_31" (SFF)
removed.
The signal "your_instance_name/U0/iomodule_0/write_data<30>" is sourceless and
has been removed.
 Sourceless block
"your_instance_name/U0/iomodule_0/IOModule_Core_I1/GPO_I1/gpo_io_i_30" (SFF)
removed.
The signal "your_instance_name/U0/iomodule_0/write_data<29>" is sourceless and
has been removed.
 Sourceless block
"your_instance_name/U0/iomodule_0/IOModule_Core_I1/GPO_I1/gpo_io_i_29" (SFF)
removed.
The signal "your_instance_name/U0/iomodule_0/write_data<28>" is sourceless and
has been removed.
 Sourceless block
"your_instance_name/U0/iomodule_0/IOModule_Core_I1/GPO_I1/gpo_io_i_28" (SFF)
removed.
The signal "your_instance_name/U0/iomodule_0/write_data<27>" is sourceless and
has been removed.
 Sourceless block
"your_instance_name/U0/iomodule_0/IOModule_Core_I1/GPO_I1/gpo_io_i_27" (SFF)
removed.
The signal "your_instance_name/U0/iomodule_0/write_data<26>" is sourceless and
has been removed.
 Sourceless block
"your_instance_name/U0/iomodule_0/IOModule_Core_I1/GPO_I1/gpo_io_i_26" (SFF)
removed.
The signal "your_instance_name/U0/iomodule_0/write_data<25>" is sourceless and
has been removed.
 Sourceless block
"your_instance_name/U0/iomodule_0/IOModule_Core_I1/GPO_I1/gpo_io_i_25" (SFF)
removed.
The signal "your_instance_name/U0/iomodule_0/write_data<24>" is sourceless and
has been removed.
 Sourceless block
"your_instance_name/U0/iomodule_0/IOModule_Core_I1/GPO_I1/gpo_io_i_24" (SFF)
removed.
The signal "your_instance_name/U0/iomodule_0/write_data<23>" is sourceless and
has been removed.
 Sourceless block
"your_instance_name/U0/iomodule_0/IOModule_Core_I1/GPO_I1/gpo_io_i_23" (SFF)
removed.
The signal "your_instance_name/U0/iomodule_0/write_data<22>" is sourceless and
has been removed.
 Sourceless block
"your_instance_name/U0/iomodule_0/IOModule_Core_I1/GPO_I1/gpo_io_i_22" (SFF)
removed.
The signal "your_instance_name/U0/iomodule_0/write_data<21>" is sourceless and
has been removed.
 Sourceless block
"your_instance_name/U0/iomodule_0/IOModule_Core_I1/GPO_I1/gpo_io_i_21" (SFF)
removed.
The signal "your_instance_name/U0/iomodule_0/write_data<20>" is sourceless and
has been removed.
 Sourceless block
"your_instance_name/U0/iomodule_0/IOModule_Core_I1/GPO_I1/gpo_io_i_20" (SFF)
removed.
The signal "your_instance_name/U0/iomodule_0/write_data<19>" is sourceless and
has been removed.
 Sourceless block
"your_instance_name/U0/iomodule_0/IOModule_Core_I1/GPO_I1/gpo_io_i_19" (SFF)
removed.
The signal "your_instance_name/U0/iomodule_0/write_data<18>" is sourceless and
has been removed.
 Sourceless block
"your_instance_name/U0/iomodule_0/IOModule_Core_I1/GPO_I1/gpo_io_i_18" (SFF)
removed.
The signal "your_instance_name/U0/iomodule_0/write_data<17>" is sourceless and
has been removed.
 Sourceless block
"your_instance_name/U0/iomodule_0/IOModule_Core_I1/GPO_I1/gpo_io_i_17" (SFF)
removed.
The signal "your_instance_name/U0/iomodule_0/write_data<16>" is sourceless and
has been removed.
 Sourceless block
"your_instance_name/U0/iomodule_0/IOModule_Core_I1/GPO_I1/gpo_io_i_16" (SFF)
removed.
The signal "your_instance_name/U0/iomodule_0/write_data<15>" is sourceless and
has been removed.
 Sourceless block
"your_instance_name/U0/iomodule_0/IOModule_Core_I1/GPO_I1/gpo_io_i_15" (SFF)
removed.
The signal "your_instance_name/U0/iomodule_0/write_data<14>" is sourceless and
has been removed.
 Sourceless block
"your_instance_name/U0/iomodule_0/IOModule_Core_I1/GPO_I1/gpo_io_i_14" (SFF)
removed.
The signal "your_instance_name/U0/iomodule_0/write_data<13>" is sourceless and
has been removed.
 Sourceless block
"your_instance_name/U0/iomodule_0/IOModule_Core_I1/GPO_I1/gpo_io_i_13" (SFF)
removed.
The signal "your_instance_name/U0/iomodule_0/write_data<12>" is sourceless and
has been removed.
 Sourceless block
"your_instance_name/U0/iomodule_0/IOModule_Core_I1/GPO_I1/gpo_io_i_12" (SFF)
removed.
The signal "your_instance_name/U0/iomodule_0/write_data<11>" is sourceless and
has been removed.
 Sourceless block
"your_instance_name/U0/iomodule_0/IOModule_Core_I1/GPO_I1/gpo_io_i_11" (SFF)
removed.
The signal "your_instance_name/U0/iomodule_0/write_data<10>" is sourceless and
has been removed.
 Sourceless block
"your_instance_name/U0/iomodule_0/IOModule_Core_I1/GPO_I1/gpo_io_i_10" (SFF)
removed.
The signal "your_instance_name/U0/iomodule_0/write_data<9>" is sourceless and
has been removed.
 Sourceless block
"your_instance_name/U0/iomodule_0/IOModule_Core_I1/GPO_I1/gpo_io_i_9" (SFF)
removed.
The signal "your_instance_name/U0/iomodule_0/write_data<7>" is sourceless and
has been removed.
 Sourceless block
"your_instance_name/U0/iomodule_0/IOModule_Core_I1/GPO_I1/gpo_io_i_7" (SFF)
removed.
The signal "your_instance_name/U0/iomodule_0/write_data<6>" is sourceless and
has been removed.
 Sourceless block
"your_instance_name/U0/iomodule_0/IOModule_Core_I1/GPO_I1/gpo_io_i_6" (SFF)
removed.
The signal "your_instance_name/U0/iomodule_0/write_data<5>" is sourceless and
has been removed.
 Sourceless block
"your_instance_name/U0/iomodule_0/IOModule_Core_I1/GPO_I1/gpo_io_i_5" (SFF)
removed.
The signal "your_instance_name/U0/iomodule_0/write_data<4>" is sourceless and
has been removed.
 Sourceless block
"your_instance_name/U0/iomodule_0/IOModule_Core_I1/GPO_I1/gpo_io_i_4" (SFF)
removed.
The signal "your_instance_name/U0/iomodule_0/write_data<3>" is sourceless and
has been removed.
 Sourceless block
"your_instance_name/U0/iomodule_0/IOModule_Core_I1/GPO_I1/gpo_io_i_3" (SFF)
removed.
The signal "your_instance_name/U0/iomodule_0/write_data<2>" is sourceless and
has been removed.
 Sourceless block
"your_instance_name/U0/iomodule_0/IOModule_Core_I1/GPO_I1/gpo_io_i_2" (SFF)
removed.
The signal "your_instance_name/U0/iomodule_0/write_data<1>" is sourceless and
has been removed.
 Sourceless block
"your_instance_name/U0/iomodule_0/IOModule_Core_I1/GPO_I1/gpo_io_i_1" (SFF)
removed.
The signal "your_instance_name/U0/iomodule_0/write_data<0>" is sourceless and
has been removed.
 Sourceless block
"your_instance_name/U0/iomodule_0/IOModule_Core_I1/GPO_I1/gpo_io_i_0" (SFF)
removed.
The signal
"your_instance_name/U0/iomodule_0/IOModule_Core_I1/intr_ctrl_I1/rst_cipr_rd" is
sourceless and has been removed.
The signal
"your_instance_name/U0/microblaze_I/MicroBlaze_Core_I/Area.Decode_I/iFetch_In_Pr
ogress_n" is sourceless and has been removed.
 Sourceless block
"your_instance_name/U0/microblaze_I/MicroBlaze_Core_I/Area.Decode_I/Using_FPGA.i
Fetch_MuxCY_3" (MUX) removed.
  The signal
"your_instance_name/U0/microblaze_I/MicroBlaze_Core_I/Area.Decode_I/Using_FPGA.i
Fetch_MuxCY_3/O" is sourceless and has been removed.
   Sourceless block
"your_instance_name/U0/microblaze_I/MicroBlaze_Core_I/Area.Decode_I/Using_FPGA.i
Fetch_MuxCY_3/MUXCY_L_BUF" (BUF) removed.
    The signal
"your_instance_name/U0/microblaze_I/MicroBlaze_Core_I/Area.Decode_I/Using_FPGA.i
Fetch_MuxCY_3/LO" is sourceless and has been removed.
The signal "your_instance_name/U0/iomodule_0/uart_tx_write" is sourceless and
has been removed.
The signal
"your_instance_name/U0/microblaze_I/MicroBlaze_Core_I/Area.Data_Flow_I/PC_Module
_I/Using_FPGA.Not_All_Bits.PC_GEN[19].PC_Bit_I/MUXCY_X/O" is sourceless and has
been removed.
 Sourceless block
"your_instance_name/U0/microblaze_I/MicroBlaze_Core_I/Area.Data_Flow_I/PC_Module
_I/Using_FPGA.Not_All_Bits.PC_GEN[19].PC_Bit_I/MUXCY_X/MUXCY_L_BUF" (BUF)
removed.
  The signal
"your_instance_name/U0/microblaze_I/MicroBlaze_Core_I/Area.Data_Flow_I/PC_Module
_I/Using_FPGA.Not_All_Bits.PC_GEN[19].PC_Bit_I/MUXCY_X/LO" is sourceless and has
been removed.
The signal
"your_instance_name/U0/microblaze_I/MicroBlaze_Core_I/Area.Decode_I/PreFetch_Buf
fer_I/Using_FPGA.Buffer_DFFs[1].buffer_Addr_MUXCY_L/O" is sourceless and has
been removed.
 Sourceless block
"your_instance_name/U0/microblaze_I/MicroBlaze_Core_I/Area.Decode_I/PreFetch_Buf
fer_I/Using_FPGA.Buffer_DFFs[1].buffer_Addr_MUXCY_L/MUXCY_L_BUF" (BUF) removed.
  The signal
"your_instance_name/U0/microblaze_I/MicroBlaze_Core_I/Area.Decode_I/PreFetch_Buf
fer_I/Using_FPGA.Buffer_DFFs[1].buffer_Addr_MUXCY_L/LO" is sourceless and has
been removed.
Unused block
"your_instance_name/U0/iomodule_0/IOModule_Core_I1/intr_ctrl_I1/rst_cipr_rd1"
(ROM) removed.
Unused block "your_instance_name/U0/iomodule_0/Mmux_uart_tx_write11" (ROM)
removed.
Unused block "your_instance_name/U0/iomodule_0/write_data_0" (FF) removed.
Unused block "your_instance_name/U0/iomodule_0/write_data_1" (FF) removed.
Unused block "your_instance_name/U0/iomodule_0/write_data_10" (FF) removed.
Unused block "your_instance_name/U0/iomodule_0/write_data_11" (FF) removed.
Unused block "your_instance_name/U0/iomodule_0/write_data_12" (FF) removed.
Unused block "your_instance_name/U0/iomodule_0/write_data_13" (FF) removed.
Unused block "your_instance_name/U0/iomodule_0/write_data_14" (FF) removed.
Unused block "your_instance_name/U0/iomodule_0/write_data_15" (FF) removed.
Unused block "your_instance_name/U0/iomodule_0/write_data_16" (FF) removed.
Unused block "your_instance_name/U0/iomodule_0/write_data_17" (FF) removed.
Unused block "your_instance_name/U0/iomodule_0/write_data_18" (FF) removed.
Unused block "your_instance_name/U0/iomodule_0/write_data_19" (FF) removed.
Unused block "your_instance_name/U0/iomodule_0/write_data_2" (FF) removed.
Unused block "your_instance_name/U0/iomodule_0/write_data_20" (FF) removed.
Unused block "your_instance_name/U0/iomodule_0/write_data_21" (FF) removed.
Unused block "your_instance_name/U0/iomodule_0/write_data_22" (FF) removed.
Unused block "your_instance_name/U0/iomodule_0/write_data_23" (FF) removed.
Unused block "your_instance_name/U0/iomodule_0/write_data_24" (FF) removed.
Unused block "your_instance_name/U0/iomodule_0/write_data_25" (FF) removed.
Unused block "your_instance_name/U0/iomodule_0/write_data_26" (FF) removed.
Unused block "your_instance_name/U0/iomodule_0/write_data_27" (FF) removed.
Unused block "your_instance_name/U0/iomodule_0/write_data_28" (FF) removed.
Unused block "your_instance_name/U0/iomodule_0/write_data_29" (FF) removed.
Unused block "your_instance_name/U0/iomodule_0/write_data_3" (FF) removed.
Unused block "your_instance_name/U0/iomodule_0/write_data_30" (FF) removed.
Unused block "your_instance_name/U0/iomodule_0/write_data_31" (FF) removed.
Unused block "your_instance_name/U0/iomodule_0/write_data_4" (FF) removed.
Unused block "your_instance_name/U0/iomodule_0/write_data_5" (FF) removed.
Unused block "your_instance_name/U0/iomodule_0/write_data_6" (FF) removed.
Unused block "your_instance_name/U0/iomodule_0/write_data_7" (FF) removed.
Unused block "your_instance_name/U0/iomodule_0/write_data_9" (FF) removed.
Unused block
"your_instance_name/U0/microblaze_I/MicroBlaze_Core_I/Area.Byte_Doublet_Handle_I
/Using_FPGA.FPGA_LUT6_Target.low_addr_i_INST" (LUT6_2) removed.
Unused block
"your_instance_name/U0/microblaze_I/MicroBlaze_Core_I/Area.Data_Flow_I/PC_Module
_I/Using_FPGA.Not_All_Bits.PC_GEN[19].PC_Bit_I/MUXCY_X" (MUX) removed.
Unused block
"your_instance_name/U0/microblaze_I/MicroBlaze_Core_I/Area.Decode_I/PreFetch_Buf
fer_I/Using_FPGA.Buffer_DFFs[1].buffer_Addr_MUXCY_L" (MUX) removed.
Unused block
"your_instance_name/U0/microblaze_I/MicroBlaze_Core_I/Area.Decode_I/iFetch_In_Pr
ogress_n1_INV_0" (BUF) removed.

Optimized Block(s):
TYPE 		BLOCK
GND 		XST_GND
VCC 		XST_VCC
FDR 		your_instance_name/U0/iomodule_0/IOModule_Core_I1/GPI_I1/GPI_In_1
   optimized to 0
FDR 		your_instance_name/U0/iomodule_0/IOModule_Core_I1/GPI_I1/GPI_In_10
   optimized to 0
FDR 		your_instance_name/U0/iomodule_0/IOModule_Core_I1/GPI_I1/GPI_In_11
   optimized to 0
FDR 		your_instance_name/U0/iomodule_0/IOModule_Core_I1/GPI_I1/GPI_In_12
   optimized to 0
FDR 		your_instance_name/U0/iomodule_0/IOModule_Core_I1/GPI_I1/GPI_In_13
   optimized to 0
FDR 		your_instance_name/U0/iomodule_0/IOModule_Core_I1/GPI_I1/GPI_In_14
   optimized to 0
FDR 		your_instance_name/U0/iomodule_0/IOModule_Core_I1/GPI_I1/GPI_In_15
   optimized to 0
FDR 		your_instance_name/U0/iomodule_0/IOModule_Core_I1/GPI_I1/GPI_In_16
   optimized to 0
FDR 		your_instance_name/U0/iomodule_0/IOModule_Core_I1/GPI_I1/GPI_In_17
   optimized to 0
FDR 		your_instance_name/U0/iomodule_0/IOModule_Core_I1/GPI_I1/GPI_In_18
   optimized to 0
FDR 		your_instance_name/U0/iomodule_0/IOModule_Core_I1/GPI_I1/GPI_In_19
   optimized to 0
FDR 		your_instance_name/U0/iomodule_0/IOModule_Core_I1/GPI_I1/GPI_In_2
   optimized to 0
FDR 		your_instance_name/U0/iomodule_0/IOModule_Core_I1/GPI_I1/GPI_In_20
   optimized to 0
FDR 		your_instance_name/U0/iomodule_0/IOModule_Core_I1/GPI_I1/GPI_In_21
   optimized to 0
FDR 		your_instance_name/U0/iomodule_0/IOModule_Core_I1/GPI_I1/GPI_In_22
   optimized to 0
FDR 		your_instance_name/U0/iomodule_0/IOModule_Core_I1/GPI_I1/GPI_In_23
   optimized to 0
FDR 		your_instance_name/U0/iomodule_0/IOModule_Core_I1/GPI_I1/GPI_In_24
   optimized to 0
FDR 		your_instance_name/U0/iomodule_0/IOModule_Core_I1/GPI_I1/GPI_In_25
   optimized to 0
FDR 		your_instance_name/U0/iomodule_0/IOModule_Core_I1/GPI_I1/GPI_In_26
   optimized to 0
FDR 		your_instance_name/U0/iomodule_0/IOModule_Core_I1/GPI_I1/GPI_In_27
   optimized to 0
FDR 		your_instance_name/U0/iomodule_0/IOModule_Core_I1/GPI_I1/GPI_In_28
   optimized to 0
FDR 		your_instance_name/U0/iomodule_0/IOModule_Core_I1/GPI_I1/GPI_In_29
   optimized to 0
FDR 		your_instance_name/U0/iomodule_0/IOModule_Core_I1/GPI_I1/GPI_In_3
   optimized to 0
FDR 		your_instance_name/U0/iomodule_0/IOModule_Core_I1/GPI_I1/GPI_In_30
   optimized to 0
FDR 		your_instance_name/U0/iomodule_0/IOModule_Core_I1/GPI_I1/GPI_In_31
   optimized to 0
FDR 		your_instance_name/U0/iomodule_0/IOModule_Core_I1/GPI_I1/GPI_In_4
   optimized to 0
FDR 		your_instance_name/U0/iomodule_0/IOModule_Core_I1/GPI_I1/GPI_In_5
   optimized to 0
FDR 		your_instance_name/U0/iomodule_0/IOModule_Core_I1/GPI_I1/GPI_In_6
   optimized to 0
FDR 		your_instance_name/U0/iomodule_0/IOModule_Core_I1/GPI_I1/GPI_In_7
   optimized to 0
FDR 		your_instance_name/U0/iomodule_0/IOModule_Core_I1/GPI_I1/GPI_In_8
   optimized to 0
FDR 		your_instance_name/U0/iomodule_0/IOModule_Core_I1/GPI_I1/GPI_In_9
   optimized to 0
FDR
		your_instance_name/U0/iomodule_0/IOModule_Core_I1/intr_ctrl_I1/cipr_rd_dff_all
[0].fdr_i
   optimized to 0
FDR
		your_instance_name/U0/iomodule_0/IOModule_Core_I1/intr_ctrl_I1/cipr_rd_dff_all
[10].fdr_i
   optimized to 0
FDR
		your_instance_name/U0/iomodule_0/IOModule_Core_I1/intr_ctrl_I1/cipr_rd_dff_all
[11].fdr_i
   optimized to 0
FDR
		your_instance_name/U0/iomodule_0/IOModule_Core_I1/intr_ctrl_I1/cipr_rd_dff_all
[12].fdr_i
   optimized to 0
FDR
		your_instance_name/U0/iomodule_0/IOModule_Core_I1/intr_ctrl_I1/cipr_rd_dff_all
[13].fdr_i
   optimized to 0
FDR
		your_instance_name/U0/iomodule_0/IOModule_Core_I1/intr_ctrl_I1/cipr_rd_dff_all
[14].fdr_i
   optimized to 0
FDR
		your_instance_name/U0/iomodule_0/IOModule_Core_I1/intr_ctrl_I1/cipr_rd_dff_all
[15].fdr_i
   optimized to 0
FDR
		your_instance_name/U0/iomodule_0/IOModule_Core_I1/intr_ctrl_I1/cipr_rd_dff_all
[16].fdr_i
   optimized to 0
FDR
		your_instance_name/U0/iomodule_0/IOModule_Core_I1/intr_ctrl_I1/cipr_rd_dff_all
[17].fdr_i
   optimized to 0
FDR
		your_instance_name/U0/iomodule_0/IOModule_Core_I1/intr_ctrl_I1/cipr_rd_dff_all
[18].fdr_i
   optimized to 0
FDR
		your_instance_name/U0/iomodule_0/IOModule_Core_I1/intr_ctrl_I1/cipr_rd_dff_all
[19].fdr_i
   optimized to 0
FDR
		your_instance_name/U0/iomodule_0/IOModule_Core_I1/intr_ctrl_I1/cipr_rd_dff_all
[1].fdr_i
   optimized to 0
FDR
		your_instance_name/U0/iomodule_0/IOModule_Core_I1/intr_ctrl_I1/cipr_rd_dff_all
[20].fdr_i
   optimized to 0
FDR
		your_instance_name/U0/iomodule_0/IOModule_Core_I1/intr_ctrl_I1/cipr_rd_dff_all
[21].fdr_i
   optimized to 0
FDR
		your_instance_name/U0/iomodule_0/IOModule_Core_I1/intr_ctrl_I1/cipr_rd_dff_all
[22].fdr_i
   optimized to 0
FDR
		your_instance_name/U0/iomodule_0/IOModule_Core_I1/intr_ctrl_I1/cipr_rd_dff_all
[23].fdr_i
   optimized to 0
FDR
		your_instance_name/U0/iomodule_0/IOModule_Core_I1/intr_ctrl_I1/cipr_rd_dff_all
[24].fdr_i
   optimized to 0
FDR
		your_instance_name/U0/iomodule_0/IOModule_Core_I1/intr_ctrl_I1/cipr_rd_dff_all
[25].fdr_i
   optimized to 0
FDR
		your_instance_name/U0/iomodule_0/IOModule_Core_I1/intr_ctrl_I1/cipr_rd_dff_all
[26].fdr_i
   optimized to 0
FDR
		your_instance_name/U0/iomodule_0/IOModule_Core_I1/intr_ctrl_I1/cipr_rd_dff_all
[27].fdr_i
   optimized to 0
FDR
		your_instance_name/U0/iomodule_0/IOModule_Core_I1/intr_ctrl_I1/cipr_rd_dff_all
[28].fdr_i
   optimized to 0
FDR
		your_instance_name/U0/iomodule_0/IOModule_Core_I1/intr_ctrl_I1/cipr_rd_dff_all
[29].fdr_i
   optimized to 0
FDR
		your_instance_name/U0/iomodule_0/IOModule_Core_I1/intr_ctrl_I1/cipr_rd_dff_all
[2].fdr_i
   optimized to 0
FDR
		your_instance_name/U0/iomodule_0/IOModule_Core_I1/intr_ctrl_I1/cipr_rd_dff_all
[30].fdr_i
   optimized to 0
FDR
		your_instance_name/U0/iomodule_0/IOModule_Core_I1/intr_ctrl_I1/cipr_rd_dff_all
[31].fdr_i
   optimized to 0
FDR
		your_instance_name/U0/iomodule_0/IOModule_Core_I1/intr_ctrl_I1/cipr_rd_dff_all
[3].fdr_i
   optimized to 0
FDR
		your_instance_name/U0/iomodule_0/IOModule_Core_I1/intr_ctrl_I1/cipr_rd_dff_all
[4].fdr_i
   optimized to 0
FDR
		your_instance_name/U0/iomodule_0/IOModule_Core_I1/intr_ctrl_I1/cipr_rd_dff_all
[5].fdr_i
   optimized to 0
FDR
		your_instance_name/U0/iomodule_0/IOModule_Core_I1/intr_ctrl_I1/cipr_rd_dff_all
[6].fdr_i
   optimized to 0
FDR
		your_instance_name/U0/iomodule_0/IOModule_Core_I1/intr_ctrl_I1/cipr_rd_dff_all
[7].fdr_i
   optimized to 0
FDR
		your_instance_name/U0/iomodule_0/IOModule_Core_I1/intr_ctrl_I1/cipr_rd_dff_all
[8].fdr_i
   optimized to 0
FDR
		your_instance_name/U0/iomodule_0/IOModule_Core_I1/intr_ctrl_I1/cipr_rd_dff_all
[9].fdr_i
   optimized to 0
LUT3
		your_instance_name/U0/microblaze_I/MicroBlaze_Core_I/Area.Data_Flow_I/ALU_I/FP
GA_Target.No_Carry_Decoding.alu_carry_select_LUT
   optimized to 0
GND 		your_instance_name/XST_GND
VCC 		your_instance_name/XST_VCC

To enable printing of redundant blocks removed and signals merged, set the
detailed map report option and rerun map.

Section 6 - IOB Properties
--------------------------

+---------------------------------------------------------------------------------------------------------------------------------------------------------+
| IOB Name                           | Type             | Direction | IO Standard          | Diff  | Drive    | Slew | Reg (s)      | Resistor | IOB      |
|                                    |                  |           |                      | Term  | Strength | Rate |              |          | Delay    |
+---------------------------------------------------------------------------------------------------------------------------------------------------------+
| clock                              | IOB              | INPUT     | LVCMOS33             |       |          |      |              |          |          |
| led                                | IOB              | OUTPUT    | LVCMOS33             |       | 12       | SLOW |              |          |          |
| reset                              | IOB              | INPUT     | LVCMOS33             |       |          |      |              |          |          |
| tx                                 | IOB              | INPUT     | LVCMOS33             |       |          |      |              |          |          |
+---------------------------------------------------------------------------------------------------------------------------------------------------------+

Section 7 - RPMs
----------------

Section 8 - Guide Report
------------------------
Guide not run on this design.

Section 9 - Area Group and Partition Summary
--------------------------------------------

Partition Implementation Status
-------------------------------

  No Partitions were found in this design.

-------------------------------

Area Group Information
----------------------

  No area groups were found in this design.

----------------------

Section 10 - Timing Report
--------------------------
A logic-level (pre-route) timing report can be generated by using Xilinx static
timing analysis tools, Timing Analyzer (GUI) or TRCE (command line), with the
mapped NCD and PCF files. Please note that this timing report will be generated
using estimated delay information. For accurate numbers, please generate a
timing report with the post Place and Route NCD file.

For more information about the Timing Analyzer, consult the Xilinx Timing
Analyzer Reference Manual; for more information about TRCE, consult the Xilinx
Command Line Tools User Guide "TRACE" chapter.

Section 11 - Configuration String Details
-----------------------------------------
Use the "-detail" map option to print out Configuration Strings

Section 12 - Control Set Information
------------------------------------
Use the "-detail" map option to print out Control Set Information.

Section 13 - Utilization by Hierarchy
-------------------------------------
Use the "-detail" map option to print out the Utilization by Hierarchy section.
