Release 14.7 Xflow P.20131013 (nt64)
Copyright (c) 1995-2013 Xilinx, Inc.  All rights reserved.
xflow.exe -wd implementation -p xc6slx4tqg144-3 -implement xflow.opt system.ngc 
 
PMSPEC -- Overriding Xilinx file
<F:/xilinx/embeded_development_kit/14.7/ISE_DS/EDK/spartan6/data/spartan6.acd>
with local file
<F:/xilinx/embeded_development_kit/14.7/ISE_DS/ISE/spartan6/data/spartan6.acd>
.... Copying flowfile
F:/xilinx/embeded_development_kit/14.7/ISE_DS/ISE/xilinx/data/fpga.flw into
working directory D:/fpga_project/cpu/20/implementation 

Using Flow File: D:/fpga_project/cpu/20/implementation/fpga.flw 
Using Option File(s): 
 D:/fpga_project/cpu/20/implementation/xflow.opt 

Creating Script File ... 

#----------------------------------------------#
# Starting program ngdbuild
# ngdbuild -p xc6slx4tqg144-3 -nt timestamp -bm system.bmm
"D:/fpga_project/cpu/20/implementation/system.ngc" -uc system.ucf system.ngd 
#----------------------------------------------#
Release 14.7 - ngdbuild P.20131013 (nt64)
Copyright (c) 1995-2013 Xilinx, Inc.  All rights reserved.
PMSPEC -- Overriding Xilinx file
<F:/xilinx/embeded_development_kit/14.7/ISE_DS/EDK/spartan6/data/spartan6.acd>
with local file
<F:/xilinx/embeded_development_kit/14.7/ISE_DS/ISE/spartan6/data/spartan6.acd>

Command Line:
F:\xilinx\embeded_development_kit\14.7\ISE_DS\ISE\bin\nt64\unwrapped\ngdbuild.ex
e -p xc6slx4tqg144-3 -nt timestamp -bm system.bmm
D:/fpga_project/cpu/20/implementation/system.ngc -uc system.ucf system.ngd

Reading NGO file "D:/fpga_project/cpu/20/implementation/system.ngc" ...
Loading design module
"D:/fpga_project/cpu/20/implementation/system_clock_generator_0_wrapper.ngc"...
Loading design module
"D:/fpga_project/cpu/20/implementation/system_proc_sys_reset_0_wrapper.ngc"...
Loading design module
"D:/fpga_project/cpu/20/implementation/system_usart_0_wrapper.ngc"...
Loading design module
"D:/fpga_project/cpu/20/implementation/system_microblaze_0_wrapper.ngc"...
Loading design module
"D:/fpga_project/cpu/20/implementation/system_mb_plb_wrapper.ngc"...
Loading design module
"D:/fpga_project/cpu/20/implementation/system_ilmb_wrapper.ngc"...
Loading design module
"D:/fpga_project/cpu/20/implementation/system_dlmb_wrapper.ngc"...
Loading design module
"D:/fpga_project/cpu/20/implementation/system_dlmb_cntlr_wrapper.ngc"...
Loading design module
"D:/fpga_project/cpu/20/implementation/system_ilmb_cntlr_wrapper.ngc"...
Loading design module
"D:/fpga_project/cpu/20/implementation/system_mdm_0_wrapper.ngc"...
Loading design module
"D:/fpga_project/cpu/20/implementation/system_lmb_bram_wrapper.ngc"...
Gathering constraint information from source properties...
Done.

Annotating constraints to design from ucf file "system.ucf" ...
Resolving constraint associations...
Checking Constraint Associations...
INFO:ConstraintSystem:178 - TNM 'sys_clk_pin', used in period specification
   'TS_sys_clk_pin', was traced into PLL_ADV instance
   clock_generator_0/PLL0_INST/Using_PLL_ADV.PLL_ADV_inst. The following new TNM
   groups and period specifications were generated at the PLL_ADV output(s): 
   CLKOUT0: <TIMESPEC TS_clock_generator_0_clock_generator_0_SIG_PLL0_CLKOUT0 =
   PERIOD "clock_generator_0_clock_generator_0_SIG_PLL0_CLKOUT0" TS_sys_clk_pin
   HIGH 50%>

Done...

Processing BMM file "system.bmm" ...

Checking expanded design ...
WARNING:NgdBuild:443 - SFF primitive
   'microblaze_0/microblaze_0/MicroBlaze_Core_I/Performance.Decode_I/Using_FPGA.
   Gen_Bits[27].MEM_EX_Result_Inst' has unconnected output pin

Partition Implementation Status
-------------------------------

  No Partitions were found in this design.

-------------------------------

NGDBUILD Design Results Summary:
  Number of errors:     0
  Number of warnings:   1

Writing NGD file "system.ngd" ...
Total REAL time to NGDBUILD completion:  17 sec
Total CPU time to NGDBUILD completion:   17 sec

Writing NGDBUILD log file "system.bld"...

NGDBUILD done.



#----------------------------------------------#
# Starting program map
# map -o system_map.ncd -w -pr b -ol high -timing -detail system.ngd system.pcf 
#----------------------------------------------#
Release 14.7 - Map P.20131013 (nt64)
Copyright (c) 1995-2013 Xilinx, Inc.  All rights reserved.
PMSPEC -- Overriding Xilinx file
<F:/xilinx/embeded_development_kit/14.7/ISE_DS/EDK/data/Xdh_PrimTypeLib.xda>
with local file
<F:/xilinx/embeded_development_kit/14.7/ISE_DS/ISE/data/Xdh_PrimTypeLib.xda>
Using target part "6slx4tqg144-3".
Mapping design into LUTs...
Writing file system_map.ngm...
Running directed packing...
Running delay-based LUT packing...
Updating timing models...
INFO:Map:215 - The Interim Design Summary has been generated in the MAP Report
   (.mrp).
Running timing-driven placement...
Total REAL time at the beginning of Placer: 7 secs 
Total CPU  time at the beginning of Placer: 6 secs 

Phase 1.1  Initial Placement Analysis
Phase 1.1  Initial Placement Analysis (Checksum:90bc697a) REAL time: 8 secs 

Phase 2.7  Design Feasibility Check
Phase 2.7  Design Feasibility Check (Checksum:90bc697a) REAL time: 8 secs 

Phase 3.31  Local Placement Optimization
Phase 3.31  Local Placement Optimization (Checksum:2f195fba) REAL time: 8 secs 

Phase 4.2  Initial Placement for Architecture Specific Features

Phase 4.2  Initial Placement for Architecture Specific Features
(Checksum:38597a54) REAL time: 11 secs 

Phase 5.36  Local Placement Optimization
Phase 5.36  Local Placement Optimization (Checksum:38597a54) REAL time: 11 secs 

Phase 6.30  Global Clock Region Assignment
Phase 6.30  Global Clock Region Assignment (Checksum:38597a54) REAL time: 11 secs 

Phase 7.3  Local Placement Optimization
Phase 7.3  Local Placement Optimization (Checksum:38597a54) REAL time: 11 secs 

Phase 8.5  Local Placement Optimization
Phase 8.5  Local Placement Optimization (Checksum:38597a54) REAL time: 11 secs 

Phase 9.8  Global Placement
.....................
............................................
.............................................................................................................................................................................................................
...................................................................................
...................................................
Phase 9.8  Global Placement (Checksum:11889012) REAL time: 29 secs 

Phase 10.5  Local Placement Optimization
Phase 10.5  Local Placement Optimization (Checksum:11889012) REAL time: 29 secs 

Phase 11.18  Placement Optimization
Phase 11.18  Placement Optimization (Checksum:c162bcd7) REAL time: 32 secs 

Phase 12.5  Local Placement Optimization
Phase 12.5  Local Placement Optimization (Checksum:c162bcd7) REAL time: 32 secs 

Phase 13.34  Placement Validation
Phase 13.34  Placement Validation (Checksum:a3f4a595) REAL time: 32 secs 

Total REAL time to Placer completion: 32 secs 
Total CPU  time to Placer completion: 31 secs 
Running post-placement packing...
Writing output files...

Design Summary:
Number of errors:      0
Number of warnings:   18
Slice Logic Utilization:
  Number of Slice Registers:                 1,439 out of   4,800   29%
    Number used as Flip Flops:               1,434
    Number used as Latches:                      0
    Number used as Latch-thrus:                  0
    Number used as AND/OR logics:                5
  Number of Slice LUTs:                      1,809 out of   2,400   75%
    Number used as logic:                    1,649 out of   2,400   68%
      Number using O6 output only:           1,282
      Number using O5 output only:              55
      Number using O5 and O6:                  312
      Number used as ROM:                        0
    Number used as Memory:                     130 out of   1,200   10%
      Number used as Dual Port RAM:             64
        Number using O6 output only:             0
        Number using O5 output only:             0
        Number using O5 and O6:                 64
      Number used as Single Port RAM:            0
      Number used as Shift Register:            66
        Number using O6 output only:            19
        Number using O5 output only:             1
        Number using O5 and O6:                 46
    Number used exclusively as route-thrus:     30
      Number with same-slice register load:     26
      Number with same-slice carry load:         4
      Number with other load:                    0

Slice Logic Distribution:
  Number of occupied Slices:                   598 out of     600   99%
  Number of MUXCYs used:                       248 out of   1,200   20%
  Number of LUT Flip Flop pairs used:        2,004
    Number with an unused Flip Flop:           680 out of   2,004   33%
    Number with an unused LUT:                 195 out of   2,004    9%
    Number of fully used LUT-FF pairs:       1,129 out of   2,004   56%
    Number of unique control sets:              98
    Number of slice register sites lost
      to control set restrictions:             406 out of   4,800    8%

  A LUT Flip Flop pair for this architecture represents one LUT paired with
  one Flip Flop within a slice.  A control set is a unique combination of
  clock, reset, set, and enable signals for a registered element.
  The Slice Logic Distribution report is not meaningful if the design is
  over-mapped for a non-slice resource or if Placement fails.

IO Utilization:
  Number of bonded IOBs:                         5 out of     102    4%
    Number of LOCed IOBs:                        5 out of       5  100%

Specific Feature Utilization:
  Number of RAMB16BWERs:                         8 out of      12   66%
  Number of RAMB8BWERs:                          0 out of      24    0%
  Number of BUFIO2/BUFIO2_2CLKs:                 1 out of      32    3%
    Number used as BUFIO2s:                      1
    Number used as BUFIO2_2CLKs:                 0
  Number of BUFIO2FB/BUFIO2FB_2CLKs:             0 out of      32    0%
  Number of BUFG/BUFGMUXs:                       3 out of      16   18%
    Number used as BUFGs:                        3
    Number used as BUFGMUX:                      0
  Number of DCM/DCM_CLKGENs:                     0 out of       4    0%
  Number of ILOGIC2/ISERDES2s:                   0 out of     200    0%
  Number of IODELAY2/IODRP2/IODRP2_MCBs:         0 out of     200    0%
  Number of OLOGIC2/OSERDES2s:                   0 out of     200    0%
  Number of BSCANs:                              1 out of       4   25%
  Number of BUFHs:                               0 out of     128    0%
  Number of BUFPLLs:                             0 out of       8    0%
  Number of BUFPLL_MCBs:                         0 out of       4    0%
  Number of DSP48A1s:                            3 out of       8   37%
  Number of ICAPs:                               0 out of       1    0%
  Number of PCILOGICSEs:                         0 out of       2    0%
  Number of PLL_ADVs:                            1 out of       2   50%
  Number of PMVs:                                0 out of       1    0%
  Number of STARTUPs:                            0 out of       1    0%
  Number of SUSPEND_SYNCs:                       0 out of       1    0%

Average Fanout of Non-Clock Nets:                3.91

Peak Memory Usage:  530 MB
Total REAL time to MAP completion:  34 secs 
Total CPU time to MAP completion:   33 secs 

Mapping completed.
See MAP report file "system_map.mrp" for details.



#----------------------------------------------#
# Starting program par
# par -w -ol high system_map.ncd system.ncd system.pcf 
#----------------------------------------------#
Release 14.7 - par P.20131013 (nt64)
Copyright (c) 1995-2013 Xilinx, Inc.  All rights reserved.
PMSPEC -- Overriding Xilinx file <F:/xilinx/embeded_development_kit/14.7/ISE_DS/EDK/data/parBmgr.acd> with local file
<F:/xilinx/embeded_development_kit/14.7/ISE_DS/ISE/data/parBmgr.acd>



Constraints file: system.pcf.
Loading device for application Rf_Device from file '6slx4.nph' in environment
F:\xilinx\embeded_development_kit\14.7\ISE_DS\ISE\;F:\xilinx\embeded_development_kit\14.7\ISE_DS\EDK.
   "system" is an NCD, version 3.2, device xc6slx4, package tqg144, speed -3

Initializing temperature to 85.000 Celsius. (default - Range: 0.000 to 85.000 Celsius)
Initializing voltage to 1.140 Volts. (default - Range: 1.140 to 1.260 Volts)


Device speed data version:  "PRODUCTION 1.23 2013-10-13".



Device Utilization Summary:

Slice Logic Utilization:
  Number of Slice Registers:                 1,439 out of   4,800   29%
    Number used as Flip Flops:               1,434
    Number used as Latches:                      0
    Number used as Latch-thrus:                  0
    Number used as AND/OR logics:                5
  Number of Slice LUTs:                      1,809 out of   2,400   75%
    Number used as logic:                    1,649 out of   2,400   68%
      Number using O6 output only:           1,282
      Number using O5 output only:              55
      Number using O5 and O6:                  312
      Number used as ROM:                        0
    Number used as Memory:                     130 out of   1,200   10%
      Number used as Dual Port RAM:             64
        Number using O6 output only:             0
        Number using O5 output only:             0
        Number using O5 and O6:                 64
      Number used as Single Port RAM:            0
      Number used as Shift Register:            66
        Number using O6 output only:            19
        Number using O5 output only:             1
        Number using O5 and O6:                 46
    Number used exclusively as route-thrus:     30
      Number with same-slice register load:     26
      Number with same-slice carry load:         4
      Number with other load:                    0

Slice Logic Distribution:
  Number of occupied Slices:                   598 out of     600   99%
  Number of MUXCYs used:                       248 out of   1,200   20%
  Number of LUT Flip Flop pairs used:        2,004
    Number with an unused Flip Flop:           680 out of   2,004   33%
    Number with an unused LUT:                 195 out of   2,004    9%
    Number of fully used LUT-FF pairs:       1,129 out of   2,004   56%
    Number of slice register sites lost
      to control set restrictions:               0 out of   4,800    0%

  A LUT Flip Flop pair for this architecture represents one LUT paired with
  one Flip Flop within a slice.  A control set is a unique combination of
  clock, reset, set, and enable signals for a registered element.
  The Slice Logic Distribution report is not meaningful if the design is
  over-mapped for a non-slice resource or if Placement fails.

IO Utilization:
  Number of bonded IOBs:                         5 out of     102    4%
    Number of LOCed IOBs:                        5 out of       5  100%

Specific Feature Utilization:
  Number of RAMB16BWERs:                         8 out of      12   66%
  Number of RAMB8BWERs:                          0 out of      24    0%
  Number of BUFIO2/BUFIO2_2CLKs:                 1 out of      32    3%
    Number used as BUFIO2s:                      1
    Number used as BUFIO2_2CLKs:                 0
  Number of BUFIO2FB/BUFIO2FB_2CLKs:             0 out of      32    0%
  Number of BUFG/BUFGMUXs:                       3 out of      16   18%
    Number used as BUFGs:                        3
    Number used as BUFGMUX:                      0
  Number of DCM/DCM_CLKGENs:                     0 out of       4    0%
  Number of ILOGIC2/ISERDES2s:                   0 out of     200    0%
  Number of IODELAY2/IODRP2/IODRP2_MCBs:         0 out of     200    0%
  Number of OLOGIC2/OSERDES2s:                   0 out of     200    0%
  Number of BSCANs:                              1 out of       4   25%
  Number of BUFHs:                               0 out of     128    0%
  Number of BUFPLLs:                             0 out of       8    0%
  Number of BUFPLL_MCBs:                         0 out of       4    0%
  Number of DSP48A1s:                            3 out of       8   37%
  Number of ICAPs:                               0 out of       1    0%
  Number of PCILOGICSEs:                         0 out of       2    0%
  Number of PLL_ADVs:                            1 out of       2   50%
  Number of PMVs:                                0 out of       1    0%
  Number of STARTUPs:                            0 out of       1    0%
  Number of SUSPEND_SYNCs:                       0 out of       1    0%


Overall effort level (-ol):   High 
Router effort level (-rl):    High 

Starting initial Timing Analysis.  REAL time: 14 secs 
Finished initial Timing Analysis.  REAL time: 14 secs 

WARNING:Par:288 - The signal
   microblaze_0/microblaze_0/MicroBlaze_Core_I/Performance.Data_Flow_I/Register_File_I/Using_LUT6.All_RAM32M[7].ram32m_i_RAMD_D1_O has no
   load.  PAR will not attempt to route this signal.
WARNING:Par:288 - The signal
   microblaze_0/microblaze_0/MicroBlaze_Core_I/Performance.Data_Flow_I/Register_File_I/Using_LUT6.All_RAM32M[6].ram32m_i_RAMD_D1_O has no
   load.  PAR will not attempt to route this signal.
WARNING:Par:288 - The signal
   microblaze_0/microblaze_0/MicroBlaze_Core_I/Performance.Data_Flow_I/Register_File_I/Using_LUT6.All_RAM32M[4].ram32m_i_RAMD_D1_O has no
   load.  PAR will not attempt to route this signal.
WARNING:Par:288 - The signal dlmb_LMB_ABus<31> has no load.  PAR will not attempt to route this signal.
WARNING:Par:288 - The signal dlmb_LMB_ABus<30> has no load.  PAR will not attempt to route this signal.
WARNING:Par:288 - The signal
   microblaze_0/microblaze_0/MicroBlaze_Core_I/Performance.Data_Flow_I/Register_File_I/Using_LUT6.All_RAM32M[12].ram32m_i_RAMD_D1_O has no
   load.  PAR will not attempt to route this signal.
WARNING:Par:288 - The signal
   microblaze_0/microblaze_0/MicroBlaze_Core_I/Performance.Data_Flow_I/Register_File_I/Using_LUT6.All_RAM32M[13].ram32m_i_RAMD_D1_O has no
   load.  PAR will not attempt to route this signal.
WARNING:Par:288 - The signal
   microblaze_0/microblaze_0/MicroBlaze_Core_I/Performance.Data_Flow_I/Register_File_I/Using_LUT6.All_RAM32M[11].ram32m_i_RAMD_D1_O has no
   load.  PAR will not attempt to route this signal.
WARNING:Par:288 - The signal
   microblaze_0/microblaze_0/MicroBlaze_Core_I/Performance.Data_Flow_I/Register_File_I/Using_LUT6.All_RAM32M[10].ram32m_i_RAMD_D1_O has no
   load.  PAR will not attempt to route this signal.
WARNING:Par:288 - The signal
   microblaze_0/microblaze_0/MicroBlaze_Core_I/Performance.Data_Flow_I/Register_File_I/Using_LUT6.All_RAM32M[5].ram32m_i_RAMD_D1_O has no
   load.  PAR will not attempt to route this signal.
WARNING:Par:288 - The signal
   microblaze_0/microblaze_0/MicroBlaze_Core_I/Performance.Data_Flow_I/Register_File_I/Using_LUT6.All_RAM32M[3].ram32m_i_RAMD_D1_O has no
   load.  PAR will not attempt to route this signal.
WARNING:Par:288 - The signal
   microblaze_0/microblaze_0/MicroBlaze_Core_I/Performance.Data_Flow_I/Register_File_I/Using_LUT6.All_RAM32M[15].ram32m_i_RAMD_D1_O has no
   load.  PAR will not attempt to route this signal.
WARNING:Par:288 - The signal
   microblaze_0/microblaze_0/MicroBlaze_Core_I/Performance.Data_Flow_I/Register_File_I/Using_LUT6.All_RAM32M[9].ram32m_i_RAMD_D1_O has no
   load.  PAR will not attempt to route this signal.
WARNING:Par:288 - The signal
   microblaze_0/microblaze_0/MicroBlaze_Core_I/Performance.Data_Flow_I/Register_File_I/Using_LUT6.All_RAM32M[2].ram32m_i_RAMD_D1_O has no
   load.  PAR will not attempt to route this signal.
WARNING:Par:288 - The signal
   microblaze_0/microblaze_0/MicroBlaze_Core_I/Performance.Data_Flow_I/Register_File_I/Using_LUT6.All_RAM32M[1].ram32m_i_RAMD_D1_O has no
   load.  PAR will not attempt to route this signal.
WARNING:Par:288 - The signal
   microblaze_0/microblaze_0/MicroBlaze_Core_I/Performance.Data_Flow_I/Register_File_I/Using_LUT6.All_RAM32M[14].ram32m_i_RAMD_D1_O has no
   load.  PAR will not attempt to route this signal.
WARNING:Par:288 - The signal
   microblaze_0/microblaze_0/MicroBlaze_Core_I/Performance.Data_Flow_I/Register_File_I/Using_LUT6.All_RAM32M[8].ram32m_i_RAMD_D1_O has no
   load.  PAR will not attempt to route this signal.
WARNING:Par:288 - The signal
   microblaze_0/microblaze_0/MicroBlaze_Core_I/Performance.Data_Flow_I/Register_File_I/Using_LUT6.All_RAM32M[0].ram32m_i_RAMD_D1_O has no
   load.  PAR will not attempt to route this signal.
Starting Router


Phase  1  : 12215 unrouted;      REAL time: 15 secs 

Phase  2  : 10123 unrouted;      REAL time: 16 secs 

Phase  3  : 5160 unrouted;      REAL time: 21 secs 

Phase  4  : 5160 unrouted; (Setup:0, Hold:332, Component Switching Limit:0)     REAL time: 21 secs 

Updating file: system.ncd with current fully routed design.

Phase  5  : 0 unrouted; (Setup:0, Hold:384, Component Switching Limit:0)     REAL time: 26 secs 

Phase  6  : 0 unrouted; (Setup:0, Hold:384, Component Switching Limit:0)     REAL time: 26 secs 

Phase  7  : 0 unrouted; (Setup:0, Hold:384, Component Switching Limit:0)     REAL time: 26 secs 

Phase  8  : 0 unrouted; (Setup:0, Hold:384, Component Switching Limit:0)     REAL time: 26 secs 

Phase  9  : 0 unrouted; (Setup:0, Hold:0, Component Switching Limit:0)     REAL time: 26 secs 

Phase 10  : 0 unrouted; (Setup:0, Hold:0, Component Switching Limit:0)     REAL time: 27 secs 
Total REAL time to Router completion: 27 secs 
Total CPU time to Router completion: 16 secs 

Partition Implementation Status
-------------------------------

  No Partitions were found in this design.

-------------------------------

Generating "PAR" statistics.

**************************
Generating Clock Report
**************************

+---------------------+--------------+------+------+------------+-------------+
|        Clock Net    |   Resource   |Locked|Fanout|Net Skew(ns)|Max Delay(ns)|
+---------------------+--------------+------+------+------------+-------------+
|      clk_50_0000MHz |  BUFGMUX_X2Y3| No   |  510 |  0.122     |  1.190      |
+---------------------+--------------+------+------+------------+-------------+
|microblaze_0_mdm_bus |              |      |      |            |             |
|            _Dbg_Clk | BUFGMUX_X3Y13| No   |   52 |  0.115     |  1.183      |
+---------------------+--------------+------+------+------------+-------------+
|usart_0_clock_pin_BU |              |      |      |            |             |
|                 FGP |  BUFGMUX_X3Y8| No   |   12 |  0.034     |  1.170      |
+---------------------+--------------+------+------+------------+-------------+
|microblaze_0_mdm_bus |              |      |      |            |             |
|         _Dbg_Update |         Local|      |   20 |  4.587     |  5.634      |
+---------------------+--------------+------+------+------------+-------------+

* Net Skew is the difference between the minimum and maximum routing
only delays for the net. Note this is different from Clock Skew which
is reported in TRCE timing report. Clock Skew is the difference between
the minimum and maximum path delays which includes logic delays.

* The fanout is the number of component pins not the individual BEL loads,
for example SLICE loads not FF loads.

Timing Score: 0 (Setup: 0, Hold: 0, Component Switching Limit: 0)

Number of Timing Constraints that were not applied: 1

Asterisk (*) preceding a constraint indicates it was not met.
   This may be due to a setup or hold violation.

----------------------------------------------------------------------------------------------------------
  Constraint                                |    Check    | Worst Case |  Best Case | Timing |   Timing   
                                            |             |    Slack   | Achievable | Errors |    Score   
----------------------------------------------------------------------------------------------------------
  TS_clock_generator_0_clock_generator_0_SI | SETUP       |     7.697ns|    12.303ns|       0|           0
  G_PLL0_CLKOUT0 = PERIOD TIMEGRP         " | HOLD        |     0.367ns|            |       0|           0
  clock_generator_0_clock_generator_0_SIG_P |             |            |            |        |            
  LL0_CLKOUT0" TS_sys_clk_pin         HIGH  |             |            |            |        |            
  50%                                       |             |            |            |        |            
----------------------------------------------------------------------------------------------------------
  TS_sys_clk_pin = PERIOD TIMEGRP "sys_clk_ | MINLOWPULSE |    15.000ns|     5.000ns|       0|           0
  pin" 50 MHz HIGH 50%                      |             |            |            |        |            
----------------------------------------------------------------------------------------------------------


Derived Constraint Report
Review Timing Report for more details on the following derived constraints.
To create a Timing Report, run "trce -v 12 -fastpaths -o design_timing_report design.ncd design.pcf"
or "Run Timing Analysis" from Timing Analyzer (timingan).
Derived Constraints for TS_sys_clk_pin
+-------------------------------+-------------+-------------+-------------+-------------+-------------+-------------+-------------+
|                               |   Period    |       Actual Period       |      Timing Errors        |      Paths Analyzed       |
|           Constraint          | Requirement |-------------+-------------|-------------+-------------|-------------+-------------|
|                               |             |   Direct    | Derivative  |   Direct    | Derivative  |   Direct    | Derivative  |
+-------------------------------+-------------+-------------+-------------+-------------+-------------+-------------+-------------+
|TS_sys_clk_pin                 |     20.000ns|      5.000ns|     12.303ns|            0|            0|            0|       220629|
| TS_clock_generator_0_clock_gen|     20.000ns|     12.303ns|          N/A|            0|            0|       220629|            0|
| erator_0_SIG_PLL0_CLKOUT0     |             |             |             |             |             |             |             |
+-------------------------------+-------------+-------------+-------------+-------------+-------------+-------------+-------------+

All constraints were met.


Generating Pad Report.

All signals are completely routed.

WARNING:Par:283 - There are 18 loadless signals in this design. This design will cause Bitgen to issue DRC warnings.

Total REAL time to PAR completion: 28 secs 
Total CPU time to PAR completion: 16 secs 

Peak Memory Usage:  471 MB

Placer: Placement generated during map.
Routing: Completed - No errors found.
Timing: Completed - No errors found.

Number of error messages: 0
Number of warning messages: 20
Number of info messages: 0

Writing design to file system.ncd



PAR done!



#----------------------------------------------#
# Starting program post_par_trce
# trce -e 3 -xml system.twx system.ncd system.pcf 
#----------------------------------------------#
Release 14.7 - Trace  (nt64)
Copyright (c) 1995-2013 Xilinx, Inc.  All rights reserved.


PMSPEC -- Overriding Xilinx file
<F:/xilinx/embeded_development_kit/14.7/ISE_DS/EDK/spartan6/data/spartan6.acd>
with local file
<F:/xilinx/embeded_development_kit/14.7/ISE_DS/ISE/spartan6/data/spartan6.acd>
Loading device for application Rf_Device from file '6slx4.nph' in environment
F:\xilinx\embeded_development_kit\14.7\ISE_DS\ISE\;F:\xilinx\embeded_development
_kit\14.7\ISE_DS\EDK.
   "system" is an NCD, version 3.2, device xc6slx4, package tqg144, speed -3
--------------------------------------------------------------------------------
Release 14.7 Trace  (nt64)
Copyright (c) 1995-2013 Xilinx, Inc.  All rights reserved.

F:\xilinx\embeded_development_kit\14.7\ISE_DS\ISE\bin\nt64\unwrapped\trce.exe
-e 3 -xml system.twx system.ncd system.pcf


Design file:              system.ncd
Physical constraint file: system.pcf
Device,speed:             xc6slx4,-3 (PRODUCTION 1.23 2013-10-13)
Report level:             error report
--------------------------------------------------------------------------------

INFO:Timing:3412 - To improve timing, see the Timing Closure User Guide (UG612).
INFO:Timing:2752 - To get complete path coverage, use the unconstrained paths option. All paths that are not constrained will be reported in
   the unconstrained paths section(s) of the report.
INFO:Timing:3339 - The clock-to-out numbers in this timing report are based on a 50 Ohm transmission line loading model.  For the details of
   this model, and for more information on accounting for different loading conditions, please see the device datasheet.


Timing summary:
---------------

Timing errors: 0  Score: 0 (Setup/Max: 0, Hold: 0)

Constraints cover 220629 paths, 0 nets, and 9561 connections

Design statistics:
   Minimum period:  12.303ns (Maximum frequency:  81.281MHz)


Analysis completed Wed Aug 01 16:29:33 2018
--------------------------------------------------------------------------------

Generating Report ...

Number of warnings: 0
Number of info messages: 3
Total time: 4 secs 


