Release 14.7 - xst P.20131013 (nt64)
Copyright (c) 1995-2013 Xilinx, Inc.  All rights reserved.
--> Parameter TMPDIR set to xst/projnav.tmp


Total REAL time to Xst completion: 0.00 secs
Total CPU time to Xst completion: 0.09 secs
 
--> Parameter xsthdpdir set to xst


Total REAL time to Xst completion: 0.00 secs
Total CPU time to Xst completion: 0.09 secs
 
--> Reading design: my_usart.prj

TABLE OF CONTENTS
  1) Synthesis Options Summary
  2) HDL Parsing
  3) HDL Elaboration
  4) HDL Synthesis
       4.1) HDL Synthesis Report
  5) Advanced HDL Synthesis
       5.1) Advanced HDL Synthesis Report
  6) Low Level Synthesis
  7) Partition Report
  8) Design Summary
       8.1) Primitive and Black Box Usage
       8.2) Device utilization summary
       8.3) Partition Resource Summary
       8.4) Timing Report
            8.4.1) Clock Information
            8.4.2) Asynchronous Control Signals Information
            8.4.3) Timing Summary
            8.4.4) Timing Details
            8.4.5) Cross Clock Domains Report


=========================================================================
*                      Synthesis Options Summary                        *
=========================================================================
---- Source Parameters
Input File Name                    : "my_usart.prj"
Ignore Synthesis Constraint File   : NO

---- Target Parameters
Output File Name                   : "my_usart"
Output Format                      : NGC
Target Device                      : xc6slx9-2-tqg144

---- Source Options
Top Module Name                    : my_usart
Automatic FSM Extraction           : YES
FSM Encoding Algorithm             : Auto
Safe Implementation                : No
FSM Style                          : LUT
RAM Extraction                     : Yes
RAM Style                          : Auto
ROM Extraction                     : Yes
Shift Register Extraction          : YES
ROM Style                          : Auto
Resource Sharing                   : YES
Asynchronous To Synchronous        : NO
Shift Register Minimum Size        : 2
Use DSP Block                      : Auto
Automatic Register Balancing       : No

---- Target Options
LUT Combining                      : Auto
Reduce Control Sets                : Auto
Add IO Buffers                     : YES
Global Maximum Fanout              : 100000
Add Generic Clock Buffer(BUFG)     : 16
Register Duplication               : YES
Optimize Instantiated Primitives   : NO
Use Clock Enable                   : Auto
Use Synchronous Set                : Auto
Use Synchronous Reset              : Auto
Pack IO Registers into IOBs        : Auto
Equivalent register Removal        : YES

---- General Options
Optimization Goal                  : Speed
Optimization Effort                : 1
Power Reduction                    : NO
Keep Hierarchy                     : No
Netlist Hierarchy                  : As_Optimized
RTL Output                         : Yes
Global Optimization                : AllClockNets
Read Cores                         : YES
Write Timing Constraints           : NO
Cross Clock Analysis               : NO
Hierarchy Separator                : /
Bus Delimiter                      : <>
Case Specifier                     : Maintain
Slice Utilization Ratio            : 100
BRAM Utilization Ratio             : 100
DSP48 Utilization Ratio            : 100
Auto BRAM Packing                  : NO
Slice Utilization Ratio Delta      : 5

=========================================================================


=========================================================================
*                          HDL Parsing                                  *
=========================================================================
Analyzing Verilog file "D:\fpga_project\cpu_ise\cpu_wi\core3\core3\usart_module.v" into library work
Parsing module <my_usart>.

=========================================================================
*                            HDL Elaboration                            *
=========================================================================

Elaborating module <my_usart>.
WARNING:HDLCompiler:413 - "D:\fpga_project\cpu_ise\cpu_wi\core3\core3\usart_module.v" Line 61: Result of 17-bit expression is truncated to fit in 16-bit target.
WARNING:HDLCompiler:413 - "D:\fpga_project\cpu_ise\cpu_wi\core3\core3\usart_module.v" Line 75: Result of 9-bit expression is truncated to fit in 8-bit target.

=========================================================================
*                           HDL Synthesis                               *
=========================================================================

Synthesizing Unit <my_usart>.
    Related source file is "D:\fpga_project\cpu_ise\cpu_wi\core3\core3\usart_module.v".
WARNING:Xst:647 - Input <rx_pin> is never used. This port will be preserved and left unconnected if it belongs to a top-level block or it belongs to a sub-block and the hierarchy of this sub-block is preserved.
    Found 8-bit register for signal <counter>.
    Found 1-bit register for signal <tx_pin>.
    Found 1-bit register for signal <finished>.
    Found 1-bit register for signal <flag_wait>.
    Found 1-bit register for signal <uart_busy>.
    Found 8-bit register for signal <data_temp>.
    Found 1-bit register for signal <led>.
    Found 16-bit register for signal <clock_counter>.
    Found 16-bit adder for signal <clock_counter[15]_GND_1_o_add_1_OUT> created at line 61.
    Found 8-bit adder for signal <_n0092> created at line 75.
    Found 16-bit comparator greater for signal <n0010> created at line 72
    Found 8-bit comparator greater for signal <n0019> created at line 82
    Summary:
	inferred   2 Adder/Subtractor(s).
	inferred  37 D-type flip-flop(s).
	inferred   2 Comparator(s).
	inferred  16 Multiplexer(s).
Unit <my_usart> synthesized.

=========================================================================
HDL Synthesis Report

Macro Statistics
# Adders/Subtractors                                   : 2
 16-bit adder                                          : 1
 8-bit adder                                           : 1
# Registers                                            : 8
 1-bit register                                        : 5
 16-bit register                                       : 1
 8-bit register                                        : 2
# Comparators                                          : 2
 16-bit comparator greater                             : 1
 8-bit comparator greater                              : 1
# Multiplexers                                         : 16
 1-bit 2-to-1 multiplexer                              : 11
 16-bit 2-to-1 multiplexer                             : 1
 8-bit 2-to-1 multiplexer                              : 4

=========================================================================

=========================================================================
*                       Advanced HDL Synthesis                          *
=========================================================================


Synthesizing (advanced) Unit <my_usart>.
The following registers are absorbed into counter <clock_counter>: 1 register on signal <clock_counter>.
Unit <my_usart> synthesized (advanced).

=========================================================================
Advanced HDL Synthesis Report

Macro Statistics
# Adders/Subtractors                                   : 2
 16-bit adder                                          : 1
 8-bit adder                                           : 1
# Counters                                             : 1
 16-bit up counter                                     : 1
# Registers                                            : 21
 Flip-Flops                                            : 21
# Comparators                                          : 2
 16-bit comparator greater                             : 1
 8-bit comparator greater                              : 1
# Multiplexers                                         : 16
 1-bit 2-to-1 multiplexer                              : 11
 16-bit 2-to-1 multiplexer                             : 1
 8-bit 2-to-1 multiplexer                              : 4

=========================================================================

=========================================================================
*                         Low Level Synthesis                           *
=========================================================================

Optimizing unit <my_usart> ...
WARNING:Xst:1293 - FF/Latch <counter_4> has a constant value of 0 in block <my_usart>. This FF/Latch will be trimmed during the optimization process.
WARNING:Xst:1896 - Due to other FF/Latch trimming, FF/Latch <counter_5> has a constant value of 0 in block <my_usart>. This FF/Latch will be trimmed during the optimization process.
WARNING:Xst:1896 - Due to other FF/Latch trimming, FF/Latch <counter_6> has a constant value of 0 in block <my_usart>. This FF/Latch will be trimmed during the optimization process.
WARNING:Xst:1896 - Due to other FF/Latch trimming, FF/Latch <counter_7> has a constant value of 0 in block <my_usart>. This FF/Latch will be trimmed during the optimization process.
INFO:Xst:2261 - The FF/Latch <uart_busy> in Unit <my_usart> is equivalent to the following FF/Latch, which will be removed : <finished> 

Mapping all equations...
Building and optimizing final netlist ...
Found area constraint ratio of 100 (+ 5) on block my_usart, actual ratio is 2.

Final Macro Processing ...

=========================================================================
Final Register Report

Macro Statistics
# Registers                                            : 32
 Flip-Flops                                            : 32

=========================================================================

=========================================================================
*                           Partition Report                            *
=========================================================================

Partition Implementation Status
-------------------------------

  No Partitions were found in this design.

-------------------------------

=========================================================================
*                            Design Summary                             *
=========================================================================

Top Level Output File Name         : my_usart.ngc

Primitive and Black Box Usage:
------------------------------
# BELS                             : 188
#      GND                         : 1
#      INV                         : 1
#      LUT1                        : 15
#      LUT2                        : 52
#      LUT3                        : 2
#      LUT4                        : 19
#      LUT5                        : 6
#      LUT6                        : 19
#      MUXCY                       : 40
#      VCC                         : 1
#      XORCY                       : 32
# FlipFlops/Latches                : 32
#      FD                          : 23
#      FDE                         : 9
# Clock Buffers                    : 1
#      BUFGP                       : 1
# IO Buffers                       : 29
#      IBUF                        : 26
#      OBUF                        : 3

Device utilization summary:
---------------------------

Selected Device : 6slx9tqg144-2 


Slice Logic Utilization: 
 Number of Slice Registers:              32  out of  11440     0%  
 Number of Slice LUTs:                  114  out of   5720     1%  
    Number used as Logic:               114  out of   5720     1%  

Slice Logic Distribution: 
 Number of LUT Flip Flop pairs used:    115
   Number with an unused Flip Flop:      83  out of    115    72%  
   Number with an unused LUT:             1  out of    115     0%  
   Number of fully used LUT-FF pairs:    31  out of    115    26%  
   Number of unique control sets:         2

IO Utilization: 
 Number of IOs:                          31
 Number of bonded IOBs:                  30  out of    102    29%  

Specific Feature Utilization:
 Number of BUFG/BUFGCTRLs:                1  out of     16     6%  

---------------------------
Partition Resource Summary:
---------------------------

  No Partitions were found in this design.

---------------------------


=========================================================================
Timing Report

NOTE: THESE TIMING NUMBERS ARE ONLY A SYNTHESIS ESTIMATE.
      FOR ACCURATE TIMING INFORMATION PLEASE REFER TO THE TRACE REPORT
      GENERATED AFTER PLACE-and-ROUTE.

Clock Information:
------------------
-----------------------------------+------------------------+-------+
Clock Signal                       | Clock buffer(FF name)  | Load  |
-----------------------------------+------------------------+-------+
clock                              | BUFGP                  | 32    |
-----------------------------------+------------------------+-------+

Asynchronous Control Signals Information:
----------------------------------------
No asynchronous control signals found in this design

Timing Summary:
---------------
Speed Grade: -2

   Minimum period: 6.473ns (Maximum Frequency: 154.499MHz)
   Minimum input arrival time before clock: 7.001ns
   Maximum output required time after clock: 4.475ns
   Maximum combinational path delay: No path found

Timing Details:
---------------
All values displayed in nanoseconds (ns)

=========================================================================
Timing constraint: Default period analysis for Clock 'clock'
  Clock period: 6.473ns (frequency: 154.499MHz)
  Total number of paths / destination ports: 9049 / 41
-------------------------------------------------------------------------
Delay:               6.473ns (Levels of Logic = 21)
  Source:            clock_counter_0 (FF)
  Destination:       uart_busy (FF)
  Source Clock:      clock rising
  Destination Clock: clock rising

  Data Path: clock_counter_0 to uart_busy
                                Gate     Net
    Cell:in->out      fanout   Delay   Delay  Logical Name (Net Name)
    ----------------------------------------  ------------
     FD:C->Q               2   0.525   0.725  clock_counter_0 (clock_counter_0)
     INV:I->O              1   0.255   0.000  Madd_clock_counter[15]_GND_1_o_add_1_OUT_lut<0>_INV_0 (Madd_clock_counter[15]_GND_1_o_add_1_OUT_lut<0>)
     MUXCY:S->O            1   0.215   0.000  Madd_clock_counter[15]_GND_1_o_add_1_OUT_cy<0> (Madd_clock_counter[15]_GND_1_o_add_1_OUT_cy<0>)
     MUXCY:CI->O           1   0.023   0.000  Madd_clock_counter[15]_GND_1_o_add_1_OUT_cy<1> (Madd_clock_counter[15]_GND_1_o_add_1_OUT_cy<1>)
     MUXCY:CI->O           1   0.023   0.000  Madd_clock_counter[15]_GND_1_o_add_1_OUT_cy<2> (Madd_clock_counter[15]_GND_1_o_add_1_OUT_cy<2>)
     MUXCY:CI->O           1   0.023   0.000  Madd_clock_counter[15]_GND_1_o_add_1_OUT_cy<3> (Madd_clock_counter[15]_GND_1_o_add_1_OUT_cy<3>)
     MUXCY:CI->O           1   0.023   0.000  Madd_clock_counter[15]_GND_1_o_add_1_OUT_cy<4> (Madd_clock_counter[15]_GND_1_o_add_1_OUT_cy<4>)
     MUXCY:CI->O           1   0.023   0.000  Madd_clock_counter[15]_GND_1_o_add_1_OUT_cy<5> (Madd_clock_counter[15]_GND_1_o_add_1_OUT_cy<5>)
     MUXCY:CI->O           1   0.023   0.000  Madd_clock_counter[15]_GND_1_o_add_1_OUT_cy<6> (Madd_clock_counter[15]_GND_1_o_add_1_OUT_cy<6>)
     MUXCY:CI->O           1   0.023   0.000  Madd_clock_counter[15]_GND_1_o_add_1_OUT_cy<7> (Madd_clock_counter[15]_GND_1_o_add_1_OUT_cy<7>)
     MUXCY:CI->O           1   0.023   0.000  Madd_clock_counter[15]_GND_1_o_add_1_OUT_cy<8> (Madd_clock_counter[15]_GND_1_o_add_1_OUT_cy<8>)
     MUXCY:CI->O           1   0.023   0.000  Madd_clock_counter[15]_GND_1_o_add_1_OUT_cy<9> (Madd_clock_counter[15]_GND_1_o_add_1_OUT_cy<9>)
     MUXCY:CI->O           1   0.023   0.000  Madd_clock_counter[15]_GND_1_o_add_1_OUT_cy<10> (Madd_clock_counter[15]_GND_1_o_add_1_OUT_cy<10>)
     MUXCY:CI->O           1   0.023   0.000  Madd_clock_counter[15]_GND_1_o_add_1_OUT_cy<11> (Madd_clock_counter[15]_GND_1_o_add_1_OUT_cy<11>)
     MUXCY:CI->O           1   0.023   0.000  Madd_clock_counter[15]_GND_1_o_add_1_OUT_cy<12> (Madd_clock_counter[15]_GND_1_o_add_1_OUT_cy<12>)
     MUXCY:CI->O           1   0.023   0.000  Madd_clock_counter[15]_GND_1_o_add_1_OUT_cy<13> (Madd_clock_counter[15]_GND_1_o_add_1_OUT_cy<13>)
     MUXCY:CI->O           0   0.023   0.000  Madd_clock_counter[15]_GND_1_o_add_1_OUT_cy<14> (Madd_clock_counter[15]_GND_1_o_add_1_OUT_cy<14>)
     XORCY:CI->O           1   0.206   0.682  Madd_clock_counter[15]_GND_1_o_add_1_OUT_xor<15> (clock_counter[15]_GND_1_o_add_1_OUT<15>)
     LUT2:I1->O            2   0.254   1.002  Mmux_clock_counter[15]_GND_1_o_mux_3_OUT71 (clock_counter[15]_GND_1_o_mux_3_OUT<15>)
     LUT4:I0->O            0   0.254   0.000  Mcompar_n0010_lutdi7 (Mcompar_n0010_lutdi7)
     MUXCY:DI->O          32   0.181   1.520  Mcompar_n0010_cy<7> (Mcompar_n0010_cy<7>)
     LUT6:I5->O            1   0.254   0.000  counter_0_rstpot (counter_0_rstpot)
     FD:D                      0.074          counter_0
    ----------------------------------------
    Total                      6.473ns (2.544ns logic, 3.929ns route)
                                       (39.3% logic, 60.7% route)

=========================================================================
Timing constraint: Default OFFSET IN BEFORE for Clock 'clock'
  Total number of paths / destination ports: 2300 / 41
-------------------------------------------------------------------------
Offset:              7.001ns (Levels of Logic = 4)
  Source:            reset (PAD)
  Destination:       tx_pin (FF)
  Destination Clock: clock rising

  Data Path: reset to tx_pin
                                Gate     Net
    Cell:in->out      fanout   Delay   Delay  Logical Name (Net Name)
    ----------------------------------------  ------------
     IBUF:I->O            54   1.328   2.282  reset_IBUF (reset_IBUF)
     LUT5:I0->O           17   0.254   1.664  n001911 (n0019)
     LUT6:I0->O            1   0.254   0.910  tx_pin_glue_rst_SW1 (N18)
     LUT6:I3->O            1   0.235   0.000  tx_pin_glue_rst (tx_pin_glue_rst)
     FD:D                      0.074          tx_pin
    ----------------------------------------
    Total                      7.001ns (2.145ns logic, 4.856ns route)
                                       (30.6% logic, 69.4% route)

=========================================================================
Timing constraint: Default OFFSET OUT AFTER for Clock 'clock'
  Total number of paths / destination ports: 3 / 3
-------------------------------------------------------------------------
Offset:              4.475ns (Levels of Logic = 1)
  Source:            uart_busy (FF)
  Destination:       uart_busy (PAD)
  Source Clock:      clock rising

  Data Path: uart_busy to uart_busy
                                Gate     Net
    Cell:in->out      fanout   Delay   Delay  Logical Name (Net Name)
    ----------------------------------------  ------------
     FD:C->Q              11   0.525   1.038  uart_busy (finished)
     OBUF:I->O                 2.912          uart_busy_OBUF (uart_busy)
    ----------------------------------------
    Total                      4.475ns (3.437ns logic, 1.038ns route)
                                       (76.8% logic, 23.2% route)

=========================================================================

Cross Clock Domains Report:
--------------------------

Clock to Setup on destination clock clock
---------------+---------+---------+---------+---------+
               | Src:Rise| Src:Fall| Src:Rise| Src:Fall|
Source Clock   |Dest:Rise|Dest:Rise|Dest:Fall|Dest:Fall|
---------------+---------+---------+---------+---------+
clock          |    6.473|         |         |         |
---------------+---------+---------+---------+---------+

=========================================================================


Total REAL time to Xst completion: 5.00 secs
Total CPU time to Xst completion: 5.19 secs
 
--> 

Total memory usage is 299296 kilobytes

Number of errors   :    0 (   0 filtered)
Number of warnings :    7 (   0 filtered)
Number of infos    :    1 (   0 filtered)

