Release 14.7 - xst P.20131013 (nt64)
Copyright (c) 1995-2013 Xilinx, Inc.  All rights reserved.
--> Parameter TMPDIR set to xst/projnav.tmp


Total REAL time to Xst completion: 0.00 secs
Total CPU time to Xst completion: 0.19 secs
 
--> Parameter xsthdpdir set to xst


Total REAL time to Xst completion: 0.00 secs
Total CPU time to Xst completion: 0.21 secs
 
--> Reading design: top_leve.prj

TABLE OF CONTENTS
  1) Synthesis Options Summary
  2) HDL Parsing
  3) HDL Elaboration
  4) HDL Synthesis
       4.1) HDL Synthesis Report
  5) Advanced HDL Synthesis
       5.1) Advanced HDL Synthesis Report
  6) Low Level Synthesis
  7) Partition Report
  8) Design Summary
       8.1) Primitive and Black Box Usage
       8.2) Device utilization summary
       8.3) Partition Resource Summary
       8.4) Timing Report
            8.4.1) Clock Information
            8.4.2) Asynchronous Control Signals Information
            8.4.3) Timing Summary
            8.4.4) Timing Details
            8.4.5) Cross Clock Domains Report


=========================================================================
*                      Synthesis Options Summary                        *
=========================================================================
---- Source Parameters
Input File Name                    : "top_leve.prj"
Ignore Synthesis Constraint File   : NO

---- Target Parameters
Output File Name                   : "top_leve"
Output Format                      : NGC
Target Device                      : xc6slx9-2-tqg144

---- Source Options
Top Module Name                    : top_leve
Automatic FSM Extraction           : YES
FSM Encoding Algorithm             : Auto
Safe Implementation                : No
FSM Style                          : LUT
RAM Extraction                     : Yes
RAM Style                          : Auto
ROM Extraction                     : Yes
Shift Register Extraction          : YES
ROM Style                          : Auto
Resource Sharing                   : YES
Asynchronous To Synchronous        : NO
Shift Register Minimum Size        : 2
Use DSP Block                      : Auto
Automatic Register Balancing       : No

---- Target Options
LUT Combining                      : Off
Reduce Control Sets                : Auto
Add IO Buffers                     : YES
Global Maximum Fanout              : 100000
Add Generic Clock Buffer(BUFG)     : 16
Register Duplication               : YES
Optimize Instantiated Primitives   : NO
Use Clock Enable                   : Auto
Use Synchronous Set                : Auto
Use Synchronous Reset              : Auto
Pack IO Registers into IOBs        : Auto
Equivalent register Removal        : YES

---- General Options
Optimization Goal                  : Speed
Optimization Effort                : 1
Power Reduction                    : NO
Keep Hierarchy                     : No
Netlist Hierarchy                  : As_Optimized
RTL Output                         : Yes
Global Optimization                : AllClockNets
Read Cores                         : YES
Write Timing Constraints           : NO
Cross Clock Analysis               : NO
Hierarchy Separator                : /
Bus Delimiter                      : <>
Case Specifier                     : Maintain
Slice Utilization Ratio            : 100
BRAM Utilization Ratio             : 100
DSP48 Utilization Ratio            : 100
Auto BRAM Packing                  : NO
Slice Utilization Ratio Delta      : 5

---- Other Options
Cores Search Directories           : {"ipcore_dir"  }

=========================================================================


=========================================================================
*                          HDL Parsing                                  *
=========================================================================
Analyzing Verilog file "D:\fpga_project\cpu_ise\cpu_wi\core3\core3\usart_module.v" into library work
Parsing module <my_usart>.
Analyzing Verilog file "D:\fpga_project\cpu_ise\cpu_wi\core3\core3\ipcore_dir\microblaze_mcs_v1_4.v" into library work
Parsing module <microblaze_mcs_v1_4>.
Analyzing Verilog file "D:\fpga_project\cpu_ise\cpu_wi\core3\core3\top_leve.v" into library work
Parsing module <top_leve>.
Analyzing Verilog file "D:\fpga_project\cpu_ise\cpu_wi\core3\core3\sche.vf" into library work
Parsing module <sche>.

=========================================================================
*                            HDL Elaboration                            *
=========================================================================

Elaborating module <top_leve>.

Elaborating module <my_usart>.
WARNING:HDLCompiler:413 - "D:\fpga_project\cpu_ise\cpu_wi\core3\core3\usart_module.v" Line 61: Result of 17-bit expression is truncated to fit in 16-bit target.
WARNING:HDLCompiler:413 - "D:\fpga_project\cpu_ise\cpu_wi\core3\core3\usart_module.v" Line 75: Result of 9-bit expression is truncated to fit in 8-bit target.
WARNING:HDLCompiler:189 - "D:\fpga_project\cpu_ise\cpu_wi\core3\core3\top_leve.v" Line 40: Size mismatch in connection of port <prescaler>. Formal port size is 16-bit while actual signal size is 32-bit.
WARNING:HDLCompiler:1127 - "D:\fpga_project\cpu_ise\cpu_wi\core3\core3\top_leve.v" Line 42: Assignment to tx ignored, since the identifier is never used

Elaborating module <microblaze_mcs_v1_4>.
WARNING:HDLCompiler:634 - "D:\fpga_project\cpu_ise\cpu_wi\core3\core3\top_leve.v" Line 32: Net <GPI1[31]> does not have a driver.
WARNING:HDLCompiler:552 - "D:\fpga_project\cpu_ise\cpu_wi\core3\core3\top_leve.v" Line 35: Input port rx_pin is not connected on this instance

=========================================================================
*                           HDL Synthesis                               *
=========================================================================

Synthesizing Unit <top_leve>.
    Related source file is "D:\fpga_project\cpu_ise\cpu_wi\core3\core3\top_leve.v".
WARNING:Xst:2898 - Port 'rx_pin', unconnected in block instance 'usart1', is tied to GND.
WARNING:Xst:647 - Input <tx> is never used. This port will be preserved and left unconnected if it belongs to a top-level block or it belongs to a sub-block and the hierarchy of this sub-block is preserved.
INFO:Xst:3210 - "D:\fpga_project\cpu_ise\cpu_wi\core3\core3\top_leve.v" line 35: Output port <tx_pin> of the instance <usart1> is unconnected or connected to loadless signal.
INFO:Xst:3210 - "D:\fpga_project\cpu_ise\cpu_wi\core3\core3\top_leve.v" line 57: Output port <IO_Address> of the instance <my_micro> is unconnected or connected to loadless signal.
INFO:Xst:3210 - "D:\fpga_project\cpu_ise\cpu_wi\core3\core3\top_leve.v" line 57: Output port <IO_Byte_Enable> of the instance <my_micro> is unconnected or connected to loadless signal.
INFO:Xst:3210 - "D:\fpga_project\cpu_ise\cpu_wi\core3\core3\top_leve.v" line 57: Output port <IO_Write_Data> of the instance <my_micro> is unconnected or connected to loadless signal.
INFO:Xst:3210 - "D:\fpga_project\cpu_ise\cpu_wi\core3\core3\top_leve.v" line 57: Output port <GPO2> of the instance <my_micro> is unconnected or connected to loadless signal.
INFO:Xst:3210 - "D:\fpga_project\cpu_ise\cpu_wi\core3\core3\top_leve.v" line 57: Output port <GPO3> of the instance <my_micro> is unconnected or connected to loadless signal.
INFO:Xst:3210 - "D:\fpga_project\cpu_ise\cpu_wi\core3\core3\top_leve.v" line 57: Output port <GPO4> of the instance <my_micro> is unconnected or connected to loadless signal.
INFO:Xst:3210 - "D:\fpga_project\cpu_ise\cpu_wi\core3\core3\top_leve.v" line 57: Output port <IO_Addr_Strobe> of the instance <my_micro> is unconnected or connected to loadless signal.
INFO:Xst:3210 - "D:\fpga_project\cpu_ise\cpu_wi\core3\core3\top_leve.v" line 57: Output port <IO_Read_Strobe> of the instance <my_micro> is unconnected or connected to loadless signal.
INFO:Xst:3210 - "D:\fpga_project\cpu_ise\cpu_wi\core3\core3\top_leve.v" line 57: Output port <IO_Write_Strobe> of the instance <my_micro> is unconnected or connected to loadless signal.
INFO:Xst:3210 - "D:\fpga_project\cpu_ise\cpu_wi\core3\core3\top_leve.v" line 57: Output port <GPI1_Interrupt> of the instance <my_micro> is unconnected or connected to loadless signal.
INFO:Xst:3210 - "D:\fpga_project\cpu_ise\cpu_wi\core3\core3\top_leve.v" line 57: Output port <GPI2_Interrupt> of the instance <my_micro> is unconnected or connected to loadless signal.
INFO:Xst:3210 - "D:\fpga_project\cpu_ise\cpu_wi\core3\core3\top_leve.v" line 57: Output port <GPI3_Interrupt> of the instance <my_micro> is unconnected or connected to loadless signal.
INFO:Xst:3210 - "D:\fpga_project\cpu_ise\cpu_wi\core3\core3\top_leve.v" line 57: Output port <GPI4_Interrupt> of the instance <my_micro> is unconnected or connected to loadless signal.
INFO:Xst:3210 - "D:\fpga_project\cpu_ise\cpu_wi\core3\core3\top_leve.v" line 57: Output port <INTC_IRQ> of the instance <my_micro> is unconnected or connected to loadless signal.
WARNING:Xst:653 - Signal <GPI1<31:1>> is used but never assigned. This sourceless signal will be automatically connected to value GND.
    Summary:
	no macro.
Unit <top_leve> synthesized.

Synthesizing Unit <my_usart>.
    Related source file is "D:\fpga_project\cpu_ise\cpu_wi\core3\core3\usart_module.v".
WARNING:Xst:647 - Input <rx_pin> is never used. This port will be preserved and left unconnected if it belongs to a top-level block or it belongs to a sub-block and the hierarchy of this sub-block is preserved.
    Found 8-bit register for signal <counter>.
    Found 1-bit register for signal <tx_pin>.
    Found 1-bit register for signal <finished>.
    Found 1-bit register for signal <flag_wait>.
    Found 1-bit register for signal <uart_busy>.
    Found 8-bit register for signal <data_temp>.
    Found 1-bit register for signal <led>.
    Found 16-bit register for signal <clock_counter>.
    Found 16-bit adder for signal <clock_counter[15]_GND_2_o_add_1_OUT> created at line 61.
    Found 8-bit adder for signal <_n0094> created at line 75.
    Found 16-bit comparator greater for signal <n0010> created at line 72
    Found 8-bit comparator greater for signal <n0019> created at line 82
    Summary:
	inferred   2 Adder/Subtractor(s).
	inferred  37 D-type flip-flop(s).
	inferred   2 Comparator(s).
	inferred  16 Multiplexer(s).
Unit <my_usart> synthesized.

=========================================================================
HDL Synthesis Report

Macro Statistics
# Adders/Subtractors                                   : 2
 16-bit adder                                          : 1
 8-bit adder                                           : 1
# Registers                                            : 8
 1-bit register                                        : 5
 16-bit register                                       : 1
 8-bit register                                        : 2
# Comparators                                          : 2
 16-bit comparator greater                             : 1
 8-bit comparator greater                              : 1
# Multiplexers                                         : 16
 1-bit 2-to-1 multiplexer                              : 11
 16-bit 2-to-1 multiplexer                             : 1
 8-bit 2-to-1 multiplexer                              : 4

=========================================================================

=========================================================================
*                       Advanced HDL Synthesis                          *
=========================================================================

Reading core <ipcore_dir/microblaze_mcs_v1_4.ngc>.
Loading core <microblaze_mcs_v1_4> for timing and area information for instance <my_micro>.

Synthesizing (advanced) Unit <my_usart>.
The following registers are absorbed into counter <clock_counter>: 1 register on signal <clock_counter>.
Unit <my_usart> synthesized (advanced).

=========================================================================
Advanced HDL Synthesis Report

Macro Statistics
# Adders/Subtractors                                   : 2
 16-bit adder                                          : 1
 8-bit adder                                           : 1
# Counters                                             : 1
 16-bit up counter                                     : 1
# Registers                                            : 21
 Flip-Flops                                            : 21
# Comparators                                          : 2
 16-bit comparator greater                             : 1
 8-bit comparator greater                              : 1
# Multiplexers                                         : 16
 1-bit 2-to-1 multiplexer                              : 11
 16-bit 2-to-1 multiplexer                             : 1
 8-bit 2-to-1 multiplexer                              : 4

=========================================================================

=========================================================================
*                         Low Level Synthesis                           *
=========================================================================

Optimizing unit <top_leve> ...

Optimizing unit <my_usart> ...
WARNING:Xst:2677 - Node <usart1/tx_pin> of sequential type is unconnected in block <top_leve>.
WARNING:Xst:2677 - Node <usart1/data_temp_7> of sequential type is unconnected in block <top_leve>.
WARNING:Xst:2677 - Node <usart1/data_temp_6> of sequential type is unconnected in block <top_leve>.
WARNING:Xst:2677 - Node <usart1/data_temp_5> of sequential type is unconnected in block <top_leve>.
WARNING:Xst:2677 - Node <usart1/data_temp_4> of sequential type is unconnected in block <top_leve>.
WARNING:Xst:2677 - Node <usart1/data_temp_3> of sequential type is unconnected in block <top_leve>.
WARNING:Xst:2677 - Node <usart1/data_temp_2> of sequential type is unconnected in block <top_leve>.
WARNING:Xst:2677 - Node <usart1/data_temp_1> of sequential type is unconnected in block <top_leve>.
WARNING:Xst:2677 - Node <usart1/data_temp_0> of sequential type is unconnected in block <top_leve>.
WARNING:Xst:1710 - FF/Latch <usart1/clock_counter_15> (without init value) has a constant value of 0 in block <top_leve>. This FF/Latch will be trimmed during the optimization process.
WARNING:Xst:1895 - Due to other FF/Latch trimming, FF/Latch <usart1/clock_counter_14> (without init value) has a constant value of 0 in block <top_leve>. This FF/Latch will be trimmed during the optimization process.
WARNING:Xst:1895 - Due to other FF/Latch trimming, FF/Latch <usart1/clock_counter_13> (without init value) has a constant value of 0 in block <top_leve>. This FF/Latch will be trimmed during the optimization process.
WARNING:Xst:1895 - Due to other FF/Latch trimming, FF/Latch <usart1/clock_counter_12> (without init value) has a constant value of 0 in block <top_leve>. This FF/Latch will be trimmed during the optimization process.
WARNING:Xst:1896 - Due to other FF/Latch trimming, FF/Latch <usart1/counter_7> has a constant value of 0 in block <top_leve>. This FF/Latch will be trimmed during the optimization process.
WARNING:Xst:1896 - Due to other FF/Latch trimming, FF/Latch <usart1/counter_6> has a constant value of 0 in block <top_leve>. This FF/Latch will be trimmed during the optimization process.
WARNING:Xst:1896 - Due to other FF/Latch trimming, FF/Latch <usart1/counter_5> has a constant value of 0 in block <top_leve>. This FF/Latch will be trimmed during the optimization process.
WARNING:Xst:1896 - Due to other FF/Latch trimming, FF/Latch <usart1/counter_4> has a constant value of 0 in block <top_leve>. This FF/Latch will be trimmed during the optimization process.
INFO:Xst:2261 - The FF/Latch <usart1/finished> in Unit <top_leve> is equivalent to the following FF/Latch, which will be removed : <usart1/uart_busy> 

Mapping all equations...
Building and optimizing final netlist ...
Found area constraint ratio of 100 (+ 5) on block top_leve, actual ratio is 16.
INFO:Xst:2260 - The FF/Latch <U0/iomodule_0/IOModule_Core_I1/intr_ctrl_I1/cipr_rd_dff_all[15].fdr_i> in Unit <my_micro> is equivalent to the following 15 FFs/Latches : <U0/iomodule_0/IOModule_Core_I1/intr_ctrl_I1/cipr_rd_dff_all[14].fdr_i> <U0/iomodule_0/IOModule_Core_I1/intr_ctrl_I1/cipr_rd_dff_all[13].fdr_i> <U0/iomodule_0/IOModule_Core_I1/intr_ctrl_I1/cipr_rd_dff_all[12].fdr_i> <U0/iomodule_0/IOModule_Core_I1/intr_ctrl_I1/cipr_rd_dff_all[11].fdr_i> <U0/iomodule_0/IOModule_Core_I1/intr_ctrl_I1/cipr_rd_dff_all[10].fdr_i> <U0/iomodule_0/IOModule_Core_I1/intr_ctrl_I1/cipr_rd_dff_all[9].fdr_i> <U0/iomodule_0/IOModule_Core_I1/intr_ctrl_I1/cipr_rd_dff_all[8].fdr_i> <U0/iomodule_0/IOModule_Core_I1/intr_ctrl_I1/cipr_rd_dff_all[7].fdr_i> <U0/iomodule_0/IOModule_Core_I1/intr_ctrl_I1/cipr_rd_dff_all[6].fdr_i> <U0/iomodule_0/IOModule_Core_I1/intr_ctrl_I1/cipr_rd_dff_all[5].fdr_i> <U0/iomodule_0/IOModule_Core_I1/intr_ctrl_I1/cipr_rd_dff_all[4].fdr_i> <U0/iomodule_0/IOModule_Core_I1/intr_ctrl_I1/cipr_rd_dff_all[3].fdr_i>
   <U0/iomodule_0/IOModule_Core_I1/intr_ctrl_I1/cipr_rd_dff_all[2].fdr_i> <U0/iomodule_0/IOModule_Core_I1/intr_ctrl_I1/cipr_rd_dff_all[1].fdr_i> <U0/iomodule_0/IOModule_Core_I1/intr_ctrl_I1/cipr_rd_dff_all[0].fdr_i> 
INFO:Xst:2260 - The FF/Latch <U0/ilmb/POR_FF_I> in Unit <my_micro> is equivalent to the following FF/Latch : <U0/dlmb/POR_FF_I> 
INFO:Xst:2260 - The FF/Latch <U0/iomodule_0/IOModule_Core_I1/intr_ctrl_I1/cipr_rd_dff_all[15].fdr_i> in Unit <my_micro> is equivalent to the following 15 FFs/Latches : <U0/iomodule_0/IOModule_Core_I1/intr_ctrl_I1/cipr_rd_dff_all[14].fdr_i> <U0/iomodule_0/IOModule_Core_I1/intr_ctrl_I1/cipr_rd_dff_all[13].fdr_i> <U0/iomodule_0/IOModule_Core_I1/intr_ctrl_I1/cipr_rd_dff_all[12].fdr_i> <U0/iomodule_0/IOModule_Core_I1/intr_ctrl_I1/cipr_rd_dff_all[11].fdr_i> <U0/iomodule_0/IOModule_Core_I1/intr_ctrl_I1/cipr_rd_dff_all[10].fdr_i> <U0/iomodule_0/IOModule_Core_I1/intr_ctrl_I1/cipr_rd_dff_all[9].fdr_i> <U0/iomodule_0/IOModule_Core_I1/intr_ctrl_I1/cipr_rd_dff_all[8].fdr_i> <U0/iomodule_0/IOModule_Core_I1/intr_ctrl_I1/cipr_rd_dff_all[7].fdr_i> <U0/iomodule_0/IOModule_Core_I1/intr_ctrl_I1/cipr_rd_dff_all[6].fdr_i> <U0/iomodule_0/IOModule_Core_I1/intr_ctrl_I1/cipr_rd_dff_all[5].fdr_i> <U0/iomodule_0/IOModule_Core_I1/intr_ctrl_I1/cipr_rd_dff_all[4].fdr_i> <U0/iomodule_0/IOModule_Core_I1/intr_ctrl_I1/cipr_rd_dff_all[3].fdr_i>
   <U0/iomodule_0/IOModule_Core_I1/intr_ctrl_I1/cipr_rd_dff_all[2].fdr_i> <U0/iomodule_0/IOModule_Core_I1/intr_ctrl_I1/cipr_rd_dff_all[1].fdr_i> <U0/iomodule_0/IOModule_Core_I1/intr_ctrl_I1/cipr_rd_dff_all[0].fdr_i> 
INFO:Xst:2260 - The FF/Latch <U0/ilmb/POR_FF_I> in Unit <my_micro> is equivalent to the following FF/Latch : <U0/dlmb/POR_FF_I> 

Final Macro Processing ...

=========================================================================
Final Register Report

Macro Statistics
# Registers                                            : 19
 Flip-Flops                                            : 19

=========================================================================

=========================================================================
*                           Partition Report                            *
=========================================================================

Partition Implementation Status
-------------------------------

  No Partitions were found in this design.

-------------------------------

=========================================================================
*                            Design Summary                             *
=========================================================================

Top Level Output File Name         : top_leve.ngc

Primitive and Black Box Usage:
------------------------------
# BELS                             : 1157
#      GND                         : 2
#      INV                         : 8
#      LUT1                        : 14
#      LUT2                        : 62
#      LUT3                        : 81
#      LUT4                        : 209
#      LUT5                        : 70
#      LUT6                        : 353
#      LUT6_2                      : 90
#      MULT_AND                    : 3
#      MUXCY                       : 23
#      MUXCY_L                     : 74
#      MUXF5                       : 64
#      MUXF7                       : 30
#      VCC                         : 2
#      XORCY                       : 72
# FlipFlops/Latches                : 1263
#      FD                          : 109
#      FDE                         : 527
#      FDR                         : 278
#      FDRE                        : 328
#      FDS                         : 6
#      FDSE                        : 15
# RAMS                             : 96
#      RAM32X1D                    : 64
#      RAMB16BWER                  : 32
# Shift Registers                  : 46
#      SRL16E                      : 46
# Clock Buffers                    : 1
#      BUFGP                       : 1
# IO Buffers                       : 2
#      IBUF                        : 1
#      OBUF                        : 1

Device utilization summary:
---------------------------

Selected Device : 6slx9tqg144-2 


Slice Logic Utilization: 
 Number of Slice Registers:            1263  out of  11440    11%  
 Number of Slice LUTs:                 1061  out of   5720    18%  
    Number used as Logic:               887  out of   5720    15%  
    Number used as Memory:              174  out of   1440    12%  
       Number used as RAM:              128
       Number used as SRL:               46

Slice Logic Distribution: 
 Number of LUT Flip Flop pairs used:   2041
   Number with an unused Flip Flop:     778  out of   2041    38%  
   Number with an unused LUT:           980  out of   2041    48%  
   Number of fully used LUT-FF pairs:   283  out of   2041    13%  
   Number of unique control sets:        72

IO Utilization: 
 Number of IOs:                           4
 Number of bonded IOBs:                   3  out of    102     2%  

Specific Feature Utilization:
 Number of Block RAM/FIFO:               32  out of     32   100%  
    Number using Block RAM only:         32
 Number of BUFG/BUFGCTRLs:                1  out of     16     6%  

---------------------------
Partition Resource Summary:
---------------------------

  No Partitions were found in this design.

---------------------------


=========================================================================
Timing Report

NOTE: THESE TIMING NUMBERS ARE ONLY A SYNTHESIS ESTIMATE.
      FOR ACCURATE TIMING INFORMATION PLEASE REFER TO THE TRACE REPORT
      GENERATED AFTER PLACE-and-ROUTE.

Clock Information:
------------------
-----------------------------------+------------------------+-------+
Clock Signal                       | Clock buffer(FF name)  | Load  |
-----------------------------------+------------------------+-------+
clock                              | BUFGP                  | 1405  |
-----------------------------------+------------------------+-------+

Asynchronous Control Signals Information:
----------------------------------------
No asynchronous control signals found in this design

Timing Summary:
---------------
Speed Grade: -2

   Minimum period: 8.694ns (Maximum Frequency: 115.023MHz)
   Minimum input arrival time before clock: 7.271ns
   Maximum output required time after clock: 4.277ns
   Maximum combinational path delay: No path found

Timing Details:
---------------
All values displayed in nanoseconds (ns)

=========================================================================
Timing constraint: Default period analysis for Clock 'clock'
  Clock period: 8.694ns (frequency: 115.023MHz)
  Total number of paths / destination ports: 253667 / 4681
-------------------------------------------------------------------------
Delay:               8.694ns (Levels of Logic = 5)
  Source:            my_micro/U0/microblaze_I/MicroBlaze_Core_I/Area.Decode_I/PreFetch_Buffer_I/Using_FPGA.Buffer_DFFs[1].FDS_I (FF)
  Destination:       my_micro/U0/microblaze_I/MicroBlaze_Core_I/Area.Data_Flow_I/Operand_Select_I/Using_FPGA.OpSelect_Bits[23].Operand_Select_Bit_I/Op2_DFF (FF)
  Source Clock:      clock rising
  Destination Clock: clock rising

  Data Path: my_micro/U0/microblaze_I/MicroBlaze_Core_I/Area.Decode_I/PreFetch_Buffer_I/Using_FPGA.Buffer_DFFs[1].FDS_I to my_micro/U0/microblaze_I/MicroBlaze_Core_I/Area.Data_Flow_I/Operand_Select_I/Using_FPGA.OpSelect_Bits[23].Operand_Select_Bit_I/Op2_DFF
                                Gate     Net
    Cell:in->out      fanout   Delay   Delay  Logical Name (Net Name)
    ----------------------------------------  ------------
     FDS:C->Q             49   0.525   1.803  U0/microblaze_I/MicroBlaze_Core_I/Area.Decode_I/PreFetch_Buffer_I/Using_FPGA.Buffer_DFFs[1].FDS_I (U0/microblaze_I/MicroBlaze_Core_I/Area.buffer_Addr<1>)
     SRL16E:A2->Q         52   0.254   2.113  U0/microblaze_I/MicroBlaze_Core_I/Area.Decode_I/PreFetch_Buffer_I/Using_FPGA.PreFetch_Buffers[16].SRL16E_I/Use_unisim.MB_SRL16E_I1 (U0/microblaze_I/MicroBlaze_Core_I/Area.imm_Value<0>)
     LUT4:I0->O            1   0.254   0.958  U0/microblaze_I/MicroBlaze_Core_I/Area.Decode_I/Using_FPGA.Res_Forward2_LUT1 (U0/microblaze_I/MicroBlaze_Core_I/Area.Decode_I/Using_FPGA.res_forward2_1)
     LUT4:I0->O           46   0.254   2.030  U0/microblaze_I/MicroBlaze_Core_I/Area.Decode_I/Using_FPGA.Res_Forward2_LUT4 (U0/microblaze_I/MicroBlaze_Core_I/Area.res_Forward2)
     LUT6:I2->O            1   0.254   0.000  U0/microblaze_I/MicroBlaze_Core_I/Area.Data_Flow_I/Operand_Select_I/Using_FPGA.OpSelect_Bits[23].Operand_Select_Bit_I/Mmux_op2_I12_G (N177)
     MUXF7:I1->O           1   0.175   0.000  U0/microblaze_I/MicroBlaze_Core_I/Area.Data_Flow_I/Operand_Select_I/Using_FPGA.OpSelect_Bits[23].Operand_Select_Bit_I/Mmux_op2_I12 (U0/microblaze_I/MicroBlaze_Core_I/Area.Data_Flow_I/Operand_Select_I/Using_FPGA.OpSelect_Bits[23].Operand_Select_Bit_I/op2_I)
     FDE:D                     0.074          U0/microblaze_I/MicroBlaze_Core_I/Area.Data_Flow_I/Operand_Select_I/Using_FPGA.OpSelect_Bits[23].Operand_Select_Bit_I/Op2_DFF
    ----------------------------------------
    Total                      8.694ns (1.790ns logic, 6.904ns route)
                                       (20.6% logic, 79.4% route)

=========================================================================
Timing constraint: Default OFFSET IN BEFORE for Clock 'clock'
  Total number of paths / destination ports: 158 / 34
-------------------------------------------------------------------------
Offset:              7.271ns (Levels of Logic = 5)
  Source:            reset (PAD)
  Destination:       usart1/finished (FF)
  Destination Clock: clock rising

  Data Path: reset to usart1/finished
                                Gate     Net
    Cell:in->out      fanout   Delay   Delay  Logical Name (Net Name)
    ----------------------------------------  ------------
     IBUF:I->O            37   1.328   1.604  reset_IBUF (reset_IBUF)
     LUT5:I4->O            5   0.254   0.841  usart1/n001911 (usart1/n0019)
     LUT5:I4->O            5   0.254   1.271  usart1/Mmux_finished_finished_MUX_68_o111_SW1 (N16)
     LUT6:I1->O            1   0.254   1.137  usart1/finished_glue_rst_SW0 (N18)
     LUT6:I0->O            1   0.254   0.000  usart1/finished_glue_rst (usart1/finished_glue_rst)
     FD:D                      0.074          usart1/finished
    ----------------------------------------
    Total                      7.271ns (2.418ns logic, 4.853ns route)
                                       (33.3% logic, 66.7% route)

=========================================================================
Timing constraint: Default OFFSET OUT AFTER for Clock 'clock'
  Total number of paths / destination ports: 1 / 1
-------------------------------------------------------------------------
Offset:              4.277ns (Levels of Logic = 1)
  Source:            usart1/led (FF)
  Destination:       led (PAD)
  Source Clock:      clock rising

  Data Path: usart1/led to led
                                Gate     Net
    Cell:in->out      fanout   Delay   Delay  Logical Name (Net Name)
    ----------------------------------------  ------------
     FD:C->Q               5   0.525   0.840  usart1/led (usart1/led)
     OBUF:I->O                 2.912          led_OBUF (led)
    ----------------------------------------
    Total                      4.277ns (3.437ns logic, 0.840ns route)
                                       (80.4% logic, 19.6% route)

=========================================================================

Cross Clock Domains Report:
--------------------------

Clock to Setup on destination clock clock
---------------+---------+---------+---------+---------+
               | Src:Rise| Src:Fall| Src:Rise| Src:Fall|
Source Clock   |Dest:Rise|Dest:Rise|Dest:Fall|Dest:Fall|
---------------+---------+---------+---------+---------+
clock          |    8.694|         |         |         |
---------------+---------+---------+---------+---------+

=========================================================================


Total REAL time to Xst completion: 12.00 secs
Total CPU time to Xst completion: 12.22 secs
 
--> 

Total memory usage is 315488 kilobytes

Number of errors   :    0 (   0 filtered)
Number of warnings :   27 (   0 filtered)
Number of infos    :   20 (   0 filtered)

