Release 14.7 Xflow P.20131013 (nt64)
Copyright (c) 1995-2013 Xilinx, Inc.  All rights reserved.
xflow.exe -wd implementation -p xc6slx9tqg144-2 -implement xflow.opt system.ngc 
 
PMSPEC -- Overriding Xilinx file
<F:/xilinx/embeded_development_kit/14.7/ISE_DS/EDK/spartan6/data/spartan6.acd>
with local file
<F:/xilinx/embeded_development_kit/14.7/ISE_DS/ISE/spartan6/data/spartan6.acd>

Using Flow File: D:/fpga_project/cpu/24_axi/implementation/fpga.flw 
Using Option File(s): 
 D:/fpga_project/cpu/24_axi/implementation/xflow.opt 

Creating Script File ... 

#----------------------------------------------#
# Starting program ngdbuild
# ngdbuild -p xc6slx9tqg144-2 -nt timestamp -bm system.bmm
"D:/fpga_project/cpu/24_axi/implementation/system.ngc" -uc system.ucf system.ngd
 
#----------------------------------------------#
Release 14.7 - ngdbuild P.20131013 (nt64)
Copyright (c) 1995-2013 Xilinx, Inc.  All rights reserved.
PMSPEC -- Overriding Xilinx file
<F:/xilinx/embeded_development_kit/14.7/ISE_DS/EDK/spartan6/data/spartan6.acd>
with local file
<F:/xilinx/embeded_development_kit/14.7/ISE_DS/ISE/spartan6/data/spartan6.acd>

Command Line:
F:\xilinx\embeded_development_kit\14.7\ISE_DS\ISE\bin\nt64\unwrapped\ngdbuild.ex
e -p xc6slx9tqg144-2 -nt timestamp -bm system.bmm
D:/fpga_project/cpu/24_axi/implementation/system.ngc -uc system.ucf system.ngd

Reading NGO file "D:/fpga_project/cpu/24_axi/implementation/system.ngc" ...
Loading design module
"D:/fpga_project/cpu/24_axi/implementation/system_proc_sys_reset_0_wrapper.ngc".
..
Loading design module
"D:/fpga_project/cpu/24_axi/implementation/system_clock_generator_0_wrapper.ngc"
...
Loading design module
"D:/fpga_project/cpu/24_axi/implementation/system_usart_0_wrapper.ngc"...
Loading design module
"D:/fpga_project/cpu/24_axi/implementation/system_microblaze_0_ilmb_wrapper.ngc"
...
Loading design module
"D:/fpga_project/cpu/24_axi/implementation/system_microblaze_0_dlmb_wrapper.ngc"
...
Loading design module
"D:/fpga_project/cpu/24_axi/implementation/system_axi4lite_0_wrapper.ngc"...
Loading design module
"D:/fpga_project/cpu/24_axi/implementation/system_microblaze_0_wrapper.ngc"...
Loading design module
"D:/fpga_project/cpu/24_axi/implementation/system_microblaze_0_i_bram_ctrl_wrapp
er.ngc"...
Loading design module
"D:/fpga_project/cpu/24_axi/implementation/system_microblaze_0_d_bram_ctrl_wrapp
er.ngc"...
Loading design module
"D:/fpga_project/cpu/24_axi/implementation/system_debug_module_wrapper.ngc"...
Loading design module
"D:/fpga_project/cpu/24_axi/implementation/system_led_0_wrapper.ngc"...
Loading design module
"D:/fpga_project/cpu/24_axi/implementation/system_microblaze_0_bram_block_wrappe
r.ngc"...
Applying constraints in
"D:/fpga_project/cpu/24_axi/implementation/system_microblaze_0_ilmb_wrapper.ncf"
to module "microblaze_0_ilmb"...
Checking Constraint Associations...
Applying constraints in
"D:/fpga_project/cpu/24_axi/implementation/system_microblaze_0_dlmb_wrapper.ncf"
to module "microblaze_0_dlmb"...
Checking Constraint Associations...
Applying constraints in
"D:/fpga_project/cpu/24_axi/implementation/system_axi4lite_0_wrapper.ncf" to
module "axi4lite_0"...
Checking Constraint Associations...
Applying constraints in
"D:/fpga_project/cpu/24_axi/implementation/system_microblaze_0_wrapper.ncf" to
module "microblaze_0"...
Checking Constraint Associations...
Gathering constraint information from source properties...
Done.

Annotating constraints to design from ucf file "system.ucf" ...
Resolving constraint associations...
Checking Constraint Associations...
WARNING:ConstraintSystem:135 - Constraint <INST
   /system/EXPANDED/system/axi4lite_0/axi4lite_0\/si_converter_bank\/gen_conv_sl
   ot[0].clock_conv_inst\/interconnect_aresetn_resync<2>_inv1_INV_0 TNM =
   FFS:axi4lite_0_reset_resync>: No instances of type FFS were found under block
   "axi4lite_0/axi4lite_0/si_converter_bank/gen_conv_slot[0].clock_conv_inst/int
   erconnect_aresetn_resync<2>_inv1_INV_0" (type=INV).

WARNING:ConstraintSystem:58 - Constraint <TIMEGRP axi4lite_0_reset_source = FFS
   PADS CPUS;>: CPUS "*" does not match any design objects.

WARNING:ConstraintSystem:194 - The TNM 'axi4lite_0_reset_resync', does not
   directly or indirectly drive any flip-flops, latches and/or RAMs and is not
   actively used by any referencing constraint.

INFO:ConstraintSystem:178 - TNM 'sys_clk_pin', used in period specification
   'TS_sys_clk_pin', was traced into PLL_ADV instance
   clock_generator_0/PLL0_INST/Using_PLL_ADV.PLL_ADV_inst. The following new TNM
   groups and period specifications were generated at the PLL_ADV output(s): 
   CLKOUT0: <TIMESPEC TS_clock_generator_0_clock_generator_0_SIG_PLL0_CLKOUT0 =
   PERIOD "clock_generator_0_clock_generator_0_SIG_PLL0_CLKOUT0" TS_sys_clk_pin
   HIGH 50%>

Done...

Processing BMM file "system.bmm" ...

Checking expanded design ...
WARNING:NgdBuild:443 - SFF primitive
   'microblaze_0/microblaze_0/MicroBlaze_Core_I/Performance.Decode_I/Using_FPGA.
   Gen_Bits[27].MEM_EX_Result_Inst' has unconnected output pin

Partition Implementation Status
-------------------------------

  No Partitions were found in this design.

-------------------------------

NGDBUILD Design Results Summary:
  Number of errors:     0
  Number of warnings:   4

Writing NGD file "system.ngd" ...
Total REAL time to NGDBUILD completion:  37 sec
Total CPU time to NGDBUILD completion:   36 sec

Writing NGDBUILD log file "system.bld"...

NGDBUILD done.



#----------------------------------------------#
# Starting program map
# map -o system_map.ncd -w -pr b -ol high -timing -detail system.ngd system.pcf 
#----------------------------------------------#
Release 14.7 - Map P.20131013 (nt64)
Copyright (c) 1995-2013 Xilinx, Inc.  All rights reserved.
PMSPEC -- Overriding Xilinx file
<F:/xilinx/embeded_development_kit/14.7/ISE_DS/EDK/data/Xdh_PrimTypeLib.xda>
with local file
<F:/xilinx/embeded_development_kit/14.7/ISE_DS/ISE/data/Xdh_PrimTypeLib.xda>
Using target part "6slx9tqg144-2".
Mapping design into LUTs...
Writing file system_map.ngm...
Running directed packing...
Running delay-based LUT packing...
Updating timing models...
INFO:Map:215 - The Interim Design Summary has been generated in the MAP Report
   (.mrp).
Running timing-driven placement...
Total REAL time at the beginning of Placer: 9 secs 
Total CPU  time at the beginning of Placer: 7 secs 

Phase 1.1  Initial Placement Analysis
Phase 1.1  Initial Placement Analysis (Checksum:a424eefe) REAL time: 9 secs 

Phase 2.7  Design Feasibility Check
INFO:Place:834 - Only a subset of IOs are locked. Out of 15 IOs, 10 are locked
   and 5 are not locked. If you would like to print the names of these IOs,
   please set the environment variable XIL_PAR_DESIGN_CHECK_VERBOSE to 1. 
Phase 2.7  Design Feasibility Check (Checksum:a424eefe) REAL time: 9 secs 

Phase 3.31  Local Placement Optimization
Phase 3.31  Local Placement Optimization (Checksum:df0dab6e) REAL time: 9 secs 

Phase 4.2  Initial Placement for Architecture Specific Features
....
Phase 4.2  Initial Placement for Architecture Specific Features
(Checksum:252465a6) REAL time: 13 secs 

Phase 5.36  Local Placement Optimization
Phase 5.36  Local Placement Optimization (Checksum:252465a6) REAL time: 13 secs 

Phase 6.30  Global Clock Region Assignment
Phase 6.30  Global Clock Region Assignment (Checksum:252465a6) REAL time: 13 secs 

Phase 7.3  Local Placement Optimization
....
Phase 7.3  Local Placement Optimization (Checksum:478df894) REAL time: 13 secs 

Phase 8.5  Local Placement Optimization
Phase 8.5  Local Placement Optimization (Checksum:6208915f) REAL time: 13 secs 

Phase 9.8  Global Placement
.............................
.................................
............................................
............................................
........................................
Phase 9.8  Global Placement (Checksum:76dbcd40) REAL time: 25 secs 

Phase 10.5  Local Placement Optimization
Phase 10.5  Local Placement Optimization (Checksum:76dbcd40) REAL time: 25 secs 

Phase 11.18  Placement Optimization
Phase 11.18  Placement Optimization (Checksum:c6dfa2a3) REAL time: 28 secs 

Phase 12.5  Local Placement Optimization
Phase 12.5  Local Placement Optimization (Checksum:c6dfa2a3) REAL time: 28 secs 

Phase 13.34  Placement Validation
Phase 13.34  Placement Validation (Checksum:ef237edf) REAL time: 28 secs 

Total REAL time to Placer completion: 28 secs 
Total CPU  time to Placer completion: 27 secs 
Running post-placement packing...
Writing output files...

Design Summary:
Number of errors:      0
Number of warnings:   18
Slice Logic Utilization:
  Number of Slice Registers:                 1,414 out of  11,440   12%
    Number used as Flip Flops:               1,407
    Number used as Latches:                      0
    Number used as Latch-thrus:                  0
    Number used as AND/OR logics:                7
  Number of Slice LUTs:                      1,849 out of   5,720   32%
    Number used as logic:                    1,680 out of   5,720   29%
      Number using O6 output only:           1,302
      Number using O5 output only:              55
      Number using O5 and O6:                  323
      Number used as ROM:                        0
    Number used as Memory:                     130 out of   1,440    9%
      Number used as Dual Port RAM:             64
        Number using O6 output only:             0
        Number using O5 output only:             0
        Number using O5 and O6:                 64
      Number used as Single Port RAM:            0
      Number used as Shift Register:            66
        Number using O6 output only:            19
        Number using O5 output only:             1
        Number using O5 and O6:                 46
    Number used exclusively as route-thrus:     39
      Number with same-slice register load:     35
      Number with same-slice carry load:         4
      Number with other load:                    0

Slice Logic Distribution:
  Number of occupied Slices:                   745 out of   1,430   52%
  Number of MUXCYs used:                       240 out of   2,860    8%
  Number of LUT Flip Flop pairs used:        2,189
    Number with an unused Flip Flop:           867 out of   2,189   39%
    Number with an unused LUT:                 340 out of   2,189   15%
    Number of fully used LUT-FF pairs:         982 out of   2,189   44%
    Number of unique control sets:             106
    Number of slice register sites lost
      to control set restrictions:             433 out of  11,440    3%

  A LUT Flip Flop pair for this architecture represents one LUT paired with
  one Flip Flop within a slice.  A control set is a unique combination of
  clock, reset, set, and enable signals for a registered element.
  The Slice Logic Distribution report is not meaningful if the design is
  over-mapped for a non-slice resource or if Placement fails.

IO Utilization:
  Number of bonded IOBs:                        15 out of     102   14%
    Number of LOCed IOBs:                        9 out of      15   60%

Specific Feature Utilization:
  Number of RAMB16BWERs:                        16 out of      32   50%
  Number of RAMB8BWERs:                          0 out of      64    0%
  Number of BUFIO2/BUFIO2_2CLKs:                 1 out of      32    3%
    Number used as BUFIO2s:                      1
    Number used as BUFIO2_2CLKs:                 0
  Number of BUFIO2FB/BUFIO2FB_2CLKs:             0 out of      32    0%
  Number of BUFG/BUFGMUXs:                       3 out of      16   18%
    Number used as BUFGs:                        3
    Number used as BUFGMUX:                      0
  Number of DCM/DCM_CLKGENs:                     0 out of       4    0%
  Number of ILOGIC2/ISERDES2s:                   0 out of     200    0%
  Number of IODELAY2/IODRP2/IODRP2_MCBs:         0 out of     200    0%
  Number of OLOGIC2/OSERDES2s:                   0 out of     200    0%
  Number of BSCANs:                              1 out of       4   25%
  Number of BUFHs:                               0 out of     128    0%
  Number of BUFPLLs:                             0 out of       8    0%
  Number of BUFPLL_MCBs:                         0 out of       4    0%
  Number of DSP48A1s:                            3 out of      16   18%
  Number of ICAPs:                               0 out of       1    0%
  Number of MCBs:                                0 out of       2    0%
  Number of PCILOGICSEs:                         0 out of       2    0%
  Number of PLL_ADVs:                            1 out of       2   50%
  Number of PMVs:                                0 out of       1    0%
  Number of STARTUPs:                            0 out of       1    0%
  Number of SUSPEND_SYNCs:                       0 out of       1    0%

Average Fanout of Non-Clock Nets:                4.12

Peak Memory Usage:  531 MB
Total REAL time to MAP completion:  30 secs 
Total CPU time to MAP completion:   28 secs 

Mapping completed.
See MAP report file "system_map.mrp" for details.



#----------------------------------------------#
# Starting program par
# par -w -ol high system_map.ncd system.ncd system.pcf 
#----------------------------------------------#
Release 14.7 - par P.20131013 (nt64)
Copyright (c) 1995-2013 Xilinx, Inc.  All rights reserved.
PMSPEC -- Overriding Xilinx file <F:/xilinx/embeded_development_kit/14.7/ISE_DS/EDK/data/parBmgr.acd> with local file
<F:/xilinx/embeded_development_kit/14.7/ISE_DS/ISE/data/parBmgr.acd>



Constraints file: system.pcf.
Loading device for application Rf_Device from file '6slx9.nph' in environment
F:\xilinx\embeded_development_kit\14.7\ISE_DS\ISE\;F:\xilinx\embeded_development_kit\14.7\ISE_DS\EDK.
   "system" is an NCD, version 3.2, device xc6slx9, package tqg144, speed -2

Initializing temperature to 85.000 Celsius. (default - Range: 0.000 to 85.000 Celsius)
Initializing voltage to 1.140 Volts. (default - Range: 1.140 to 1.260 Volts)


Device speed data version:  "PRODUCTION 1.23 2013-10-13".



Device Utilization Summary:

Slice Logic Utilization:
  Number of Slice Registers:                 1,414 out of  11,440   12%
    Number used as Flip Flops:               1,407
    Number used as Latches:                      0
    Number used as Latch-thrus:                  0
    Number used as AND/OR logics:                7
  Number of Slice LUTs:                      1,849 out of   5,720   32%
    Number used as logic:                    1,680 out of   5,720   29%
      Number using O6 output only:           1,302
      Number using O5 output only:              55
      Number using O5 and O6:                  323
      Number used as ROM:                        0
    Number used as Memory:                     130 out of   1,440    9%
      Number used as Dual Port RAM:             64
        Number using O6 output only:             0
        Number using O5 output only:             0
        Number using O5 and O6:                 64
      Number used as Single Port RAM:            0
      Number used as Shift Register:            66
        Number using O6 output only:            19
        Number using O5 output only:             1
        Number using O5 and O6:                 46
    Number used exclusively as route-thrus:     39
      Number with same-slice register load:     35
      Number with same-slice carry load:         4
      Number with other load:                    0

Slice Logic Distribution:
  Number of occupied Slices:                   745 out of   1,430   52%
  Number of MUXCYs used:                       240 out of   2,860    8%
  Number of LUT Flip Flop pairs used:        2,189
    Number with an unused Flip Flop:           867 out of   2,189   39%
    Number with an unused LUT:                 340 out of   2,189   15%
    Number of fully used LUT-FF pairs:         982 out of   2,189   44%
    Number of slice register sites lost
      to control set restrictions:               0 out of  11,440    0%

  A LUT Flip Flop pair for this architecture represents one LUT paired with
  one Flip Flop within a slice.  A control set is a unique combination of
  clock, reset, set, and enable signals for a registered element.
  The Slice Logic Distribution report is not meaningful if the design is
  over-mapped for a non-slice resource or if Placement fails.

IO Utilization:
  Number of bonded IOBs:                        15 out of     102   14%
    Number of LOCed IOBs:                        9 out of      15   60%

Specific Feature Utilization:
  Number of RAMB16BWERs:                        16 out of      32   50%
  Number of RAMB8BWERs:                          0 out of      64    0%
  Number of BUFIO2/BUFIO2_2CLKs:                 1 out of      32    3%
    Number used as BUFIO2s:                      1
    Number used as BUFIO2_2CLKs:                 0
  Number of BUFIO2FB/BUFIO2FB_2CLKs:             0 out of      32    0%
  Number of BUFG/BUFGMUXs:                       3 out of      16   18%
    Number used as BUFGs:                        3
    Number used as BUFGMUX:                      0
  Number of DCM/DCM_CLKGENs:                     0 out of       4    0%
  Number of ILOGIC2/ISERDES2s:                   0 out of     200    0%
  Number of IODELAY2/IODRP2/IODRP2_MCBs:         0 out of     200    0%
  Number of OLOGIC2/OSERDES2s:                   0 out of     200    0%
  Number of BSCANs:                              1 out of       4   25%
  Number of BUFHs:                               0 out of     128    0%
  Number of BUFPLLs:                             0 out of       8    0%
  Number of BUFPLL_MCBs:                         0 out of       4    0%
  Number of DSP48A1s:                            3 out of      16   18%
  Number of ICAPs:                               0 out of       1    0%
  Number of MCBs:                                0 out of       2    0%
  Number of PCILOGICSEs:                         0 out of       2    0%
  Number of PLL_ADVs:                            1 out of       2   50%
  Number of PMVs:                                0 out of       1    0%
  Number of STARTUPs:                            0 out of       1    0%
  Number of SUSPEND_SYNCs:                       0 out of       1    0%


Overall effort level (-ol):   High 
Router effort level (-rl):    High 

INFO:Timing:3386 - Intersecting Constraints found and resolved.  For more information, see the TSI report.  Please consult the Xilinx
   Command Line Tools User Guide for information on generating a TSI report.
Starting initial Timing Analysis.  REAL time: 6 secs 
Finished initial Timing Analysis.  REAL time: 6 secs 

WARNING:Par:288 - The signal
   microblaze_0/microblaze_0/MicroBlaze_Core_I/Performance.Data_Flow_I/Register_File_I/Using_LUT6.All_RAM32M[11].ram32m_i_RAMD_D1_O has no
   load.  PAR will not attempt to route this signal.
WARNING:Par:288 - The signal
   microblaze_0/microblaze_0/MicroBlaze_Core_I/Performance.Data_Flow_I/Register_File_I/Using_LUT6.All_RAM32M[10].ram32m_i_RAMD_D1_O has no
   load.  PAR will not attempt to route this signal.
WARNING:Par:288 - The signal
   microblaze_0/microblaze_0/MicroBlaze_Core_I/Performance.Data_Flow_I/Register_File_I/Using_LUT6.All_RAM32M[6].ram32m_i_RAMD_D1_O has no
   load.  PAR will not attempt to route this signal.
WARNING:Par:288 - The signal
   microblaze_0/microblaze_0/MicroBlaze_Core_I/Performance.Data_Flow_I/Register_File_I/Using_LUT6.All_RAM32M[7].ram32m_i_RAMD_D1_O has no
   load.  PAR will not attempt to route this signal.
WARNING:Par:288 - The signal
   microblaze_0/microblaze_0/MicroBlaze_Core_I/Performance.Data_Flow_I/Register_File_I/Using_LUT6.All_RAM32M[2].ram32m_i_RAMD_D1_O has no
   load.  PAR will not attempt to route this signal.
WARNING:Par:288 - The signal
   microblaze_0/microblaze_0/MicroBlaze_Core_I/Performance.Data_Flow_I/Register_File_I/Using_LUT6.All_RAM32M[15].ram32m_i_RAMD_D1_O has no
   load.  PAR will not attempt to route this signal.
WARNING:Par:288 - The signal
   microblaze_0/microblaze_0/MicroBlaze_Core_I/Performance.Data_Flow_I/Register_File_I/Using_LUT6.All_RAM32M[9].ram32m_i_RAMD_D1_O has no
   load.  PAR will not attempt to route this signal.
WARNING:Par:288 - The signal
   microblaze_0/microblaze_0/MicroBlaze_Core_I/Performance.Data_Flow_I/Register_File_I/Using_LUT6.All_RAM32M[8].ram32m_i_RAMD_D1_O has no
   load.  PAR will not attempt to route this signal.
WARNING:Par:288 - The signal
   microblaze_0/microblaze_0/MicroBlaze_Core_I/Performance.Data_Flow_I/Register_File_I/Using_LUT6.All_RAM32M[4].ram32m_i_RAMD_D1_O has no
   load.  PAR will not attempt to route this signal.
WARNING:Par:288 - The signal
   microblaze_0/microblaze_0/MicroBlaze_Core_I/Performance.Data_Flow_I/Register_File_I/Using_LUT6.All_RAM32M[1].ram32m_i_RAMD_D1_O has no
   load.  PAR will not attempt to route this signal.
WARNING:Par:288 - The signal
   microblaze_0/microblaze_0/MicroBlaze_Core_I/Performance.Data_Flow_I/Register_File_I/Using_LUT6.All_RAM32M[14].ram32m_i_RAMD_D1_O has no
   load.  PAR will not attempt to route this signal.
WARNING:Par:288 - The signal
   microblaze_0/microblaze_0/MicroBlaze_Core_I/Performance.Data_Flow_I/Register_File_I/Using_LUT6.All_RAM32M[13].ram32m_i_RAMD_D1_O has no
   load.  PAR will not attempt to route this signal.
WARNING:Par:288 - The signal
   microblaze_0/microblaze_0/MicroBlaze_Core_I/Performance.Data_Flow_I/Register_File_I/Using_LUT6.All_RAM32M[12].ram32m_i_RAMD_D1_O has no
   load.  PAR will not attempt to route this signal.
WARNING:Par:288 - The signal
   microblaze_0/microblaze_0/MicroBlaze_Core_I/Performance.Data_Flow_I/Register_File_I/Using_LUT6.All_RAM32M[5].ram32m_i_RAMD_D1_O has no
   load.  PAR will not attempt to route this signal.
WARNING:Par:288 - The signal
   microblaze_0/microblaze_0/MicroBlaze_Core_I/Performance.Data_Flow_I/Register_File_I/Using_LUT6.All_RAM32M[3].ram32m_i_RAMD_D1_O has no
   load.  PAR will not attempt to route this signal.
WARNING:Par:288 - The signal microblaze_0_d_bram_ctrl_2_microblaze_0_bram_block_BRAM_Addr<30> has no load.  PAR will not attempt to route
   this signal.
WARNING:Par:288 - The signal
   microblaze_0/microblaze_0/MicroBlaze_Core_I/Performance.Data_Flow_I/Register_File_I/Using_LUT6.All_RAM32M[0].ram32m_i_RAMD_D1_O has no
   load.  PAR will not attempt to route this signal.
WARNING:Par:288 - The signal microblaze_0_d_bram_ctrl_2_microblaze_0_bram_block_BRAM_Addr<31> has no load.  PAR will not attempt to route
   this signal.
Starting Router


Phase  1  : 13628 unrouted;      REAL time: 7 secs 

Phase  2  : 10786 unrouted;      REAL time: 8 secs 

Phase  3  : 4646 unrouted;      REAL time: 12 secs 

Phase  4  : 4646 unrouted; (Setup:0, Hold:0, Component Switching Limit:0)     REAL time: 13 secs 

Updating file: system.ncd with current fully routed design.

Phase  5  : 0 unrouted; (Setup:0, Hold:0, Component Switching Limit:0)     REAL time: 17 secs 

Phase  6  : 0 unrouted; (Setup:0, Hold:0, Component Switching Limit:0)     REAL time: 17 secs 

Phase  7  : 0 unrouted; (Setup:0, Hold:0, Component Switching Limit:0)     REAL time: 17 secs 

Phase  8  : 0 unrouted; (Setup:0, Hold:0, Component Switching Limit:0)     REAL time: 17 secs 

Phase  9  : 0 unrouted; (Setup:0, Hold:0, Component Switching Limit:0)     REAL time: 17 secs 

Phase 10  : 0 unrouted; (Setup:0, Hold:0, Component Switching Limit:0)     REAL time: 18 secs 
Total REAL time to Router completion: 18 secs 
Total CPU time to Router completion: 15 secs 

Partition Implementation Status
-------------------------------

  No Partitions were found in this design.

-------------------------------

Generating "PAR" statistics.

**************************
Generating Clock Report
**************************

+---------------------+--------------+------+------+------------+-------------+
|        Clock Net    |   Resource   |Locked|Fanout|Net Skew(ns)|Max Delay(ns)|
+---------------------+--------------+------+------+------------+-------------+
|      clk_50_0000MHz |  BUFGMUX_X2Y3| No   |  600 |  0.120     |  1.511      |
+---------------------+--------------+------+------+------------+-------------+
|microblaze_0_debug_D |              |      |      |            |             |
|              bg_Clk |  BUFGMUX_X2Y2| No   |   58 |  0.088     |  1.483      |
+---------------------+--------------+------+------+------------+-------------+
|usart_0_clock_pin_BU |              |      |      |            |             |
|                 FGP | BUFGMUX_X3Y13| No   |   13 |  0.063     |  1.492      |
+---------------------+--------------+------+------+------------+-------------+
|microblaze_0_debug_D |              |      |      |            |             |
|           bg_Update |         Local|      |   19 |  4.125     |  5.129      |
+---------------------+--------------+------+------+------------+-------------+

* Net Skew is the difference between the minimum and maximum routing
only delays for the net. Note this is different from Clock Skew which
is reported in TRCE timing report. Clock Skew is the difference between
the minimum and maximum path delays which includes logic delays.

* The fanout is the number of component pins not the individual BEL loads,
for example SLICE loads not FF loads.

Timing Score: 0 (Setup: 0, Hold: 0, Component Switching Limit: 0)

Number of Timing Constraints that were not applied: 1

Asterisk (*) preceding a constraint indicates it was not met.
   This may be due to a setup or hold violation.

----------------------------------------------------------------------------------------------------------
  Constraint                                |    Check    | Worst Case |  Best Case | Timing |   Timing   
                                            |             |    Slack   | Achievable | Errors |    Score   
----------------------------------------------------------------------------------------------------------
  TS_clock_generator_0_clock_generator_0_SI | SETUP       |     8.124ns|    11.876ns|       0|           0
  G_PLL0_CLKOUT0 = PERIOD TIMEGRP         " | HOLD        |     0.301ns|            |       0|           0
  clock_generator_0_clock_generator_0_SIG_P |             |            |            |        |            
  LL0_CLKOUT0" TS_sys_clk_pin         HIGH  |             |            |            |        |            
  50%                                       |             |            |            |        |            
----------------------------------------------------------------------------------------------------------
  TS_sys_clk_pin = PERIOD TIMEGRP "sys_clk_ | MINLOWPULSE |    15.000ns|     5.000ns|       0|           0
  pin" 50 MHz HIGH 50%                      |             |            |            |        |            
----------------------------------------------------------------------------------------------------------
  PATH "TS_TIG_microblaze_0_Reset_path" TIG | SETUP       |         N/A|     3.484ns|     N/A|           0
----------------------------------------------------------------------------------------------------------
  PATH "TS_axi4lite_0_reset_resync_path" TI | MAXDELAY    |         N/A|     6.142ns|     N/A|           0
  G                                         |             |            |            |        |            
----------------------------------------------------------------------------------------------------------
  PATH "TS_TIG_microblaze_0_dlmb_POR_FF_I_p | SETUP       |         N/A|     1.705ns|     N/A|           0
  ath" TIG                                  |             |            |            |        |            
----------------------------------------------------------------------------------------------------------
  PATH "TS_TIG_microblaze_0_ilmb_POR_FF_I_p | SETUP       |         N/A|     2.981ns|     N/A|           0
  ath" TIG                                  |             |            |            |        |            
----------------------------------------------------------------------------------------------------------


Derived Constraint Report
Review Timing Report for more details on the following derived constraints.
To create a Timing Report, run "trce -v 12 -fastpaths -o design_timing_report design.ncd design.pcf"
or "Run Timing Analysis" from Timing Analyzer (timingan).
Derived Constraints for TS_sys_clk_pin
+-------------------------------+-------------+-------------+-------------+-------------+-------------+-------------+-------------+
|                               |   Period    |       Actual Period       |      Timing Errors        |      Paths Analyzed       |
|           Constraint          | Requirement |-------------+-------------|-------------+-------------|-------------+-------------|
|                               |             |   Direct    | Derivative  |   Direct    | Derivative  |   Direct    | Derivative  |
+-------------------------------+-------------+-------------+-------------+-------------+-------------+-------------+-------------+
|TS_sys_clk_pin                 |     20.000ns|      5.000ns|     11.876ns|            0|            0|            0|       255435|
| TS_clock_generator_0_clock_gen|     20.000ns|     11.876ns|          N/A|            0|            0|       255435|            0|
| erator_0_SIG_PLL0_CLKOUT0     |             |             |             |             |             |             |             |
+-------------------------------+-------------+-------------+-------------+-------------+-------------+-------------+-------------+

All constraints were met.
INFO:Timing:2761 - N/A entries in the Constraints List may indicate that the 
   constraint is not analyzed due to the following: No paths covered by this 
   constraint; Other constraints intersect with this constraint; or This 
   constraint was disabled by a Path Tracing Control. Please run the Timespec 
   Interaction Report (TSI) via command line (trce tsi) or Timing Analyzer GUI.


Generating Pad Report.

All signals are completely routed.

WARNING:Par:283 - There are 18 loadless signals in this design. This design will cause Bitgen to issue DRC warnings.

Total REAL time to PAR completion: 19 secs 
Total CPU time to PAR completion: 16 secs 

Peak Memory Usage:  474 MB

Placer: Placement generated during map.
Routing: Completed - No errors found.
Timing: Completed - No errors found.

Number of error messages: 0
Number of warning messages: 20
Number of info messages: 1

Writing design to file system.ncd



PAR done!



#----------------------------------------------#
# Starting program post_par_trce
# trce -e 3 -xml system.twx system.ncd system.pcf 
#----------------------------------------------#
Release 14.7 - Trace  (nt64)
Copyright (c) 1995-2013 Xilinx, Inc.  All rights reserved.


PMSPEC -- Overriding Xilinx file
<F:/xilinx/embeded_development_kit/14.7/ISE_DS/EDK/spartan6/data/spartan6.acd>
with local file
<F:/xilinx/embeded_development_kit/14.7/ISE_DS/ISE/spartan6/data/spartan6.acd>
Loading device for application Rf_Device from file '6slx9.nph' in environment
F:\xilinx\embeded_development_kit\14.7\ISE_DS\ISE\;F:\xilinx\embeded_development
_kit\14.7\ISE_DS\EDK.
   "system" is an NCD, version 3.2, device xc6slx9, package tqg144, speed -2
INFO:Timing:3386 - Intersecting Constraints found and resolved.  For more
   information, see the TSI report.  Please consult the Xilinx Command Line
   Tools User Guide for information on generating a TSI report.
--------------------------------------------------------------------------------
Release 14.7 Trace  (nt64)
Copyright (c) 1995-2013 Xilinx, Inc.  All rights reserved.

F:\xilinx\embeded_development_kit\14.7\ISE_DS\ISE\bin\nt64\unwrapped\trce.exe
-e 3 -xml system.twx system.ncd system.pcf


Design file:              system.ncd
Physical constraint file: system.pcf
Device,speed:             xc6slx9,-2 (PRODUCTION 1.23 2013-10-13)
Report level:             error report
--------------------------------------------------------------------------------

INFO:Timing:3412 - To improve timing, see the Timing Closure User Guide (UG612).
INFO:Timing:2752 - To get complete path coverage, use the unconstrained paths option. All paths that are not constrained will be reported in
   the unconstrained paths section(s) of the report.
INFO:Timing:3339 - The clock-to-out numbers in this timing report are based on a 50 Ohm transmission line loading model.  For the details of
   this model, and for more information on accounting for different loading conditions, please see the device datasheet.


Timing summary:
---------------

Timing errors: 0  Score: 0 (Setup/Max: 0, Hold: 0)

Constraints cover 255451 paths, 0 nets, and 10296 connections

Design statistics:
   Minimum period:  11.876ns (Maximum frequency:  84.203MHz)


Analysis completed Tue Aug 21 19:22:04 2018
--------------------------------------------------------------------------------

Generating Report ...

Number of warnings: 0
Number of info messages: 4
Total time: 5 secs 


