Release 14.7 Xflow P.20131013 (nt64)
Copyright (c) 1995-2013 Xilinx, Inc.  All rights reserved.
xflow.exe -wd implementation -p xc6slx4tqg144-3 -implement xflow.opt system.ngc 
 
PMSPEC -- Overriding Xilinx file
<F:/xilinx/embeded_development_kit/14.7/ISE_DS/EDK/spartan6/data/spartan6.acd>
with local file
<F:/xilinx/embeded_development_kit/14.7/ISE_DS/ISE/spartan6/data/spartan6.acd>

Using Flow File: D:/fpga_project/cpu/18/implementation/fpga.flw 
Using Option File(s): 
 D:/fpga_project/cpu/18/implementation/xflow.opt 

Creating Script File ... 

#----------------------------------------------#
# Starting program ngdbuild
# ngdbuild -p xc6slx4tqg144-3 -nt timestamp -bm system.bmm
"D:/fpga_project/cpu/18/implementation/system.ngc" -uc system.ucf system.ngd 
#----------------------------------------------#
Release 14.7 - ngdbuild P.20131013 (nt64)
Copyright (c) 1995-2013 Xilinx, Inc.  All rights reserved.
PMSPEC -- Overriding Xilinx file
<F:/xilinx/embeded_development_kit/14.7/ISE_DS/EDK/spartan6/data/spartan6.acd>
with local file
<F:/xilinx/embeded_development_kit/14.7/ISE_DS/ISE/spartan6/data/spartan6.acd>

Command Line:
F:\xilinx\embeded_development_kit\14.7\ISE_DS\ISE\bin\nt64\unwrapped\ngdbuild.ex
e -p xc6slx4tqg144-3 -nt timestamp -bm system.bmm
D:/fpga_project/cpu/18/implementation/system.ngc -uc system.ucf system.ngd

Reading NGO file "D:/fpga_project/cpu/18/implementation/system.ngc" ...
Loading design module
"D:/fpga_project/cpu/18/implementation/system_clock_generator_0_wrapper.ngc"...
Loading design module
"D:/fpga_project/cpu/18/implementation/system_proc_sys_reset_0_wrapper.ngc"...
Loading design module
"D:/fpga_project/cpu/18/implementation/system_usart_0_wrapper.ngc"...
Loading design module
"D:/fpga_project/cpu/18/implementation/system_microblaze_0_wrapper.ngc"...
Loading design module
"D:/fpga_project/cpu/18/implementation/system_mb_plb_wrapper.ngc"...
Loading design module
"D:/fpga_project/cpu/18/implementation/system_ilmb_wrapper.ngc"...
Loading design module
"D:/fpga_project/cpu/18/implementation/system_dlmb_wrapper.ngc"...
Loading design module
"D:/fpga_project/cpu/18/implementation/system_dlmb_cntlr_wrapper.ngc"...
Loading design module
"D:/fpga_project/cpu/18/implementation/system_ilmb_cntlr_wrapper.ngc"...
Loading design module
"D:/fpga_project/cpu/18/implementation/system_mdm_0_wrapper.ngc"...
Loading design module
"D:/fpga_project/cpu/18/implementation/system_lmb_bram_wrapper.ngc"...
Gathering constraint information from source properties...
Done.

Annotating constraints to design from ucf file "system.ucf" ...
Resolving constraint associations...
Checking Constraint Associations...
INFO:ConstraintSystem:178 - TNM 'sys_clk_pin', used in period specification
   'TS_sys_clk_pin', was traced into PLL_ADV instance
   clock_generator_0/PLL0_INST/Using_PLL_ADV.PLL_ADV_inst. The following new TNM
   groups and period specifications were generated at the PLL_ADV output(s): 
   CLKOUT0: <TIMESPEC TS_clock_generator_0_clock_generator_0_SIG_PLL0_CLKOUT0 =
   PERIOD "clock_generator_0_clock_generator_0_SIG_PLL0_CLKOUT0" TS_sys_clk_pin
   HIGH 50%>

Done...

Processing BMM file "system.bmm" ...

Checking expanded design ...
WARNING:NgdBuild:443 - SFF primitive
   'microblaze_0/microblaze_0/MicroBlaze_Core_I/Performance.Decode_I/Using_FPGA.
   Gen_Bits[27].MEM_EX_Result_Inst' has unconnected output pin

Partition Implementation Status
-------------------------------

  No Partitions were found in this design.

-------------------------------

NGDBUILD Design Results Summary:
  Number of errors:     0
  Number of warnings:   1

Writing NGD file "system.ngd" ...
Total REAL time to NGDBUILD completion:  23 sec
Total CPU time to NGDBUILD completion:   16 sec

Writing NGDBUILD log file "system.bld"...

NGDBUILD done.



#----------------------------------------------#
# Starting program map
# map -o system_map.ncd -w -pr b -ol high -timing -detail system.ngd system.pcf 
#----------------------------------------------#
Release 14.7 - Map P.20131013 (nt64)
Copyright (c) 1995-2013 Xilinx, Inc.  All rights reserved.
PMSPEC -- Overriding Xilinx file
<F:/xilinx/embeded_development_kit/14.7/ISE_DS/EDK/data/Xdh_PrimTypeLib.xda>
with local file
<F:/xilinx/embeded_development_kit/14.7/ISE_DS/ISE/data/Xdh_PrimTypeLib.xda>
Using target part "6slx4tqg144-3".
Mapping design into LUTs...
Writing file system_map.ngm...
Running directed packing...
Running delay-based LUT packing...
Updating timing models...
ERROR:Pack:2310 - Too many comps of type "RAMB16BWER" found to fit this device.
ERROR:Map:237 - The design is too large to fit the device.  Please check the Design Summary section to see which resource requirement for
   your design exceeds the resources available in the device. Note that the number of slices reported may not be reflected accurately as
   their packing might not have been completed.

Mapping completed.
See MAP report file "system_map.mrp" for details.
Problem encountered during the packing phase.

Design Summary
--------------
Number of errors   :   2
Number of warnings :   0
ERROR:Xflow - Program map returned error code 2. Aborting flow execution...
