Release 14.7 Xflow P.20131013 (nt64)
Copyright (c) 1995-2013 Xilinx, Inc.  All rights reserved.
xflow.exe -wd implementation -p xc6slx4tqg144-2 -implement xflow.opt system.ngc 
 
PMSPEC -- Overriding Xilinx file
<F:/xilinx/embeded_development_kit/14.7/ISE_DS/EDK/spartan6/data/spartan6.acd>
with local file
<F:/xilinx/embeded_development_kit/14.7/ISE_DS/ISE/spartan6/data/spartan6.acd>
.... Copying flowfile
F:/xilinx/embeded_development_kit/14.7/ISE_DS/ISE/xilinx/data/fpga.flw into
working directory D:/fpga_project/cpu/27_axi/implementation 

Using Flow File: D:/fpga_project/cpu/27_axi/implementation/fpga.flw 
Using Option File(s): 
 D:/fpga_project/cpu/27_axi/implementation/xflow.opt 

Creating Script File ... 

#----------------------------------------------#
# Starting program ngdbuild
# ngdbuild -p xc6slx4tqg144-2 -nt timestamp -bm system.bmm
"D:/fpga_project/cpu/27_axi/implementation/system.ngc" -uc system.ucf system.ngd
 
#----------------------------------------------#
Release 14.7 - ngdbuild P.20131013 (nt64)
Copyright (c) 1995-2013 Xilinx, Inc.  All rights reserved.
PMSPEC -- Overriding Xilinx file
<F:/xilinx/embeded_development_kit/14.7/ISE_DS/EDK/spartan6/data/spartan6.acd>
with local file
<F:/xilinx/embeded_development_kit/14.7/ISE_DS/ISE/spartan6/data/spartan6.acd>

Command Line:
F:\xilinx\embeded_development_kit\14.7\ISE_DS\ISE\bin\nt64\unwrapped\ngdbuild.ex
e -p xc6slx4tqg144-2 -nt timestamp -bm system.bmm
D:/fpga_project/cpu/27_axi/implementation/system.ngc -uc system.ucf system.ngd

Reading NGO file "D:/fpga_project/cpu/27_axi/implementation/system.ngc" ...
Loading design module
"D:/fpga_project/cpu/27_axi/implementation/system_proc_sys_reset_0_wrapper.ngc".
..
Loading design module
"D:/fpga_project/cpu/27_axi/implementation/system_clock_generator_0_wrapper.ngc"
...
Loading design module
"D:/fpga_project/cpu/27_axi/implementation/system_microblaze_0_ilmb_wrapper.ngc"
...
Loading design module
"D:/fpga_project/cpu/27_axi/implementation/system_microblaze_0_dlmb_wrapper.ngc"
...
Loading design module
"D:/fpga_project/cpu/27_axi/implementation/system_axi4lite_0_wrapper.ngc"...
Loading design module
"D:/fpga_project/cpu/27_axi/implementation/system_microblaze_0_wrapper.ngc"...
Loading design module
"D:/fpga_project/cpu/27_axi/implementation/system_microblaze_0_i_bram_ctrl_wrapp
er.ngc"...
Loading design module
"D:/fpga_project/cpu/27_axi/implementation/system_microblaze_0_d_bram_ctrl_wrapp
er.ngc"...
Loading design module
"D:/fpga_project/cpu/27_axi/implementation/system_debug_module_wrapper.ngc"...
Loading design module
"D:/fpga_project/cpu/27_axi/implementation/system_led_0_wrapper.ngc"...
Loading design module
"D:/fpga_project/cpu/27_axi/implementation/system_microblaze_0_bram_block_wrappe
r.ngc"...
Applying constraints in
"D:/fpga_project/cpu/27_axi/implementation/system_microblaze_0_ilmb_wrapper.ncf"
to module "microblaze_0_ilmb"...
Checking Constraint Associations...
Applying constraints in
"D:/fpga_project/cpu/27_axi/implementation/system_microblaze_0_dlmb_wrapper.ncf"
to module "microblaze_0_dlmb"...
Checking Constraint Associations...
Applying constraints in
"D:/fpga_project/cpu/27_axi/implementation/system_axi4lite_0_wrapper.ncf" to
module "axi4lite_0"...
Checking Constraint Associations...
Applying constraints in
"D:/fpga_project/cpu/27_axi/implementation/system_microblaze_0_wrapper.ncf" to
module "microblaze_0"...
Checking Constraint Associations...
Gathering constraint information from source properties...
Done.

Annotating constraints to design from ucf file "system.ucf" ...
Resolving constraint associations...
Checking Constraint Associations...
WARNING:ConstraintSystem:135 - Constraint <INST
   /system/EXPANDED/system/axi4lite_0/axi4lite_0\/si_converter_bank\/gen_conv_sl
   ot[0].clock_conv_inst\/interconnect_aresetn_resync<2>_inv1_INV_0 TNM =
   FFS:axi4lite_0_reset_resync>: No instances of type FFS were found under block
   "axi4lite_0/axi4lite_0/si_converter_bank/gen_conv_slot[0].clock_conv_inst/int
   erconnect_aresetn_resync<2>_inv1_INV_0" (type=INV).

WARNING:ConstraintSystem:58 - Constraint <TIMEGRP axi4lite_0_reset_source = FFS
   PADS CPUS;>: CPUS "*" does not match any design objects.

WARNING:ConstraintSystem:194 - The TNM 'axi4lite_0_reset_resync', does not
   directly or indirectly drive any flip-flops, latches and/or RAMs and is not
   actively used by any referencing constraint.

INFO:ConstraintSystem:178 - TNM 'sys_clk_pin', used in period specification
   'TS_sys_clk_pin', was traced into PLL_ADV instance
   clock_generator_0/PLL0_INST/Using_PLL_ADV.PLL_ADV_inst. The following new TNM
   groups and period specifications were generated at the PLL_ADV output(s): 
   CLKOUT0: <TIMESPEC TS_clock_generator_0_clock_generator_0_SIG_PLL0_CLKOUT0 =
   PERIOD "clock_generator_0_clock_generator_0_SIG_PLL0_CLKOUT0" TS_sys_clk_pin
   HIGH 50%>

Done...

Processing BMM file "system.bmm" ...

Checking expanded design ...
WARNING:NgdBuild:443 - SFF primitive
   'microblaze_0/microblaze_0/MicroBlaze_Core_I/Performance.Decode_I/Using_FPGA.
   Gen_Bits[27].MEM_EX_Result_Inst' has unconnected output pin

Partition Implementation Status
-------------------------------

  No Partitions were found in this design.

-------------------------------

NGDBUILD Design Results Summary:
  Number of errors:     0
  Number of warnings:   4

Writing NGD file "system.ngd" ...
Total REAL time to NGDBUILD completion:  39 sec
Total CPU time to NGDBUILD completion:   36 sec

Writing NGDBUILD log file "system.bld"...

NGDBUILD done.



#----------------------------------------------#
# Starting program map
# map -o system_map.ncd -w -pr b -ol high -timing -detail system.ngd system.pcf 
#----------------------------------------------#
Release 14.7 - Map P.20131013 (nt64)
Copyright (c) 1995-2013 Xilinx, Inc.  All rights reserved.
PMSPEC -- Overriding Xilinx file
<F:/xilinx/embeded_development_kit/14.7/ISE_DS/EDK/data/Xdh_PrimTypeLib.xda>
with local file
<F:/xilinx/embeded_development_kit/14.7/ISE_DS/ISE/data/Xdh_PrimTypeLib.xda>
Using target part "6slx4tqg144-2".
Mapping design into LUTs...
Writing file system_map.ngm...
Running directed packing...
Running delay-based LUT packing...
Updating timing models...
ERROR:Pack:2310 - Too many comps of type "RAMB16BWER" found to fit this device.
ERROR:Map:237 - The design is too large to fit the device.  Please check the Design Summary section to see which resource requirement for
   your design exceeds the resources available in the device. Note that the number of slices reported may not be reflected accurately as
   their packing might not have been completed.

Mapping completed.
See MAP report file "system_map.mrp" for details.
Problem encountered during the packing phase.

Design Summary
--------------
Number of errors   :   2
Number of warnings :   0
ERROR:Xflow - Program map returned error code 2. Aborting flow execution...
