ISim log file
Running: D:\fpga_project\pwm_fpga\pwm_tester_isim_beh.exe -intstyle ise -gui -tclbatch isim.cmd -wdb D:/fpga_project/pwm_fpga/pwm_tester_isim_beh.wdb 
ISim P.20131013 (signature 0x7708f090)
This is a Full version of ISim.
Time resolution is 1 ps
# onerror resume
# wave add /
# run 1000 ns
Simulator is doing circuit initialization process.
Finished circuit initialization process.
# isim force add /pwm_tester/key 0 -radix bin
# run 1.00us
# run 1.00us
# run 1.00us
# run 1.00us
# run 1.00us
# isim force add /pwm_tester/key 1 -radix bin
# run 1.00us
# isim force add /pwm_tester/key 1 -radix bin -value 0 -radix bin -time 5 ps -repeat 10 ps
# run 1s
The simulator has terminated in an unexpected manner.  Please review the ISim log (isim.log) for details.
# isim force add /pwm_tester/clock 1 -radix bin -value 1 -radix bin -time 500 fs -repeat 1 ps
Command failed: # isim force add /pwm_tester/clock 1 -radix bin -value 1 -radix bin -time 500 fs -repeat 1 ps Simulator command interrupted.

Simulation engine not responding
ISim P.20131013 (signature 0x7708f090)
This is a Full version of ISim.
