Release 14.7 - xst P.20131013 (nt64)
Copyright (c) 1995-2013 Xilinx, Inc.  All rights reserved.
--> Parameter TMPDIR set to xst/projnav.tmp


Total REAL time to Xst completion: 1.00 secs
Total CPU time to Xst completion: 0.15 secs
 
--> Parameter xsthdpdir set to xst


Total REAL time to Xst completion: 1.00 secs
Total CPU time to Xst completion: 0.15 secs
 
--> Reading design: pwm.prj

TABLE OF CONTENTS
  1) Synthesis Options Summary
  2) HDL Parsing
  3) HDL Elaboration
  4) HDL Synthesis
       4.1) HDL Synthesis Report
  5) Advanced HDL Synthesis
       5.1) Advanced HDL Synthesis Report
  6) Low Level Synthesis
  7) Partition Report
  8) Design Summary
       8.1) Primitive and Black Box Usage
       8.2) Device utilization summary
       8.3) Partition Resource Summary
       8.4) Timing Report
            8.4.1) Clock Information
            8.4.2) Asynchronous Control Signals Information
            8.4.3) Timing Summary
            8.4.4) Timing Details
            8.4.5) Cross Clock Domains Report


=========================================================================
*                      Synthesis Options Summary                        *
=========================================================================
---- Source Parameters
Input File Name                    : "pwm.prj"
Ignore Synthesis Constraint File   : NO

---- Target Parameters
Output File Name                   : "pwm"
Output Format                      : NGC
Target Device                      : xc6slx9-2-tqg144

---- Source Options
Top Module Name                    : pwm
Automatic FSM Extraction           : YES
FSM Encoding Algorithm             : Auto
Safe Implementation                : No
FSM Style                          : LUT
RAM Extraction                     : Yes
RAM Style                          : Auto
ROM Extraction                     : Yes
Shift Register Extraction          : YES
ROM Style                          : Auto
Resource Sharing                   : YES
Asynchronous To Synchronous        : NO
Shift Register Minimum Size        : 2
Use DSP Block                      : Auto
Automatic Register Balancing       : No

---- Target Options
LUT Combining                      : Auto
Reduce Control Sets                : Auto
Add IO Buffers                     : YES
Global Maximum Fanout              : 100000
Add Generic Clock Buffer(BUFG)     : 16
Register Duplication               : YES
Optimize Instantiated Primitives   : NO
Use Clock Enable                   : Auto
Use Synchronous Set                : Auto
Use Synchronous Reset              : Auto
Pack IO Registers into IOBs        : Auto
Equivalent register Removal        : YES

---- General Options
Optimization Goal                  : Speed
Optimization Effort                : 1
Power Reduction                    : NO
Keep Hierarchy                     : No
Netlist Hierarchy                  : As_Optimized
RTL Output                         : Yes
Global Optimization                : AllClockNets
Read Cores                         : YES
Write Timing Constraints           : NO
Cross Clock Analysis               : NO
Hierarchy Separator                : /
Bus Delimiter                      : <>
Case Specifier                     : Maintain
Slice Utilization Ratio            : 100
BRAM Utilization Ratio             : 100
DSP48 Utilization Ratio            : 100
Auto BRAM Packing                  : NO
Slice Utilization Ratio Delta      : 5

=========================================================================


=========================================================================
*                          HDL Parsing                                  *
=========================================================================
Analyzing Verilog file "D:\fpga_project\pwm_fpga\pwm.v" into library work
Parsing module <pwm>.

=========================================================================
*                            HDL Elaboration                            *
=========================================================================

Elaborating module <pwm>.
WARNING:HDLCompiler:872 - "D:\fpga_project\pwm_fpga\pwm.v" Line 32: Using initial value of prescaler_temp since it is never assigned
WARNING:HDLCompiler:413 - "D:\fpga_project\pwm_fpga\pwm.v" Line 42: Result of 11-bit expression is truncated to fit in 10-bit target.

=========================================================================
*                           HDL Synthesis                               *
=========================================================================

Synthesizing Unit <pwm>.
    Related source file is "D:\fpga_project\pwm_fpga\pwm.v".
    Found 1-bit register for signal <pwm_out>.
    Found 32-bit register for signal <counter>.
    Found 10-bit register for signal <counter_4_pwm>.
    Found 10-bit adder for signal <counter_4_pwm[9]_GND_1_o_add_4_OUT> created at line 42.
    Found 32-bit adder for signal <counter[31]_GND_1_o_add_6_OUT> created at line 50.
    Found 32-bit comparator equal for signal <prescaler[31]_counter[31]_equal_2_o> created at line 40
    Found 10-bit comparator greater for signal <counter_4_pwm[9]_count_2_reach_2_top[9]_LessThan_4_o> created at line 41
    Summary:
	inferred   2 Adder/Subtractor(s).
	inferred  43 D-type flip-flop(s).
	inferred   2 Comparator(s).
Unit <pwm> synthesized.

=========================================================================
HDL Synthesis Report

Macro Statistics
# Adders/Subtractors                                   : 2
 10-bit adder                                          : 1
 32-bit adder                                          : 1
# Registers                                            : 3
 1-bit register                                        : 1
 10-bit register                                       : 1
 32-bit register                                       : 1
# Comparators                                          : 2
 10-bit comparator greater                             : 1
 32-bit comparator equal                               : 1

=========================================================================

=========================================================================
*                       Advanced HDL Synthesis                          *
=========================================================================


Synthesizing (advanced) Unit <pwm>.
The following registers are absorbed into counter <counter>: 1 register on signal <counter>.
The following registers are absorbed into counter <counter_4_pwm>: 1 register on signal <counter_4_pwm>.
Unit <pwm> synthesized (advanced).

=========================================================================
Advanced HDL Synthesis Report

Macro Statistics
# Counters                                             : 2
 10-bit up counter                                     : 1
 32-bit up counter                                     : 1
# Registers                                            : 1
 Flip-Flops                                            : 1
# Comparators                                          : 2
 10-bit comparator greater                             : 1
 32-bit comparator equal                               : 1

=========================================================================

=========================================================================
*                         Low Level Synthesis                           *
=========================================================================

Optimizing unit <pwm> ...

Mapping all equations...
Building and optimizing final netlist ...
Found area constraint ratio of 100 (+ 5) on block pwm, actual ratio is 1.
FlipFlop counter_8 has been replicated 1 time(s)
FlipFlop counter_9 has been replicated 2 time(s)

Final Macro Processing ...

=========================================================================
Final Register Report

Macro Statistics
# Registers                                            : 46
 Flip-Flops                                            : 46

=========================================================================

=========================================================================
*                           Partition Report                            *
=========================================================================

Partition Implementation Status
-------------------------------

  No Partitions were found in this design.

-------------------------------

=========================================================================
*                            Design Summary                             *
=========================================================================

Top Level Output File Name         : pwm.ngc

Primitive and Black Box Usage:
------------------------------
# BELS                             : 213
#      GND                         : 1
#      INV                         : 2
#      LUT1                        : 40
#      LUT2                        : 2
#      LUT3                        : 1
#      LUT4                        : 13
#      LUT6                        : 54
#      MUXCY                       : 57
#      VCC                         : 1
#      XORCY                       : 42
# FlipFlops/Latches                : 46
#      FD                          : 40
#      FDR                         : 6
# Clock Buffers                    : 1
#      BUFGP                       : 1
# IO Buffers                       : 43
#      IBUF                        : 42
#      OBUF                        : 1

Device utilization summary:
---------------------------

Selected Device : 6slx9tqg144-2 


Slice Logic Utilization: 
 Number of Slice Registers:              46  out of  11440     0%  
 Number of Slice LUTs:                  112  out of   5720     1%  
    Number used as Logic:               112  out of   5720     1%  

Slice Logic Distribution: 
 Number of LUT Flip Flop pairs used:    114
   Number with an unused Flip Flop:      68  out of    114    59%  
   Number with an unused LUT:             2  out of    114     1%  
   Number of fully used LUT-FF pairs:    44  out of    114    38%  
   Number of unique control sets:         2

IO Utilization: 
 Number of IOs:                          44
 Number of bonded IOBs:                  44  out of    102    43%  

Specific Feature Utilization:
 Number of BUFG/BUFGCTRLs:                1  out of     16     6%  

---------------------------
Partition Resource Summary:
---------------------------

  No Partitions were found in this design.

---------------------------


=========================================================================
Timing Report

NOTE: THESE TIMING NUMBERS ARE ONLY A SYNTHESIS ESTIMATE.
      FOR ACCURATE TIMING INFORMATION PLEASE REFER TO THE TRACE REPORT
      GENERATED AFTER PLACE-and-ROUTE.

Clock Information:
------------------
-----------------------------------+------------------------+-------+
Clock Signal                       | Clock buffer(FF name)  | Load  |
-----------------------------------+------------------------+-------+
clock                              | BUFGP                  | 46    |
-----------------------------------+------------------------+-------+

Asynchronous Control Signals Information:
----------------------------------------
No asynchronous control signals found in this design

Timing Summary:
---------------
Speed Grade: -2

   Minimum period: 5.236ns (Maximum Frequency: 190.986MHz)
   Minimum input arrival time before clock: 5.219ns
   Maximum output required time after clock: 4.162ns
   Maximum combinational path delay: No path found

Timing Details:
---------------
All values displayed in nanoseconds (ns)

=========================================================================
Timing constraint: Default period analysis for Clock 'clock'
  Clock period: 5.236ns (frequency: 190.986MHz)
  Total number of paths / destination ports: 3787 / 52
-------------------------------------------------------------------------
Delay:               5.236ns (Levels of Logic = 3)
  Source:            counter_6 (FF)
  Destination:       counter_26 (FF)
  Source Clock:      clock rising
  Destination Clock: clock rising

  Data Path: counter_6 to counter_26
                                Gate     Net
    Cell:in->out      fanout   Delay   Delay  Logical Name (Net Name)
    ----------------------------------------  ------------
     FD:C->Q               4   0.525   1.259  counter_6 (counter_6)
     LUT6:I0->O            2   0.254   1.156  prescaler[31]_counter[31]_AND_1_o6_1 (prescaler[31]_counter[31]_AND_1_o61)
     LUT6:I1->O            1   0.254   0.000  prescaler[31]_counter[31]_AND_1_o7_lut (prescaler[31]_counter[31]_AND_1_o7_lut)
     MUXCY:S->O            6   0.454   0.875  prescaler[31]_counter[31]_AND_1_o7_cy (prescaler[31]_counter[31]_AND_1_o)
     FDR:R                     0.459          counter_26
    ----------------------------------------
    Total                      5.236ns (1.946ns logic, 3.290ns route)
                                       (37.2% logic, 62.8% route)

=========================================================================
Timing constraint: Default OFFSET IN BEFORE for Clock 'clock'
  Total number of paths / destination ports: 1692 / 46
-------------------------------------------------------------------------
Offset:              5.219ns (Levels of Logic = 14)
  Source:            prescaler<2> (PAD)
  Destination:       counter_4_pwm_0 (FF)
  Destination Clock: clock rising

  Data Path: prescaler<2> to counter_4_pwm_0
                                Gate     Net
    Cell:in->out      fanout   Delay   Delay  Logical Name (Net Name)
    ----------------------------------------  ------------
     IBUF:I->O             1   1.328   1.137  prescaler_2_IBUF (prescaler_2_IBUF)
     LUT6:I0->O            1   0.254   0.000  Mcompar_prescaler[31]_counter[31]_equal_2_o_lut<0> (Mcompar_prescaler[31]_counter[31]_equal_2_o_lut<0>)
     MUXCY:S->O            1   0.215   0.000  Mcompar_prescaler[31]_counter[31]_equal_2_o_cy<0> (Mcompar_prescaler[31]_counter[31]_equal_2_o_cy<0>)
     MUXCY:CI->O           1   0.023   0.000  Mcompar_prescaler[31]_counter[31]_equal_2_o_cy<1> (Mcompar_prescaler[31]_counter[31]_equal_2_o_cy<1>)
     MUXCY:CI->O           1   0.023   0.000  Mcompar_prescaler[31]_counter[31]_equal_2_o_cy<2> (Mcompar_prescaler[31]_counter[31]_equal_2_o_cy<2>)
     MUXCY:CI->O           1   0.023   0.000  Mcompar_prescaler[31]_counter[31]_equal_2_o_cy<3> (Mcompar_prescaler[31]_counter[31]_equal_2_o_cy<3>)
     MUXCY:CI->O           1   0.023   0.000  Mcompar_prescaler[31]_counter[31]_equal_2_o_cy<4> (Mcompar_prescaler[31]_counter[31]_equal_2_o_cy<4>)
     MUXCY:CI->O           1   0.023   0.000  Mcompar_prescaler[31]_counter[31]_equal_2_o_cy<5> (Mcompar_prescaler[31]_counter[31]_equal_2_o_cy<5>)
     MUXCY:CI->O           1   0.023   0.000  Mcompar_prescaler[31]_counter[31]_equal_2_o_cy<6> (Mcompar_prescaler[31]_counter[31]_equal_2_o_cy<6>)
     MUXCY:CI->O           1   0.023   0.000  Mcompar_prescaler[31]_counter[31]_equal_2_o_cy<7> (Mcompar_prescaler[31]_counter[31]_equal_2_o_cy<7>)
     MUXCY:CI->O           1   0.023   0.000  Mcompar_prescaler[31]_counter[31]_equal_2_o_cy<8> (Mcompar_prescaler[31]_counter[31]_equal_2_o_cy<8>)
     MUXCY:CI->O           1   0.023   0.000  Mcompar_prescaler[31]_counter[31]_equal_2_o_cy<9> (Mcompar_prescaler[31]_counter[31]_equal_2_o_cy<9>)
     MUXCY:CI->O          38   0.023   1.728  Mcompar_prescaler[31]_counter[31]_equal_2_o_cy<10> (prescaler[31]_counter[31]_equal_2_o)
     LUT6:I4->O            1   0.250   0.000  counter_4_pwm_0_rstpot (counter_4_pwm_0_rstpot)
     FD:D                      0.074          counter_4_pwm_0
    ----------------------------------------
    Total                      5.219ns (2.354ns logic, 2.865ns route)
                                       (45.1% logic, 54.9% route)

=========================================================================
Timing constraint: Default OFFSET OUT AFTER for Clock 'clock'
  Total number of paths / destination ports: 1 / 1
-------------------------------------------------------------------------
Offset:              4.162ns (Levels of Logic = 1)
  Source:            pwm_out (FF)
  Destination:       pwm_out (PAD)
  Source Clock:      clock rising

  Data Path: pwm_out to pwm_out
                                Gate     Net
    Cell:in->out      fanout   Delay   Delay  Logical Name (Net Name)
    ----------------------------------------  ------------
     FD:C->Q               2   0.525   0.725  pwm_out (pwm_out_OBUF)
     OBUF:I->O                 2.912          pwm_out_OBUF (pwm_out)
    ----------------------------------------
    Total                      4.162ns (3.437ns logic, 0.725ns route)
                                       (82.6% logic, 17.4% route)

=========================================================================

Cross Clock Domains Report:
--------------------------

Clock to Setup on destination clock clock
---------------+---------+---------+---------+---------+
               | Src:Rise| Src:Fall| Src:Rise| Src:Fall|
Source Clock   |Dest:Rise|Dest:Rise|Dest:Fall|Dest:Fall|
---------------+---------+---------+---------+---------+
clock          |    5.236|         |         |         |
---------------+---------+---------+---------+---------+

=========================================================================


Total REAL time to Xst completion: 9.00 secs
Total CPU time to Xst completion: 8.09 secs
 
--> 

Total memory usage is 299296 kilobytes

Number of errors   :    0 (   0 filtered)
Number of warnings :    2 (   0 filtered)
Number of infos    :    0 (   0 filtered)

